<?xml version="1.0" encoding="UTF-8"?>
<testsuite name="net.openhft.hashing.XxHashArrayCollisionTest" tests="1" skipped="0" failures="0" errors="0" timestamp="2017-09-12T05:30:46" hostname="PEPPER" time="0.003">
  <properties/>
  <testcase name="xxHashArrayCollisionTest" classname="net.openhft.hashing.XxHashArrayCollisionTest" time="0.003"/>
  <system-out><![CDATA[]]></system-out>
  <system-err><![CDATA[]]></system-err>
</testsuite>
