<?xml version="1.0" encoding="UTF-8"?>
<testsuite name="net.openhft.hashing.FarmHashTest" tests="2" skipped="0" failures="0" errors="0" timestamp="2017-09-12T05:30:43" hostname="PEPPER" time="0.263">
  <properties/>
  <testcase name="testNa" classname="net.openhft.hashing.FarmHashTest" time="0.154"/>
  <testcase name="testUo" classname="net.openhft.hashing.FarmHashTest" time="0.109"/>
  <system-out><![CDATA[]]></system-out>
  <system-err><![CDATA[]]></system-err>
</testsuite>
