<?xml version="1.0" encoding="UTF-8"?>
<testsuite name="net.openhft.hashing.XxHashTest" tests="2050" skipped="0" failures="0" errors="0" timestamp="2017-09-12T05:30:46" hostname="PEPPER" time="0.691">
  <properties/>
  <testcase name="testCityWithoutSeeds[0]" classname="net.openhft.hashing.XxHashTest" time="0.001"/>
  <testcase name="testCityWithOneSeed[0]" classname="net.openhft.hashing.XxHashTest" time="0.002"/>
  <testcase name="testCityWithoutSeeds[1]" classname="net.openhft.hashing.XxHashTest" time="0.0"/>
  <testcase name="testCityWithOneSeed[1]" classname="net.openhft.hashing.XxHashTest" time="0.001"/>
  <testcase name="testCityWithoutSeeds[2]" classname="net.openhft.hashing.XxHashTest" time="0.0"/>
  <testcase name="testCityWithOneSeed[2]" classname="net.openhft.hashing.XxHashTest" time="0.001"/>
  <testcase name="testCityWithoutSeeds[3]" classname="net.openhft.hashing.XxHashTest" time="0.0"/>
  <testcase name="testCityWithOneSeed[3]" classname="net.openhft.hashing.XxHashTest" time="0.0"/>
  <testcase name="testCityWithoutSeeds[4]" classname="net.openhft.hashing.XxHashTest" time="0.0"/>
  <testcase name="testCityWithOneSeed[4]" classname="net.openhft.hashing.XxHashTest" time="0.001"/>
  <testcase name="testCityWithoutSeeds[5]" classname="net.openhft.hashing.XxHashTest" time="0.0"/>
  <testcase name="testCityWithOneSeed[5]" classname="net.openhft.hashing.XxHashTest" time="0.0"/>
  <testcase name="testCityWithoutSeeds[6]" classname="net.openhft.hashing.XxHashTest" time="0.0"/>
  <testcase name="testCityWithOneSeed[6]" classname="net.openhft.hashing.XxHashTest" time="0.0"/>
  <testcase name="testCityWithoutSeeds[7]" classname="net.openhft.hashing.XxHashTest" time="0.0"/>
  <testcase name="testCityWithOneSeed[7]" classname="net.openhft.hashing.XxHashTest" time="0.0"/>
  <testcase name="testCityWithoutSeeds[8]" classname="net.openhft.hashing.XxHashTest" time="0.0"/>
  <testcase name="testCityWithOneSeed[8]" classname="net.openhft.hashing.XxHashTest" time="0.0"/>
  <testcase name="testCityWithoutSeeds[9]" classname="net.openhft.hashing.XxHashTest" time="0.0"/>
  <testcase name="testCityWithOneSeed[9]" classname="net.openhft.hashing.XxHashTest" time="0.0"/>
  <testcase name="testCityWithoutSeeds[10]" classname="net.openhft.hashing.XxHashTest" time="0.0"/>
  <testcase name="testCityWithOneSeed[10]" classname="net.openhft.hashing.XxHashTest" time="0.001"/>
  <testcase name="testCityWithoutSeeds[11]" classname="net.openhft.hashing.XxHashTest" time="0.0"/>
  <testcase name="testCityWithOneSeed[11]" classname="net.openhft.hashing.XxHashTest" time="0.0"/>
  <testcase name="testCityWithoutSeeds[12]" classname="net.openhft.hashing.XxHashTest" time="0.0"/>
  <testcase name="testCityWithOneSeed[12]" classname="net.openhft.hashing.XxHashTest" time="0.0"/>
  <testcase name="testCityWithoutSeeds[13]" classname="net.openhft.hashing.XxHashTest" time="0.001"/>
  <testcase name="testCityWithOneSeed[13]" classname="net.openhft.hashing.XxHashTest" time="0.0"/>
  <testcase name="testCityWithoutSeeds[14]" classname="net.openhft.hashing.XxHashTest" time="0.0"/>
  <testcase name="testCityWithOneSeed[14]" classname="net.openhft.hashing.XxHashTest" time="0.0"/>
  <testcase name="testCityWithoutSeeds[15]" classname="net.openhft.hashing.XxHashTest" time="0.001"/>
  <testcase name="testCityWithOneSeed[15]" classname="net.openhft.hashing.XxHashTest" time="0.0"/>
  <testcase name="testCityWithoutSeeds[16]" classname="net.openhft.hashing.XxHashTest" time="0.0"/>
  <testcase name="testCityWithOneSeed[16]" classname="net.openhft.hashing.XxHashTest" time="0.0"/>
  <testcase name="testCityWithoutSeeds[17]" classname="net.openhft.hashing.XxHashTest" time="0.0"/>
  <testcase name="testCityWithOneSeed[17]" classname="net.openhft.hashing.XxHashTest" time="0.0"/>
  <testcase name="testCityWithoutSeeds[18]" classname="net.openhft.hashing.XxHashTest" time="0.0"/>
  <testcase name="testCityWithOneSeed[18]" classname="net.openhft.hashing.XxHashTest" time="0.0"/>
  <testcase name="testCityWithoutSeeds[19]" classname="net.openhft.hashing.XxHashTest" time="0.0"/>
  <testcase name="testCityWithOneSeed[19]" classname="net.openhft.hashing.XxHashTest" time="0.0"/>
  <testcase name="testCityWithoutSeeds[20]" classname="net.openhft.hashing.XxHashTest" time="0.0"/>
  <testcase name="testCityWithOneSeed[20]" classname="net.openhft.hashing.XxHashTest" time="0.0"/>
  <testcase name="testCityWithoutSeeds[21]" classname="net.openhft.hashing.XxHashTest" time="0.0"/>
  <testcase name="testCityWithOneSeed[21]" classname="net.openhft.hashing.XxHashTest" time="0.0"/>
  <testcase name="testCityWithoutSeeds[22]" classname="net.openhft.hashing.XxHashTest" time="0.0"/>
  <testcase name="testCityWithOneSeed[22]" classname="net.openhft.hashing.XxHashTest" time="0.0"/>
  <testcase name="testCityWithoutSeeds[23]" classname="net.openhft.hashing.XxHashTest" time="0.0"/>
  <testcase name="testCityWithOneSeed[23]" classname="net.openhft.hashing.XxHashTest" time="0.0"/>
  <testcase name="testCityWithoutSeeds[24]" classname="net.openhft.hashing.XxHashTest" time="0.0"/>
  <testcase name="testCityWithOneSeed[24]" classname="net.openhft.hashing.XxHashTest" time="0.0"/>
  <testcase name="testCityWithoutSeeds[25]" classname="net.openhft.hashing.XxHashTest" time="0.0"/>
  <testcase name="testCityWithOneSeed[25]" classname="net.openhft.hashing.XxHashTest" time="0.0"/>
  <testcase name="testCityWithoutSeeds[26]" classname="net.openhft.hashing.XxHashTest" time="0.0"/>
  <testcase name="testCityWithOneSeed[26]" classname="net.openhft.hashing.XxHashTest" time="0.0"/>
  <testcase name="testCityWithoutSeeds[27]" classname="net.openhft.hashing.XxHashTest" time="0.0"/>
  <testcase name="testCityWithOneSeed[27]" classname="net.openhft.hashing.XxHashTest" time="0.0"/>
  <testcase name="testCityWithoutSeeds[28]" classname="net.openhft.hashing.XxHashTest" time="0.0"/>
  <testcase name="testCityWithOneSeed[28]" classname="net.openhft.hashing.XxHashTest" time="0.0"/>
  <testcase name="testCityWithoutSeeds[29]" classname="net.openhft.hashing.XxHashTest" time="0.0"/>
  <testcase name="testCityWithOneSeed[29]" classname="net.openhft.hashing.XxHashTest" time="0.0"/>
  <testcase name="testCityWithoutSeeds[30]" classname="net.openhft.hashing.XxHashTest" time="0.0"/>
  <testcase name="testCityWithOneSeed[30]" classname="net.openhft.hashing.XxHashTest" time="0.0"/>
  <testcase name="testCityWithoutSeeds[31]" classname="net.openhft.hashing.XxHashTest" time="0.0"/>
  <testcase name="testCityWithOneSeed[31]" classname="net.openhft.hashing.XxHashTest" time="0.0"/>
  <testcase name="testCityWithoutSeeds[32]" classname="net.openhft.hashing.XxHashTest" time="0.0"/>
  <testcase name="testCityWithOneSeed[32]" classname="net.openhft.hashing.XxHashTest" time="0.0"/>
  <testcase name="testCityWithoutSeeds[33]" classname="net.openhft.hashing.XxHashTest" time="0.0"/>
  <testcase name="testCityWithOneSeed[33]" classname="net.openhft.hashing.XxHashTest" time="0.0"/>
  <testcase name="testCityWithoutSeeds[34]" classname="net.openhft.hashing.XxHashTest" time="0.0"/>
  <testcase name="testCityWithOneSeed[34]" classname="net.openhft.hashing.XxHashTest" time="0.0"/>
  <testcase name="testCityWithoutSeeds[35]" classname="net.openhft.hashing.XxHashTest" time="0.0"/>
  <testcase name="testCityWithOneSeed[35]" classname="net.openhft.hashing.XxHashTest" time="0.001"/>
  <testcase name="testCityWithoutSeeds[36]" classname="net.openhft.hashing.XxHashTest" time="0.0"/>
  <testcase name="testCityWithOneSeed[36]" classname="net.openhft.hashing.XxHashTest" time="0.0"/>
  <testcase name="testCityWithoutSeeds[37]" classname="net.openhft.hashing.XxHashTest" time="0.0"/>
  <testcase name="testCityWithOneSeed[37]" classname="net.openhft.hashing.XxHashTest" time="0.0"/>
  <testcase name="testCityWithoutSeeds[38]" classname="net.openhft.hashing.XxHashTest" time="0.0"/>
  <testcase name="testCityWithOneSeed[38]" classname="net.openhft.hashing.XxHashTest" time="0.0"/>
  <testcase name="testCityWithoutSeeds[39]" classname="net.openhft.hashing.XxHashTest" time="0.0"/>
  <testcase name="testCityWithOneSeed[39]" classname="net.openhft.hashing.XxHashTest" time="0.0"/>
  <testcase name="testCityWithoutSeeds[40]" classname="net.openhft.hashing.XxHashTest" time="0.0"/>
  <testcase name="testCityWithOneSeed[40]" classname="net.openhft.hashing.XxHashTest" time="0.0"/>
  <testcase name="testCityWithoutSeeds[41]" classname="net.openhft.hashing.XxHashTest" time="0.0"/>
  <testcase name="testCityWithOneSeed[41]" classname="net.openhft.hashing.XxHashTest" time="0.0"/>
  <testcase name="testCityWithoutSeeds[42]" classname="net.openhft.hashing.XxHashTest" time="0.0"/>
  <testcase name="testCityWithOneSeed[42]" classname="net.openhft.hashing.XxHashTest" time="0.0"/>
  <testcase name="testCityWithoutSeeds[43]" classname="net.openhft.hashing.XxHashTest" time="0.0"/>
  <testcase name="testCityWithOneSeed[43]" classname="net.openhft.hashing.XxHashTest" time="0.001"/>
  <testcase name="testCityWithoutSeeds[44]" classname="net.openhft.hashing.XxHashTest" time="0.0"/>
  <testcase name="testCityWithOneSeed[44]" classname="net.openhft.hashing.XxHashTest" time="0.0"/>
  <testcase name="testCityWithoutSeeds[45]" classname="net.openhft.hashing.XxHashTest" time="0.0"/>
  <testcase name="testCityWithOneSeed[45]" classname="net.openhft.hashing.XxHashTest" time="0.0"/>
  <testcase name="testCityWithoutSeeds[46]" classname="net.openhft.hashing.XxHashTest" time="0.001"/>
  <testcase name="testCityWithOneSeed[46]" classname="net.openhft.hashing.XxHashTest" time="0.0"/>
  <testcase name="testCityWithoutSeeds[47]" classname="net.openhft.hashing.XxHashTest" time="0.0"/>
  <testcase name="testCityWithOneSeed[47]" classname="net.openhft.hashing.XxHashTest" time="0.0"/>
  <testcase name="testCityWithoutSeeds[48]" classname="net.openhft.hashing.XxHashTest" time="0.0"/>
  <testcase name="testCityWithOneSeed[48]" classname="net.openhft.hashing.XxHashTest" time="0.001"/>
  <testcase name="testCityWithoutSeeds[49]" classname="net.openhft.hashing.XxHashTest" time="0.0"/>
  <testcase name="testCityWithOneSeed[49]" classname="net.openhft.hashing.XxHashTest" time="0.0"/>
  <testcase name="testCityWithoutSeeds[50]" classname="net.openhft.hashing.XxHashTest" time="0.001"/>
  <testcase name="testCityWithOneSeed[50]" classname="net.openhft.hashing.XxHashTest" time="0.0"/>
  <testcase name="testCityWithoutSeeds[51]" classname="net.openhft.hashing.XxHashTest" time="0.0"/>
  <testcase name="testCityWithOneSeed[51]" classname="net.openhft.hashing.XxHashTest" time="0.0"/>
  <testcase name="testCityWithoutSeeds[52]" classname="net.openhft.hashing.XxHashTest" time="0.0"/>
  <testcase name="testCityWithOneSeed[52]" classname="net.openhft.hashing.XxHashTest" time="0.0"/>
  <testcase name="testCityWithoutSeeds[53]" classname="net.openhft.hashing.XxHashTest" time="0.0"/>
  <testcase name="testCityWithOneSeed[53]" classname="net.openhft.hashing.XxHashTest" time="0.001"/>
  <testcase name="testCityWithoutSeeds[54]" classname="net.openhft.hashing.XxHashTest" time="0.0"/>
  <testcase name="testCityWithOneSeed[54]" classname="net.openhft.hashing.XxHashTest" time="0.0"/>
  <testcase name="testCityWithoutSeeds[55]" classname="net.openhft.hashing.XxHashTest" time="0.0"/>
  <testcase name="testCityWithOneSeed[55]" classname="net.openhft.hashing.XxHashTest" time="0.0"/>
  <testcase name="testCityWithoutSeeds[56]" classname="net.openhft.hashing.XxHashTest" time="0.0"/>
  <testcase name="testCityWithOneSeed[56]" classname="net.openhft.hashing.XxHashTest" time="0.0"/>
  <testcase name="testCityWithoutSeeds[57]" classname="net.openhft.hashing.XxHashTest" time="0.0"/>
  <testcase name="testCityWithOneSeed[57]" classname="net.openhft.hashing.XxHashTest" time="0.0"/>
  <testcase name="testCityWithoutSeeds[58]" classname="net.openhft.hashing.XxHashTest" time="0.0"/>
  <testcase name="testCityWithOneSeed[58]" classname="net.openhft.hashing.XxHashTest" time="0.0"/>
  <testcase name="testCityWithoutSeeds[59]" classname="net.openhft.hashing.XxHashTest" time="0.0"/>
  <testcase name="testCityWithOneSeed[59]" classname="net.openhft.hashing.XxHashTest" time="0.001"/>
  <testcase name="testCityWithoutSeeds[60]" classname="net.openhft.hashing.XxHashTest" time="0.0"/>
  <testcase name="testCityWithOneSeed[60]" classname="net.openhft.hashing.XxHashTest" time="0.0"/>
  <testcase name="testCityWithoutSeeds[61]" classname="net.openhft.hashing.XxHashTest" time="0.0"/>
  <testcase name="testCityWithOneSeed[61]" classname="net.openhft.hashing.XxHashTest" time="0.0"/>
  <testcase name="testCityWithoutSeeds[62]" classname="net.openhft.hashing.XxHashTest" time="0.0"/>
  <testcase name="testCityWithOneSeed[62]" classname="net.openhft.hashing.XxHashTest" time="0.0"/>
  <testcase name="testCityWithoutSeeds[63]" classname="net.openhft.hashing.XxHashTest" time="0.0"/>
  <testcase name="testCityWithOneSeed[63]" classname="net.openhft.hashing.XxHashTest" time="0.0"/>
  <testcase name="testCityWithoutSeeds[64]" classname="net.openhft.hashing.XxHashTest" time="0.0"/>
  <testcase name="testCityWithOneSeed[64]" classname="net.openhft.hashing.XxHashTest" time="0.0"/>
  <testcase name="testCityWithoutSeeds[65]" classname="net.openhft.hashing.XxHashTest" time="0.0"/>
  <testcase name="testCityWithOneSeed[65]" classname="net.openhft.hashing.XxHashTest" time="0.0"/>
  <testcase name="testCityWithoutSeeds[66]" classname="net.openhft.hashing.XxHashTest" time="0.0"/>
  <testcase name="testCityWithOneSeed[66]" classname="net.openhft.hashing.XxHashTest" time="0.0"/>
  <testcase name="testCityWithoutSeeds[67]" classname="net.openhft.hashing.XxHashTest" time="0.0"/>
  <testcase name="testCityWithOneSeed[67]" classname="net.openhft.hashing.XxHashTest" time="0.0"/>
  <testcase name="testCityWithoutSeeds[68]" classname="net.openhft.hashing.XxHashTest" time="0.0"/>
  <testcase name="testCityWithOneSeed[68]" classname="net.openhft.hashing.XxHashTest" time="0.0"/>
  <testcase name="testCityWithoutSeeds[69]" classname="net.openhft.hashing.XxHashTest" time="0.0"/>
  <testcase name="testCityWithOneSeed[69]" classname="net.openhft.hashing.XxHashTest" time="0.0"/>
  <testcase name="testCityWithoutSeeds[70]" classname="net.openhft.hashing.XxHashTest" time="0.0"/>
  <testcase name="testCityWithOneSeed[70]" classname="net.openhft.hashing.XxHashTest" time="0.0"/>
  <testcase name="testCityWithoutSeeds[71]" classname="net.openhft.hashing.XxHashTest" time="0.0"/>
  <testcase name="testCityWithOneSeed[71]" classname="net.openhft.hashing.XxHashTest" time="0.0"/>
  <testcase name="testCityWithoutSeeds[72]" classname="net.openhft.hashing.XxHashTest" time="0.0"/>
  <testcase name="testCityWithOneSeed[72]" classname="net.openhft.hashing.XxHashTest" time="0.0"/>
  <testcase name="testCityWithoutSeeds[73]" classname="net.openhft.hashing.XxHashTest" time="0.0"/>
  <testcase name="testCityWithOneSeed[73]" classname="net.openhft.hashing.XxHashTest" time="0.0"/>
  <testcase name="testCityWithoutSeeds[74]" classname="net.openhft.hashing.XxHashTest" time="0.0"/>
  <testcase name="testCityWithOneSeed[74]" classname="net.openhft.hashing.XxHashTest" time="0.0"/>
  <testcase name="testCityWithoutSeeds[75]" classname="net.openhft.hashing.XxHashTest" time="0.0"/>
  <testcase name="testCityWithOneSeed[75]" classname="net.openhft.hashing.XxHashTest" time="0.0"/>
  <testcase name="testCityWithoutSeeds[76]" classname="net.openhft.hashing.XxHashTest" time="0.0"/>
  <testcase name="testCityWithOneSeed[76]" classname="net.openhft.hashing.XxHashTest" time="0.0"/>
  <testcase name="testCityWithoutSeeds[77]" classname="net.openhft.hashing.XxHashTest" time="0.001"/>
  <testcase name="testCityWithOneSeed[77]" classname="net.openhft.hashing.XxHashTest" time="0.0"/>
  <testcase name="testCityWithoutSeeds[78]" classname="net.openhft.hashing.XxHashTest" time="0.0"/>
  <testcase name="testCityWithOneSeed[78]" classname="net.openhft.hashing.XxHashTest" time="0.0"/>
  <testcase name="testCityWithoutSeeds[79]" classname="net.openhft.hashing.XxHashTest" time="0.0"/>
  <testcase name="testCityWithOneSeed[79]" classname="net.openhft.hashing.XxHashTest" time="0.0"/>
  <testcase name="testCityWithoutSeeds[80]" classname="net.openhft.hashing.XxHashTest" time="0.0"/>
  <testcase name="testCityWithOneSeed[80]" classname="net.openhft.hashing.XxHashTest" time="0.0"/>
  <testcase name="testCityWithoutSeeds[81]" classname="net.openhft.hashing.XxHashTest" time="0.0"/>
  <testcase name="testCityWithOneSeed[81]" classname="net.openhft.hashing.XxHashTest" time="0.0"/>
  <testcase name="testCityWithoutSeeds[82]" classname="net.openhft.hashing.XxHashTest" time="0.0"/>
  <testcase name="testCityWithOneSeed[82]" classname="net.openhft.hashing.XxHashTest" time="0.0"/>
  <testcase name="testCityWithoutSeeds[83]" classname="net.openhft.hashing.XxHashTest" time="0.0"/>
  <testcase name="testCityWithOneSeed[83]" classname="net.openhft.hashing.XxHashTest" time="0.0"/>
  <testcase name="testCityWithoutSeeds[84]" classname="net.openhft.hashing.XxHashTest" time="0.0"/>
  <testcase name="testCityWithOneSeed[84]" classname="net.openhft.hashing.XxHashTest" time="0.0"/>
  <testcase name="testCityWithoutSeeds[85]" classname="net.openhft.hashing.XxHashTest" time="0.0"/>
  <testcase name="testCityWithOneSeed[85]" classname="net.openhft.hashing.XxHashTest" time="0.0"/>
  <testcase name="testCityWithoutSeeds[86]" classname="net.openhft.hashing.XxHashTest" time="0.001"/>
  <testcase name="testCityWithOneSeed[86]" classname="net.openhft.hashing.XxHashTest" time="0.0"/>
  <testcase name="testCityWithoutSeeds[87]" classname="net.openhft.hashing.XxHashTest" time="0.0"/>
  <testcase name="testCityWithOneSeed[87]" classname="net.openhft.hashing.XxHashTest" time="0.0"/>
  <testcase name="testCityWithoutSeeds[88]" classname="net.openhft.hashing.XxHashTest" time="0.0"/>
  <testcase name="testCityWithOneSeed[88]" classname="net.openhft.hashing.XxHashTest" time="0.0"/>
  <testcase name="testCityWithoutSeeds[89]" classname="net.openhft.hashing.XxHashTest" time="0.0"/>
  <testcase name="testCityWithOneSeed[89]" classname="net.openhft.hashing.XxHashTest" time="0.0"/>
  <testcase name="testCityWithoutSeeds[90]" classname="net.openhft.hashing.XxHashTest" time="0.0"/>
  <testcase name="testCityWithOneSeed[90]" classname="net.openhft.hashing.XxHashTest" time="0.0"/>
  <testcase name="testCityWithoutSeeds[91]" classname="net.openhft.hashing.XxHashTest" time="0.0"/>
  <testcase name="testCityWithOneSeed[91]" classname="net.openhft.hashing.XxHashTest" time="0.0"/>
  <testcase name="testCityWithoutSeeds[92]" classname="net.openhft.hashing.XxHashTest" time="0.0"/>
  <testcase name="testCityWithOneSeed[92]" classname="net.openhft.hashing.XxHashTest" time="0.0"/>
  <testcase name="testCityWithoutSeeds[93]" classname="net.openhft.hashing.XxHashTest" time="0.0"/>
  <testcase name="testCityWithOneSeed[93]" classname="net.openhft.hashing.XxHashTest" time="0.0"/>
  <testcase name="testCityWithoutSeeds[94]" classname="net.openhft.hashing.XxHashTest" time="0.001"/>
  <testcase name="testCityWithOneSeed[94]" classname="net.openhft.hashing.XxHashTest" time="0.0"/>
  <testcase name="testCityWithoutSeeds[95]" classname="net.openhft.hashing.XxHashTest" time="0.0"/>
  <testcase name="testCityWithOneSeed[95]" classname="net.openhft.hashing.XxHashTest" time="0.0"/>
  <testcase name="testCityWithoutSeeds[96]" classname="net.openhft.hashing.XxHashTest" time="0.0"/>
  <testcase name="testCityWithOneSeed[96]" classname="net.openhft.hashing.XxHashTest" time="0.0"/>
  <testcase name="testCityWithoutSeeds[97]" classname="net.openhft.hashing.XxHashTest" time="0.0"/>
  <testcase name="testCityWithOneSeed[97]" classname="net.openhft.hashing.XxHashTest" time="0.0"/>
  <testcase name="testCityWithoutSeeds[98]" classname="net.openhft.hashing.XxHashTest" time="0.0"/>
  <testcase name="testCityWithOneSeed[98]" classname="net.openhft.hashing.XxHashTest" time="0.001"/>
  <testcase name="testCityWithoutSeeds[99]" classname="net.openhft.hashing.XxHashTest" time="0.0"/>
  <testcase name="testCityWithOneSeed[99]" classname="net.openhft.hashing.XxHashTest" time="0.0"/>
  <testcase name="testCityWithoutSeeds[100]" classname="net.openhft.hashing.XxHashTest" time="0.0"/>
  <testcase name="testCityWithOneSeed[100]" classname="net.openhft.hashing.XxHashTest" time="0.0"/>
  <testcase name="testCityWithoutSeeds[101]" classname="net.openhft.hashing.XxHashTest" time="0.001"/>
  <testcase name="testCityWithOneSeed[101]" classname="net.openhft.hashing.XxHashTest" time="0.001"/>
  <testcase name="testCityWithoutSeeds[102]" classname="net.openhft.hashing.XxHashTest" time="0.0"/>
  <testcase name="testCityWithOneSeed[102]" classname="net.openhft.hashing.XxHashTest" time="0.0"/>
  <testcase name="testCityWithoutSeeds[103]" classname="net.openhft.hashing.XxHashTest" time="0.0"/>
  <testcase name="testCityWithOneSeed[103]" classname="net.openhft.hashing.XxHashTest" time="0.0"/>
  <testcase name="testCityWithoutSeeds[104]" classname="net.openhft.hashing.XxHashTest" time="0.0"/>
  <testcase name="testCityWithOneSeed[104]" classname="net.openhft.hashing.XxHashTest" time="0.0"/>
  <testcase name="testCityWithoutSeeds[105]" classname="net.openhft.hashing.XxHashTest" time="0.0"/>
  <testcase name="testCityWithOneSeed[105]" classname="net.openhft.hashing.XxHashTest" time="0.0"/>
  <testcase name="testCityWithoutSeeds[106]" classname="net.openhft.hashing.XxHashTest" time="0.0"/>
  <testcase name="testCityWithOneSeed[106]" classname="net.openhft.hashing.XxHashTest" time="0.0"/>
  <testcase name="testCityWithoutSeeds[107]" classname="net.openhft.hashing.XxHashTest" time="0.0"/>
  <testcase name="testCityWithOneSeed[107]" classname="net.openhft.hashing.XxHashTest" time="0.0"/>
  <testcase name="testCityWithoutSeeds[108]" classname="net.openhft.hashing.XxHashTest" time="0.0"/>
  <testcase name="testCityWithOneSeed[108]" classname="net.openhft.hashing.XxHashTest" time="0.0"/>
  <testcase name="testCityWithoutSeeds[109]" classname="net.openhft.hashing.XxHashTest" time="0.0"/>
  <testcase name="testCityWithOneSeed[109]" classname="net.openhft.hashing.XxHashTest" time="0.0"/>
  <testcase name="testCityWithoutSeeds[110]" classname="net.openhft.hashing.XxHashTest" time="0.0"/>
  <testcase name="testCityWithOneSeed[110]" classname="net.openhft.hashing.XxHashTest" time="0.0"/>
  <testcase name="testCityWithoutSeeds[111]" classname="net.openhft.hashing.XxHashTest" time="0.0"/>
  <testcase name="testCityWithOneSeed[111]" classname="net.openhft.hashing.XxHashTest" time="0.0"/>
  <testcase name="testCityWithoutSeeds[112]" classname="net.openhft.hashing.XxHashTest" time="0.001"/>
  <testcase name="testCityWithOneSeed[112]" classname="net.openhft.hashing.XxHashTest" time="0.0"/>
  <testcase name="testCityWithoutSeeds[113]" classname="net.openhft.hashing.XxHashTest" time="0.0"/>
  <testcase name="testCityWithOneSeed[113]" classname="net.openhft.hashing.XxHashTest" time="0.0"/>
  <testcase name="testCityWithoutSeeds[114]" classname="net.openhft.hashing.XxHashTest" time="0.0"/>
  <testcase name="testCityWithOneSeed[114]" classname="net.openhft.hashing.XxHashTest" time="0.023"/>
  <testcase name="testCityWithoutSeeds[115]" classname="net.openhft.hashing.XxHashTest" time="0.0"/>
  <testcase name="testCityWithOneSeed[115]" classname="net.openhft.hashing.XxHashTest" time="0.0"/>
  <testcase name="testCityWithoutSeeds[116]" classname="net.openhft.hashing.XxHashTest" time="0.003"/>
  <testcase name="testCityWithOneSeed[116]" classname="net.openhft.hashing.XxHashTest" time="0.0"/>
  <testcase name="testCityWithoutSeeds[117]" classname="net.openhft.hashing.XxHashTest" time="0.0"/>
  <testcase name="testCityWithOneSeed[117]" classname="net.openhft.hashing.XxHashTest" time="0.0"/>
  <testcase name="testCityWithoutSeeds[118]" classname="net.openhft.hashing.XxHashTest" time="0.0"/>
  <testcase name="testCityWithOneSeed[118]" classname="net.openhft.hashing.XxHashTest" time="0.0"/>
  <testcase name="testCityWithoutSeeds[119]" classname="net.openhft.hashing.XxHashTest" time="0.0"/>
  <testcase name="testCityWithOneSeed[119]" classname="net.openhft.hashing.XxHashTest" time="0.0"/>
  <testcase name="testCityWithoutSeeds[120]" classname="net.openhft.hashing.XxHashTest" time="0.0"/>
  <testcase name="testCityWithOneSeed[120]" classname="net.openhft.hashing.XxHashTest" time="0.001"/>
  <testcase name="testCityWithoutSeeds[121]" classname="net.openhft.hashing.XxHashTest" time="0.0"/>
  <testcase name="testCityWithOneSeed[121]" classname="net.openhft.hashing.XxHashTest" time="0.0"/>
  <testcase name="testCityWithoutSeeds[122]" classname="net.openhft.hashing.XxHashTest" time="0.0"/>
  <testcase name="testCityWithOneSeed[122]" classname="net.openhft.hashing.XxHashTest" time="0.001"/>
  <testcase name="testCityWithoutSeeds[123]" classname="net.openhft.hashing.XxHashTest" time="0.0"/>
  <testcase name="testCityWithOneSeed[123]" classname="net.openhft.hashing.XxHashTest" time="0.0"/>
  <testcase name="testCityWithoutSeeds[124]" classname="net.openhft.hashing.XxHashTest" time="0.0"/>
  <testcase name="testCityWithOneSeed[124]" classname="net.openhft.hashing.XxHashTest" time="0.001"/>
  <testcase name="testCityWithoutSeeds[125]" classname="net.openhft.hashing.XxHashTest" time="0.0"/>
  <testcase name="testCityWithOneSeed[125]" classname="net.openhft.hashing.XxHashTest" time="0.0"/>
  <testcase name="testCityWithoutSeeds[126]" classname="net.openhft.hashing.XxHashTest" time="0.0"/>
  <testcase name="testCityWithOneSeed[126]" classname="net.openhft.hashing.XxHashTest" time="0.0"/>
  <testcase name="testCityWithoutSeeds[127]" classname="net.openhft.hashing.XxHashTest" time="0.001"/>
  <testcase name="testCityWithOneSeed[127]" classname="net.openhft.hashing.XxHashTest" time="0.0"/>
  <testcase name="testCityWithoutSeeds[128]" classname="net.openhft.hashing.XxHashTest" time="0.0"/>
  <testcase name="testCityWithOneSeed[128]" classname="net.openhft.hashing.XxHashTest" time="0.001"/>
  <testcase name="testCityWithoutSeeds[129]" classname="net.openhft.hashing.XxHashTest" time="0.0"/>
  <testcase name="testCityWithOneSeed[129]" classname="net.openhft.hashing.XxHashTest" time="0.0"/>
  <testcase name="testCityWithoutSeeds[130]" classname="net.openhft.hashing.XxHashTest" time="0.0"/>
  <testcase name="testCityWithOneSeed[130]" classname="net.openhft.hashing.XxHashTest" time="0.0"/>
  <testcase name="testCityWithoutSeeds[131]" classname="net.openhft.hashing.XxHashTest" time="0.002"/>
  <testcase name="testCityWithOneSeed[131]" classname="net.openhft.hashing.XxHashTest" time="0.0"/>
  <testcase name="testCityWithoutSeeds[132]" classname="net.openhft.hashing.XxHashTest" time="0.001"/>
  <testcase name="testCityWithOneSeed[132]" classname="net.openhft.hashing.XxHashTest" time="0.0"/>
  <testcase name="testCityWithoutSeeds[133]" classname="net.openhft.hashing.XxHashTest" time="0.0"/>
  <testcase name="testCityWithOneSeed[133]" classname="net.openhft.hashing.XxHashTest" time="0.0"/>
  <testcase name="testCityWithoutSeeds[134]" classname="net.openhft.hashing.XxHashTest" time="0.0"/>
  <testcase name="testCityWithOneSeed[134]" classname="net.openhft.hashing.XxHashTest" time="0.0"/>
  <testcase name="testCityWithoutSeeds[135]" classname="net.openhft.hashing.XxHashTest" time="0.0"/>
  <testcase name="testCityWithOneSeed[135]" classname="net.openhft.hashing.XxHashTest" time="0.0"/>
  <testcase name="testCityWithoutSeeds[136]" classname="net.openhft.hashing.XxHashTest" time="0.001"/>
  <testcase name="testCityWithOneSeed[136]" classname="net.openhft.hashing.XxHashTest" time="0.0"/>
  <testcase name="testCityWithoutSeeds[137]" classname="net.openhft.hashing.XxHashTest" time="0.0"/>
  <testcase name="testCityWithOneSeed[137]" classname="net.openhft.hashing.XxHashTest" time="0.0"/>
  <testcase name="testCityWithoutSeeds[138]" classname="net.openhft.hashing.XxHashTest" time="0.0"/>
  <testcase name="testCityWithOneSeed[138]" classname="net.openhft.hashing.XxHashTest" time="0.0"/>
  <testcase name="testCityWithoutSeeds[139]" classname="net.openhft.hashing.XxHashTest" time="0.0"/>
  <testcase name="testCityWithOneSeed[139]" classname="net.openhft.hashing.XxHashTest" time="0.0"/>
  <testcase name="testCityWithoutSeeds[140]" classname="net.openhft.hashing.XxHashTest" time="0.0"/>
  <testcase name="testCityWithOneSeed[140]" classname="net.openhft.hashing.XxHashTest" time="0.0"/>
  <testcase name="testCityWithoutSeeds[141]" classname="net.openhft.hashing.XxHashTest" time="0.0"/>
  <testcase name="testCityWithOneSeed[141]" classname="net.openhft.hashing.XxHashTest" time="0.0"/>
  <testcase name="testCityWithoutSeeds[142]" classname="net.openhft.hashing.XxHashTest" time="0.0"/>
  <testcase name="testCityWithOneSeed[142]" classname="net.openhft.hashing.XxHashTest" time="0.0"/>
  <testcase name="testCityWithoutSeeds[143]" classname="net.openhft.hashing.XxHashTest" time="0.001"/>
  <testcase name="testCityWithOneSeed[143]" classname="net.openhft.hashing.XxHashTest" time="0.0"/>
  <testcase name="testCityWithoutSeeds[144]" classname="net.openhft.hashing.XxHashTest" time="0.0"/>
  <testcase name="testCityWithOneSeed[144]" classname="net.openhft.hashing.XxHashTest" time="0.0"/>
  <testcase name="testCityWithoutSeeds[145]" classname="net.openhft.hashing.XxHashTest" time="0.0"/>
  <testcase name="testCityWithOneSeed[145]" classname="net.openhft.hashing.XxHashTest" time="0.0"/>
  <testcase name="testCityWithoutSeeds[146]" classname="net.openhft.hashing.XxHashTest" time="0.0"/>
  <testcase name="testCityWithOneSeed[146]" classname="net.openhft.hashing.XxHashTest" time="0.0"/>
  <testcase name="testCityWithoutSeeds[147]" classname="net.openhft.hashing.XxHashTest" time="0.0"/>
  <testcase name="testCityWithOneSeed[147]" classname="net.openhft.hashing.XxHashTest" time="0.0"/>
  <testcase name="testCityWithoutSeeds[148]" classname="net.openhft.hashing.XxHashTest" time="0.0"/>
  <testcase name="testCityWithOneSeed[148]" classname="net.openhft.hashing.XxHashTest" time="0.0"/>
  <testcase name="testCityWithoutSeeds[149]" classname="net.openhft.hashing.XxHashTest" time="0.001"/>
  <testcase name="testCityWithOneSeed[149]" classname="net.openhft.hashing.XxHashTest" time="0.0"/>
  <testcase name="testCityWithoutSeeds[150]" classname="net.openhft.hashing.XxHashTest" time="0.0"/>
  <testcase name="testCityWithOneSeed[150]" classname="net.openhft.hashing.XxHashTest" time="0.0"/>
  <testcase name="testCityWithoutSeeds[151]" classname="net.openhft.hashing.XxHashTest" time="0.0"/>
  <testcase name="testCityWithOneSeed[151]" classname="net.openhft.hashing.XxHashTest" time="0.0"/>
  <testcase name="testCityWithoutSeeds[152]" classname="net.openhft.hashing.XxHashTest" time="0.001"/>
  <testcase name="testCityWithOneSeed[152]" classname="net.openhft.hashing.XxHashTest" time="0.0"/>
  <testcase name="testCityWithoutSeeds[153]" classname="net.openhft.hashing.XxHashTest" time="0.0"/>
  <testcase name="testCityWithOneSeed[153]" classname="net.openhft.hashing.XxHashTest" time="0.0"/>
  <testcase name="testCityWithoutSeeds[154]" classname="net.openhft.hashing.XxHashTest" time="0.0"/>
  <testcase name="testCityWithOneSeed[154]" classname="net.openhft.hashing.XxHashTest" time="0.0"/>
  <testcase name="testCityWithoutSeeds[155]" classname="net.openhft.hashing.XxHashTest" time="0.0"/>
  <testcase name="testCityWithOneSeed[155]" classname="net.openhft.hashing.XxHashTest" time="0.0"/>
  <testcase name="testCityWithoutSeeds[156]" classname="net.openhft.hashing.XxHashTest" time="0.0"/>
  <testcase name="testCityWithOneSeed[156]" classname="net.openhft.hashing.XxHashTest" time="0.0"/>
  <testcase name="testCityWithoutSeeds[157]" classname="net.openhft.hashing.XxHashTest" time="0.0"/>
  <testcase name="testCityWithOneSeed[157]" classname="net.openhft.hashing.XxHashTest" time="0.0"/>
  <testcase name="testCityWithoutSeeds[158]" classname="net.openhft.hashing.XxHashTest" time="0.0"/>
  <testcase name="testCityWithOneSeed[158]" classname="net.openhft.hashing.XxHashTest" time="0.0"/>
  <testcase name="testCityWithoutSeeds[159]" classname="net.openhft.hashing.XxHashTest" time="0.0"/>
  <testcase name="testCityWithOneSeed[159]" classname="net.openhft.hashing.XxHashTest" time="0.001"/>
  <testcase name="testCityWithoutSeeds[160]" classname="net.openhft.hashing.XxHashTest" time="0.0"/>
  <testcase name="testCityWithOneSeed[160]" classname="net.openhft.hashing.XxHashTest" time="0.0"/>
  <testcase name="testCityWithoutSeeds[161]" classname="net.openhft.hashing.XxHashTest" time="0.0"/>
  <testcase name="testCityWithOneSeed[161]" classname="net.openhft.hashing.XxHashTest" time="0.0"/>
  <testcase name="testCityWithoutSeeds[162]" classname="net.openhft.hashing.XxHashTest" time="0.0"/>
  <testcase name="testCityWithOneSeed[162]" classname="net.openhft.hashing.XxHashTest" time="0.0"/>
  <testcase name="testCityWithoutSeeds[163]" classname="net.openhft.hashing.XxHashTest" time="0.0"/>
  <testcase name="testCityWithOneSeed[163]" classname="net.openhft.hashing.XxHashTest" time="0.0"/>
  <testcase name="testCityWithoutSeeds[164]" classname="net.openhft.hashing.XxHashTest" time="0.0"/>
  <testcase name="testCityWithOneSeed[164]" classname="net.openhft.hashing.XxHashTest" time="0.0"/>
  <testcase name="testCityWithoutSeeds[165]" classname="net.openhft.hashing.XxHashTest" time="0.0"/>
  <testcase name="testCityWithOneSeed[165]" classname="net.openhft.hashing.XxHashTest" time="0.0"/>
  <testcase name="testCityWithoutSeeds[166]" classname="net.openhft.hashing.XxHashTest" time="0.0"/>
  <testcase name="testCityWithOneSeed[166]" classname="net.openhft.hashing.XxHashTest" time="0.0"/>
  <testcase name="testCityWithoutSeeds[167]" classname="net.openhft.hashing.XxHashTest" time="0.0"/>
  <testcase name="testCityWithOneSeed[167]" classname="net.openhft.hashing.XxHashTest" time="0.001"/>
  <testcase name="testCityWithoutSeeds[168]" classname="net.openhft.hashing.XxHashTest" time="0.0"/>
  <testcase name="testCityWithOneSeed[168]" classname="net.openhft.hashing.XxHashTest" time="0.0"/>
  <testcase name="testCityWithoutSeeds[169]" classname="net.openhft.hashing.XxHashTest" time="0.0"/>
  <testcase name="testCityWithOneSeed[169]" classname="net.openhft.hashing.XxHashTest" time="0.0"/>
  <testcase name="testCityWithoutSeeds[170]" classname="net.openhft.hashing.XxHashTest" time="0.0"/>
  <testcase name="testCityWithOneSeed[170]" classname="net.openhft.hashing.XxHashTest" time="0.0"/>
  <testcase name="testCityWithoutSeeds[171]" classname="net.openhft.hashing.XxHashTest" time="0.0"/>
  <testcase name="testCityWithOneSeed[171]" classname="net.openhft.hashing.XxHashTest" time="0.0"/>
  <testcase name="testCityWithoutSeeds[172]" classname="net.openhft.hashing.XxHashTest" time="0.0"/>
  <testcase name="testCityWithOneSeed[172]" classname="net.openhft.hashing.XxHashTest" time="0.0"/>
  <testcase name="testCityWithoutSeeds[173]" classname="net.openhft.hashing.XxHashTest" time="0.0"/>
  <testcase name="testCityWithOneSeed[173]" classname="net.openhft.hashing.XxHashTest" time="0.0"/>
  <testcase name="testCityWithoutSeeds[174]" classname="net.openhft.hashing.XxHashTest" time="0.0"/>
  <testcase name="testCityWithOneSeed[174]" classname="net.openhft.hashing.XxHashTest" time="0.0"/>
  <testcase name="testCityWithoutSeeds[175]" classname="net.openhft.hashing.XxHashTest" time="0.0"/>
  <testcase name="testCityWithOneSeed[175]" classname="net.openhft.hashing.XxHashTest" time="0.0"/>
  <testcase name="testCityWithoutSeeds[176]" classname="net.openhft.hashing.XxHashTest" time="0.0"/>
  <testcase name="testCityWithOneSeed[176]" classname="net.openhft.hashing.XxHashTest" time="0.0"/>
  <testcase name="testCityWithoutSeeds[177]" classname="net.openhft.hashing.XxHashTest" time="0.0"/>
  <testcase name="testCityWithOneSeed[177]" classname="net.openhft.hashing.XxHashTest" time="0.0"/>
  <testcase name="testCityWithoutSeeds[178]" classname="net.openhft.hashing.XxHashTest" time="0.0"/>
  <testcase name="testCityWithOneSeed[178]" classname="net.openhft.hashing.XxHashTest" time="0.0"/>
  <testcase name="testCityWithoutSeeds[179]" classname="net.openhft.hashing.XxHashTest" time="0.0"/>
  <testcase name="testCityWithOneSeed[179]" classname="net.openhft.hashing.XxHashTest" time="0.0"/>
  <testcase name="testCityWithoutSeeds[180]" classname="net.openhft.hashing.XxHashTest" time="0.0"/>
  <testcase name="testCityWithOneSeed[180]" classname="net.openhft.hashing.XxHashTest" time="0.0"/>
  <testcase name="testCityWithoutSeeds[181]" classname="net.openhft.hashing.XxHashTest" time="0.0"/>
  <testcase name="testCityWithOneSeed[181]" classname="net.openhft.hashing.XxHashTest" time="0.0"/>
  <testcase name="testCityWithoutSeeds[182]" classname="net.openhft.hashing.XxHashTest" time="0.0"/>
  <testcase name="testCityWithOneSeed[182]" classname="net.openhft.hashing.XxHashTest" time="0.001"/>
  <testcase name="testCityWithoutSeeds[183]" classname="net.openhft.hashing.XxHashTest" time="0.0"/>
  <testcase name="testCityWithOneSeed[183]" classname="net.openhft.hashing.XxHashTest" time="0.0"/>
  <testcase name="testCityWithoutSeeds[184]" classname="net.openhft.hashing.XxHashTest" time="0.0"/>
  <testcase name="testCityWithOneSeed[184]" classname="net.openhft.hashing.XxHashTest" time="0.0"/>
  <testcase name="testCityWithoutSeeds[185]" classname="net.openhft.hashing.XxHashTest" time="0.001"/>
  <testcase name="testCityWithOneSeed[185]" classname="net.openhft.hashing.XxHashTest" time="0.0"/>
  <testcase name="testCityWithoutSeeds[186]" classname="net.openhft.hashing.XxHashTest" time="0.0"/>
  <testcase name="testCityWithOneSeed[186]" classname="net.openhft.hashing.XxHashTest" time="0.0"/>
  <testcase name="testCityWithoutSeeds[187]" classname="net.openhft.hashing.XxHashTest" time="0.0"/>
  <testcase name="testCityWithOneSeed[187]" classname="net.openhft.hashing.XxHashTest" time="0.0"/>
  <testcase name="testCityWithoutSeeds[188]" classname="net.openhft.hashing.XxHashTest" time="0.0"/>
  <testcase name="testCityWithOneSeed[188]" classname="net.openhft.hashing.XxHashTest" time="0.0"/>
  <testcase name="testCityWithoutSeeds[189]" classname="net.openhft.hashing.XxHashTest" time="0.0"/>
  <testcase name="testCityWithOneSeed[189]" classname="net.openhft.hashing.XxHashTest" time="0.0"/>
  <testcase name="testCityWithoutSeeds[190]" classname="net.openhft.hashing.XxHashTest" time="0.0"/>
  <testcase name="testCityWithOneSeed[190]" classname="net.openhft.hashing.XxHashTest" time="0.0"/>
  <testcase name="testCityWithoutSeeds[191]" classname="net.openhft.hashing.XxHashTest" time="0.0"/>
  <testcase name="testCityWithOneSeed[191]" classname="net.openhft.hashing.XxHashTest" time="0.0"/>
  <testcase name="testCityWithoutSeeds[192]" classname="net.openhft.hashing.XxHashTest" time="0.0"/>
  <testcase name="testCityWithOneSeed[192]" classname="net.openhft.hashing.XxHashTest" time="0.0"/>
  <testcase name="testCityWithoutSeeds[193]" classname="net.openhft.hashing.XxHashTest" time="0.0"/>
  <testcase name="testCityWithOneSeed[193]" classname="net.openhft.hashing.XxHashTest" time="0.001"/>
  <testcase name="testCityWithoutSeeds[194]" classname="net.openhft.hashing.XxHashTest" time="0.0"/>
  <testcase name="testCityWithOneSeed[194]" classname="net.openhft.hashing.XxHashTest" time="0.0"/>
  <testcase name="testCityWithoutSeeds[195]" classname="net.openhft.hashing.XxHashTest" time="0.0"/>
  <testcase name="testCityWithOneSeed[195]" classname="net.openhft.hashing.XxHashTest" time="0.0"/>
  <testcase name="testCityWithoutSeeds[196]" classname="net.openhft.hashing.XxHashTest" time="0.0"/>
  <testcase name="testCityWithOneSeed[196]" classname="net.openhft.hashing.XxHashTest" time="0.0"/>
  <testcase name="testCityWithoutSeeds[197]" classname="net.openhft.hashing.XxHashTest" time="0.0"/>
  <testcase name="testCityWithOneSeed[197]" classname="net.openhft.hashing.XxHashTest" time="0.0"/>
  <testcase name="testCityWithoutSeeds[198]" classname="net.openhft.hashing.XxHashTest" time="0.0"/>
  <testcase name="testCityWithOneSeed[198]" classname="net.openhft.hashing.XxHashTest" time="0.0"/>
  <testcase name="testCityWithoutSeeds[199]" classname="net.openhft.hashing.XxHashTest" time="0.0"/>
  <testcase name="testCityWithOneSeed[199]" classname="net.openhft.hashing.XxHashTest" time="0.022"/>
  <testcase name="testCityWithoutSeeds[200]" classname="net.openhft.hashing.XxHashTest" time="0.001"/>
  <testcase name="testCityWithOneSeed[200]" classname="net.openhft.hashing.XxHashTest" time="0.0"/>
  <testcase name="testCityWithoutSeeds[201]" classname="net.openhft.hashing.XxHashTest" time="0.0"/>
  <testcase name="testCityWithOneSeed[201]" classname="net.openhft.hashing.XxHashTest" time="0.0"/>
  <testcase name="testCityWithoutSeeds[202]" classname="net.openhft.hashing.XxHashTest" time="0.0"/>
  <testcase name="testCityWithOneSeed[202]" classname="net.openhft.hashing.XxHashTest" time="0.0"/>
  <testcase name="testCityWithoutSeeds[203]" classname="net.openhft.hashing.XxHashTest" time="0.0"/>
  <testcase name="testCityWithOneSeed[203]" classname="net.openhft.hashing.XxHashTest" time="0.0"/>
  <testcase name="testCityWithoutSeeds[204]" classname="net.openhft.hashing.XxHashTest" time="0.001"/>
  <testcase name="testCityWithOneSeed[204]" classname="net.openhft.hashing.XxHashTest" time="0.0"/>
  <testcase name="testCityWithoutSeeds[205]" classname="net.openhft.hashing.XxHashTest" time="0.0"/>
  <testcase name="testCityWithOneSeed[205]" classname="net.openhft.hashing.XxHashTest" time="0.0"/>
  <testcase name="testCityWithoutSeeds[206]" classname="net.openhft.hashing.XxHashTest" time="0.0"/>
  <testcase name="testCityWithOneSeed[206]" classname="net.openhft.hashing.XxHashTest" time="0.0"/>
  <testcase name="testCityWithoutSeeds[207]" classname="net.openhft.hashing.XxHashTest" time="0.0"/>
  <testcase name="testCityWithOneSeed[207]" classname="net.openhft.hashing.XxHashTest" time="0.0"/>
  <testcase name="testCityWithoutSeeds[208]" classname="net.openhft.hashing.XxHashTest" time="0.0"/>
  <testcase name="testCityWithOneSeed[208]" classname="net.openhft.hashing.XxHashTest" time="0.0"/>
  <testcase name="testCityWithoutSeeds[209]" classname="net.openhft.hashing.XxHashTest" time="0.0"/>
  <testcase name="testCityWithOneSeed[209]" classname="net.openhft.hashing.XxHashTest" time="0.0"/>
  <testcase name="testCityWithoutSeeds[210]" classname="net.openhft.hashing.XxHashTest" time="0.0"/>
  <testcase name="testCityWithOneSeed[210]" classname="net.openhft.hashing.XxHashTest" time="0.0"/>
  <testcase name="testCityWithoutSeeds[211]" classname="net.openhft.hashing.XxHashTest" time="0.0"/>
  <testcase name="testCityWithOneSeed[211]" classname="net.openhft.hashing.XxHashTest" time="0.0"/>
  <testcase name="testCityWithoutSeeds[212]" classname="net.openhft.hashing.XxHashTest" time="0.0"/>
  <testcase name="testCityWithOneSeed[212]" classname="net.openhft.hashing.XxHashTest" time="0.0"/>
  <testcase name="testCityWithoutSeeds[213]" classname="net.openhft.hashing.XxHashTest" time="0.0"/>
  <testcase name="testCityWithOneSeed[213]" classname="net.openhft.hashing.XxHashTest" time="0.0"/>
  <testcase name="testCityWithoutSeeds[214]" classname="net.openhft.hashing.XxHashTest" time="0.0"/>
  <testcase name="testCityWithOneSeed[214]" classname="net.openhft.hashing.XxHashTest" time="0.0"/>
  <testcase name="testCityWithoutSeeds[215]" classname="net.openhft.hashing.XxHashTest" time="0.0"/>
  <testcase name="testCityWithOneSeed[215]" classname="net.openhft.hashing.XxHashTest" time="0.0"/>
  <testcase name="testCityWithoutSeeds[216]" classname="net.openhft.hashing.XxHashTest" time="0.0"/>
  <testcase name="testCityWithOneSeed[216]" classname="net.openhft.hashing.XxHashTest" time="0.0"/>
  <testcase name="testCityWithoutSeeds[217]" classname="net.openhft.hashing.XxHashTest" time="0.0"/>
  <testcase name="testCityWithOneSeed[217]" classname="net.openhft.hashing.XxHashTest" time="0.0"/>
  <testcase name="testCityWithoutSeeds[218]" classname="net.openhft.hashing.XxHashTest" time="0.0"/>
  <testcase name="testCityWithOneSeed[218]" classname="net.openhft.hashing.XxHashTest" time="0.0"/>
  <testcase name="testCityWithoutSeeds[219]" classname="net.openhft.hashing.XxHashTest" time="0.0"/>
  <testcase name="testCityWithOneSeed[219]" classname="net.openhft.hashing.XxHashTest" time="0.0"/>
  <testcase name="testCityWithoutSeeds[220]" classname="net.openhft.hashing.XxHashTest" time="0.0"/>
  <testcase name="testCityWithOneSeed[220]" classname="net.openhft.hashing.XxHashTest" time="0.0"/>
  <testcase name="testCityWithoutSeeds[221]" classname="net.openhft.hashing.XxHashTest" time="0.001"/>
  <testcase name="testCityWithOneSeed[221]" classname="net.openhft.hashing.XxHashTest" time="0.0"/>
  <testcase name="testCityWithoutSeeds[222]" classname="net.openhft.hashing.XxHashTest" time="0.0"/>
  <testcase name="testCityWithOneSeed[222]" classname="net.openhft.hashing.XxHashTest" time="0.0"/>
  <testcase name="testCityWithoutSeeds[223]" classname="net.openhft.hashing.XxHashTest" time="0.0"/>
  <testcase name="testCityWithOneSeed[223]" classname="net.openhft.hashing.XxHashTest" time="0.0"/>
  <testcase name="testCityWithoutSeeds[224]" classname="net.openhft.hashing.XxHashTest" time="0.0"/>
  <testcase name="testCityWithOneSeed[224]" classname="net.openhft.hashing.XxHashTest" time="0.0"/>
  <testcase name="testCityWithoutSeeds[225]" classname="net.openhft.hashing.XxHashTest" time="0.0"/>
  <testcase name="testCityWithOneSeed[225]" classname="net.openhft.hashing.XxHashTest" time="0.0"/>
  <testcase name="testCityWithoutSeeds[226]" classname="net.openhft.hashing.XxHashTest" time="0.0"/>
  <testcase name="testCityWithOneSeed[226]" classname="net.openhft.hashing.XxHashTest" time="0.0"/>
  <testcase name="testCityWithoutSeeds[227]" classname="net.openhft.hashing.XxHashTest" time="0.0"/>
  <testcase name="testCityWithOneSeed[227]" classname="net.openhft.hashing.XxHashTest" time="0.0"/>
  <testcase name="testCityWithoutSeeds[228]" classname="net.openhft.hashing.XxHashTest" time="0.0"/>
  <testcase name="testCityWithOneSeed[228]" classname="net.openhft.hashing.XxHashTest" time="0.0"/>
  <testcase name="testCityWithoutSeeds[229]" classname="net.openhft.hashing.XxHashTest" time="0.0"/>
  <testcase name="testCityWithOneSeed[229]" classname="net.openhft.hashing.XxHashTest" time="0.0"/>
  <testcase name="testCityWithoutSeeds[230]" classname="net.openhft.hashing.XxHashTest" time="0.0"/>
  <testcase name="testCityWithOneSeed[230]" classname="net.openhft.hashing.XxHashTest" time="0.0"/>
  <testcase name="testCityWithoutSeeds[231]" classname="net.openhft.hashing.XxHashTest" time="0.0"/>
  <testcase name="testCityWithOneSeed[231]" classname="net.openhft.hashing.XxHashTest" time="0.0"/>
  <testcase name="testCityWithoutSeeds[232]" classname="net.openhft.hashing.XxHashTest" time="0.001"/>
  <testcase name="testCityWithOneSeed[232]" classname="net.openhft.hashing.XxHashTest" time="0.0"/>
  <testcase name="testCityWithoutSeeds[233]" classname="net.openhft.hashing.XxHashTest" time="0.0"/>
  <testcase name="testCityWithOneSeed[233]" classname="net.openhft.hashing.XxHashTest" time="0.0"/>
  <testcase name="testCityWithoutSeeds[234]" classname="net.openhft.hashing.XxHashTest" time="0.0"/>
  <testcase name="testCityWithOneSeed[234]" classname="net.openhft.hashing.XxHashTest" time="0.0"/>
  <testcase name="testCityWithoutSeeds[235]" classname="net.openhft.hashing.XxHashTest" time="0.0"/>
  <testcase name="testCityWithOneSeed[235]" classname="net.openhft.hashing.XxHashTest" time="0.0"/>
  <testcase name="testCityWithoutSeeds[236]" classname="net.openhft.hashing.XxHashTest" time="0.0"/>
  <testcase name="testCityWithOneSeed[236]" classname="net.openhft.hashing.XxHashTest" time="0.0"/>
  <testcase name="testCityWithoutSeeds[237]" classname="net.openhft.hashing.XxHashTest" time="0.0"/>
  <testcase name="testCityWithOneSeed[237]" classname="net.openhft.hashing.XxHashTest" time="0.0"/>
  <testcase name="testCityWithoutSeeds[238]" classname="net.openhft.hashing.XxHashTest" time="0.0"/>
  <testcase name="testCityWithOneSeed[238]" classname="net.openhft.hashing.XxHashTest" time="0.0"/>
  <testcase name="testCityWithoutSeeds[239]" classname="net.openhft.hashing.XxHashTest" time="0.0"/>
  <testcase name="testCityWithOneSeed[239]" classname="net.openhft.hashing.XxHashTest" time="0.0"/>
  <testcase name="testCityWithoutSeeds[240]" classname="net.openhft.hashing.XxHashTest" time="0.0"/>
  <testcase name="testCityWithOneSeed[240]" classname="net.openhft.hashing.XxHashTest" time="0.0"/>
  <testcase name="testCityWithoutSeeds[241]" classname="net.openhft.hashing.XxHashTest" time="0.0"/>
  <testcase name="testCityWithOneSeed[241]" classname="net.openhft.hashing.XxHashTest" time="0.0"/>
  <testcase name="testCityWithoutSeeds[242]" classname="net.openhft.hashing.XxHashTest" time="0.0"/>
  <testcase name="testCityWithOneSeed[242]" classname="net.openhft.hashing.XxHashTest" time="0.0"/>
  <testcase name="testCityWithoutSeeds[243]" classname="net.openhft.hashing.XxHashTest" time="0.001"/>
  <testcase name="testCityWithOneSeed[243]" classname="net.openhft.hashing.XxHashTest" time="0.0"/>
  <testcase name="testCityWithoutSeeds[244]" classname="net.openhft.hashing.XxHashTest" time="0.0"/>
  <testcase name="testCityWithOneSeed[244]" classname="net.openhft.hashing.XxHashTest" time="0.0"/>
  <testcase name="testCityWithoutSeeds[245]" classname="net.openhft.hashing.XxHashTest" time="0.0"/>
  <testcase name="testCityWithOneSeed[245]" classname="net.openhft.hashing.XxHashTest" time="0.0"/>
  <testcase name="testCityWithoutSeeds[246]" classname="net.openhft.hashing.XxHashTest" time="0.0"/>
  <testcase name="testCityWithOneSeed[246]" classname="net.openhft.hashing.XxHashTest" time="0.0"/>
  <testcase name="testCityWithoutSeeds[247]" classname="net.openhft.hashing.XxHashTest" time="0.0"/>
  <testcase name="testCityWithOneSeed[247]" classname="net.openhft.hashing.XxHashTest" time="0.0"/>
  <testcase name="testCityWithoutSeeds[248]" classname="net.openhft.hashing.XxHashTest" time="0.0"/>
  <testcase name="testCityWithOneSeed[248]" classname="net.openhft.hashing.XxHashTest" time="0.0"/>
  <testcase name="testCityWithoutSeeds[249]" classname="net.openhft.hashing.XxHashTest" time="0.0"/>
  <testcase name="testCityWithOneSeed[249]" classname="net.openhft.hashing.XxHashTest" time="0.0"/>
  <testcase name="testCityWithoutSeeds[250]" classname="net.openhft.hashing.XxHashTest" time="0.0"/>
  <testcase name="testCityWithOneSeed[250]" classname="net.openhft.hashing.XxHashTest" time="0.0"/>
  <testcase name="testCityWithoutSeeds[251]" classname="net.openhft.hashing.XxHashTest" time="0.0"/>
  <testcase name="testCityWithOneSeed[251]" classname="net.openhft.hashing.XxHashTest" time="0.0"/>
  <testcase name="testCityWithoutSeeds[252]" classname="net.openhft.hashing.XxHashTest" time="0.0"/>
  <testcase name="testCityWithOneSeed[252]" classname="net.openhft.hashing.XxHashTest" time="0.0"/>
  <testcase name="testCityWithoutSeeds[253]" classname="net.openhft.hashing.XxHashTest" time="0.0"/>
  <testcase name="testCityWithOneSeed[253]" classname="net.openhft.hashing.XxHashTest" time="0.0"/>
  <testcase name="testCityWithoutSeeds[254]" classname="net.openhft.hashing.XxHashTest" time="0.0"/>
  <testcase name="testCityWithOneSeed[254]" classname="net.openhft.hashing.XxHashTest" time="0.0"/>
  <testcase name="testCityWithoutSeeds[255]" classname="net.openhft.hashing.XxHashTest" time="0.0"/>
  <testcase name="testCityWithOneSeed[255]" classname="net.openhft.hashing.XxHashTest" time="0.0"/>
  <testcase name="testCityWithoutSeeds[256]" classname="net.openhft.hashing.XxHashTest" time="0.0"/>
  <testcase name="testCityWithOneSeed[256]" classname="net.openhft.hashing.XxHashTest" time="0.0"/>
  <testcase name="testCityWithoutSeeds[257]" classname="net.openhft.hashing.XxHashTest" time="0.0"/>
  <testcase name="testCityWithOneSeed[257]" classname="net.openhft.hashing.XxHashTest" time="0.0"/>
  <testcase name="testCityWithoutSeeds[258]" classname="net.openhft.hashing.XxHashTest" time="0.0"/>
  <testcase name="testCityWithOneSeed[258]" classname="net.openhft.hashing.XxHashTest" time="0.0"/>
  <testcase name="testCityWithoutSeeds[259]" classname="net.openhft.hashing.XxHashTest" time="0.0"/>
  <testcase name="testCityWithOneSeed[259]" classname="net.openhft.hashing.XxHashTest" time="0.0"/>
  <testcase name="testCityWithoutSeeds[260]" classname="net.openhft.hashing.XxHashTest" time="0.0"/>
  <testcase name="testCityWithOneSeed[260]" classname="net.openhft.hashing.XxHashTest" time="0.0"/>
  <testcase name="testCityWithoutSeeds[261]" classname="net.openhft.hashing.XxHashTest" time="0.0"/>
  <testcase name="testCityWithOneSeed[261]" classname="net.openhft.hashing.XxHashTest" time="0.0"/>
  <testcase name="testCityWithoutSeeds[262]" classname="net.openhft.hashing.XxHashTest" time="0.0"/>
  <testcase name="testCityWithOneSeed[262]" classname="net.openhft.hashing.XxHashTest" time="0.0"/>
  <testcase name="testCityWithoutSeeds[263]" classname="net.openhft.hashing.XxHashTest" time="0.0"/>
  <testcase name="testCityWithOneSeed[263]" classname="net.openhft.hashing.XxHashTest" time="0.0"/>
  <testcase name="testCityWithoutSeeds[264]" classname="net.openhft.hashing.XxHashTest" time="0.0"/>
  <testcase name="testCityWithOneSeed[264]" classname="net.openhft.hashing.XxHashTest" time="0.0"/>
  <testcase name="testCityWithoutSeeds[265]" classname="net.openhft.hashing.XxHashTest" time="0.0"/>
  <testcase name="testCityWithOneSeed[265]" classname="net.openhft.hashing.XxHashTest" time="0.0"/>
  <testcase name="testCityWithoutSeeds[266]" classname="net.openhft.hashing.XxHashTest" time="0.0"/>
  <testcase name="testCityWithOneSeed[266]" classname="net.openhft.hashing.XxHashTest" time="0.0"/>
  <testcase name="testCityWithoutSeeds[267]" classname="net.openhft.hashing.XxHashTest" time="0.0"/>
  <testcase name="testCityWithOneSeed[267]" classname="net.openhft.hashing.XxHashTest" time="0.0"/>
  <testcase name="testCityWithoutSeeds[268]" classname="net.openhft.hashing.XxHashTest" time="0.0"/>
  <testcase name="testCityWithOneSeed[268]" classname="net.openhft.hashing.XxHashTest" time="0.0"/>
  <testcase name="testCityWithoutSeeds[269]" classname="net.openhft.hashing.XxHashTest" time="0.0"/>
  <testcase name="testCityWithOneSeed[269]" classname="net.openhft.hashing.XxHashTest" time="0.0"/>
  <testcase name="testCityWithoutSeeds[270]" classname="net.openhft.hashing.XxHashTest" time="0.0"/>
  <testcase name="testCityWithOneSeed[270]" classname="net.openhft.hashing.XxHashTest" time="0.0"/>
  <testcase name="testCityWithoutSeeds[271]" classname="net.openhft.hashing.XxHashTest" time="0.0"/>
  <testcase name="testCityWithOneSeed[271]" classname="net.openhft.hashing.XxHashTest" time="0.0"/>
  <testcase name="testCityWithoutSeeds[272]" classname="net.openhft.hashing.XxHashTest" time="0.0"/>
  <testcase name="testCityWithOneSeed[272]" classname="net.openhft.hashing.XxHashTest" time="0.0"/>
  <testcase name="testCityWithoutSeeds[273]" classname="net.openhft.hashing.XxHashTest" time="0.0"/>
  <testcase name="testCityWithOneSeed[273]" classname="net.openhft.hashing.XxHashTest" time="0.0"/>
  <testcase name="testCityWithoutSeeds[274]" classname="net.openhft.hashing.XxHashTest" time="0.0"/>
  <testcase name="testCityWithOneSeed[274]" classname="net.openhft.hashing.XxHashTest" time="0.0"/>
  <testcase name="testCityWithoutSeeds[275]" classname="net.openhft.hashing.XxHashTest" time="0.0"/>
  <testcase name="testCityWithOneSeed[275]" classname="net.openhft.hashing.XxHashTest" time="0.0"/>
  <testcase name="testCityWithoutSeeds[276]" classname="net.openhft.hashing.XxHashTest" time="0.0"/>
  <testcase name="testCityWithOneSeed[276]" classname="net.openhft.hashing.XxHashTest" time="0.0"/>
  <testcase name="testCityWithoutSeeds[277]" classname="net.openhft.hashing.XxHashTest" time="0.001"/>
  <testcase name="testCityWithOneSeed[277]" classname="net.openhft.hashing.XxHashTest" time="0.0"/>
  <testcase name="testCityWithoutSeeds[278]" classname="net.openhft.hashing.XxHashTest" time="0.0"/>
  <testcase name="testCityWithOneSeed[278]" classname="net.openhft.hashing.XxHashTest" time="0.0"/>
  <testcase name="testCityWithoutSeeds[279]" classname="net.openhft.hashing.XxHashTest" time="0.0"/>
  <testcase name="testCityWithOneSeed[279]" classname="net.openhft.hashing.XxHashTest" time="0.0"/>
  <testcase name="testCityWithoutSeeds[280]" classname="net.openhft.hashing.XxHashTest" time="0.0"/>
  <testcase name="testCityWithOneSeed[280]" classname="net.openhft.hashing.XxHashTest" time="0.0"/>
  <testcase name="testCityWithoutSeeds[281]" classname="net.openhft.hashing.XxHashTest" time="0.0"/>
  <testcase name="testCityWithOneSeed[281]" classname="net.openhft.hashing.XxHashTest" time="0.0"/>
  <testcase name="testCityWithoutSeeds[282]" classname="net.openhft.hashing.XxHashTest" time="0.0"/>
  <testcase name="testCityWithOneSeed[282]" classname="net.openhft.hashing.XxHashTest" time="0.0"/>
  <testcase name="testCityWithoutSeeds[283]" classname="net.openhft.hashing.XxHashTest" time="0.0"/>
  <testcase name="testCityWithOneSeed[283]" classname="net.openhft.hashing.XxHashTest" time="0.0"/>
  <testcase name="testCityWithoutSeeds[284]" classname="net.openhft.hashing.XxHashTest" time="0.0"/>
  <testcase name="testCityWithOneSeed[284]" classname="net.openhft.hashing.XxHashTest" time="0.0"/>
  <testcase name="testCityWithoutSeeds[285]" classname="net.openhft.hashing.XxHashTest" time="0.0"/>
  <testcase name="testCityWithOneSeed[285]" classname="net.openhft.hashing.XxHashTest" time="0.0"/>
  <testcase name="testCityWithoutSeeds[286]" classname="net.openhft.hashing.XxHashTest" time="0.001"/>
  <testcase name="testCityWithOneSeed[286]" classname="net.openhft.hashing.XxHashTest" time="0.0"/>
  <testcase name="testCityWithoutSeeds[287]" classname="net.openhft.hashing.XxHashTest" time="0.0"/>
  <testcase name="testCityWithOneSeed[287]" classname="net.openhft.hashing.XxHashTest" time="0.0"/>
  <testcase name="testCityWithoutSeeds[288]" classname="net.openhft.hashing.XxHashTest" time="0.0"/>
  <testcase name="testCityWithOneSeed[288]" classname="net.openhft.hashing.XxHashTest" time="0.0"/>
  <testcase name="testCityWithoutSeeds[289]" classname="net.openhft.hashing.XxHashTest" time="0.0"/>
  <testcase name="testCityWithOneSeed[289]" classname="net.openhft.hashing.XxHashTest" time="0.0"/>
  <testcase name="testCityWithoutSeeds[290]" classname="net.openhft.hashing.XxHashTest" time="0.0"/>
  <testcase name="testCityWithOneSeed[290]" classname="net.openhft.hashing.XxHashTest" time="0.0"/>
  <testcase name="testCityWithoutSeeds[291]" classname="net.openhft.hashing.XxHashTest" time="0.0"/>
  <testcase name="testCityWithOneSeed[291]" classname="net.openhft.hashing.XxHashTest" time="0.0"/>
  <testcase name="testCityWithoutSeeds[292]" classname="net.openhft.hashing.XxHashTest" time="0.0"/>
  <testcase name="testCityWithOneSeed[292]" classname="net.openhft.hashing.XxHashTest" time="0.0"/>
  <testcase name="testCityWithoutSeeds[293]" classname="net.openhft.hashing.XxHashTest" time="0.0"/>
  <testcase name="testCityWithOneSeed[293]" classname="net.openhft.hashing.XxHashTest" time="0.0"/>
  <testcase name="testCityWithoutSeeds[294]" classname="net.openhft.hashing.XxHashTest" time="0.0"/>
  <testcase name="testCityWithOneSeed[294]" classname="net.openhft.hashing.XxHashTest" time="0.001"/>
  <testcase name="testCityWithoutSeeds[295]" classname="net.openhft.hashing.XxHashTest" time="0.0"/>
  <testcase name="testCityWithOneSeed[295]" classname="net.openhft.hashing.XxHashTest" time="0.0"/>
  <testcase name="testCityWithoutSeeds[296]" classname="net.openhft.hashing.XxHashTest" time="0.0"/>
  <testcase name="testCityWithOneSeed[296]" classname="net.openhft.hashing.XxHashTest" time="0.0"/>
  <testcase name="testCityWithoutSeeds[297]" classname="net.openhft.hashing.XxHashTest" time="0.0"/>
  <testcase name="testCityWithOneSeed[297]" classname="net.openhft.hashing.XxHashTest" time="0.0"/>
  <testcase name="testCityWithoutSeeds[298]" classname="net.openhft.hashing.XxHashTest" time="0.0"/>
  <testcase name="testCityWithOneSeed[298]" classname="net.openhft.hashing.XxHashTest" time="0.0"/>
  <testcase name="testCityWithoutSeeds[299]" classname="net.openhft.hashing.XxHashTest" time="0.0"/>
  <testcase name="testCityWithOneSeed[299]" classname="net.openhft.hashing.XxHashTest" time="0.0"/>
  <testcase name="testCityWithoutSeeds[300]" classname="net.openhft.hashing.XxHashTest" time="0.0"/>
  <testcase name="testCityWithOneSeed[300]" classname="net.openhft.hashing.XxHashTest" time="0.0"/>
  <testcase name="testCityWithoutSeeds[301]" classname="net.openhft.hashing.XxHashTest" time="0.0"/>
  <testcase name="testCityWithOneSeed[301]" classname="net.openhft.hashing.XxHashTest" time="0.0"/>
  <testcase name="testCityWithoutSeeds[302]" classname="net.openhft.hashing.XxHashTest" time="0.0"/>
  <testcase name="testCityWithOneSeed[302]" classname="net.openhft.hashing.XxHashTest" time="0.0"/>
  <testcase name="testCityWithoutSeeds[303]" classname="net.openhft.hashing.XxHashTest" time="0.0"/>
  <testcase name="testCityWithOneSeed[303]" classname="net.openhft.hashing.XxHashTest" time="0.0"/>
  <testcase name="testCityWithoutSeeds[304]" classname="net.openhft.hashing.XxHashTest" time="0.001"/>
  <testcase name="testCityWithOneSeed[304]" classname="net.openhft.hashing.XxHashTest" time="0.0"/>
  <testcase name="testCityWithoutSeeds[305]" classname="net.openhft.hashing.XxHashTest" time="0.0"/>
  <testcase name="testCityWithOneSeed[305]" classname="net.openhft.hashing.XxHashTest" time="0.0"/>
  <testcase name="testCityWithoutSeeds[306]" classname="net.openhft.hashing.XxHashTest" time="0.0"/>
  <testcase name="testCityWithOneSeed[306]" classname="net.openhft.hashing.XxHashTest" time="0.0"/>
  <testcase name="testCityWithoutSeeds[307]" classname="net.openhft.hashing.XxHashTest" time="0.0"/>
  <testcase name="testCityWithOneSeed[307]" classname="net.openhft.hashing.XxHashTest" time="0.0"/>
  <testcase name="testCityWithoutSeeds[308]" classname="net.openhft.hashing.XxHashTest" time="0.0"/>
  <testcase name="testCityWithOneSeed[308]" classname="net.openhft.hashing.XxHashTest" time="0.0"/>
  <testcase name="testCityWithoutSeeds[309]" classname="net.openhft.hashing.XxHashTest" time="0.0"/>
  <testcase name="testCityWithOneSeed[309]" classname="net.openhft.hashing.XxHashTest" time="0.0"/>
  <testcase name="testCityWithoutSeeds[310]" classname="net.openhft.hashing.XxHashTest" time="0.0"/>
  <testcase name="testCityWithOneSeed[310]" classname="net.openhft.hashing.XxHashTest" time="0.0"/>
  <testcase name="testCityWithoutSeeds[311]" classname="net.openhft.hashing.XxHashTest" time="0.0"/>
  <testcase name="testCityWithOneSeed[311]" classname="net.openhft.hashing.XxHashTest" time="0.0"/>
  <testcase name="testCityWithoutSeeds[312]" classname="net.openhft.hashing.XxHashTest" time="0.0"/>
  <testcase name="testCityWithOneSeed[312]" classname="net.openhft.hashing.XxHashTest" time="0.001"/>
  <testcase name="testCityWithoutSeeds[313]" classname="net.openhft.hashing.XxHashTest" time="0.0"/>
  <testcase name="testCityWithOneSeed[313]" classname="net.openhft.hashing.XxHashTest" time="0.0"/>
  <testcase name="testCityWithoutSeeds[314]" classname="net.openhft.hashing.XxHashTest" time="0.0"/>
  <testcase name="testCityWithOneSeed[314]" classname="net.openhft.hashing.XxHashTest" time="0.0"/>
  <testcase name="testCityWithoutSeeds[315]" classname="net.openhft.hashing.XxHashTest" time="0.0"/>
  <testcase name="testCityWithOneSeed[315]" classname="net.openhft.hashing.XxHashTest" time="0.0"/>
  <testcase name="testCityWithoutSeeds[316]" classname="net.openhft.hashing.XxHashTest" time="0.0"/>
  <testcase name="testCityWithOneSeed[316]" classname="net.openhft.hashing.XxHashTest" time="0.0"/>
  <testcase name="testCityWithoutSeeds[317]" classname="net.openhft.hashing.XxHashTest" time="0.0"/>
  <testcase name="testCityWithOneSeed[317]" classname="net.openhft.hashing.XxHashTest" time="0.0"/>
  <testcase name="testCityWithoutSeeds[318]" classname="net.openhft.hashing.XxHashTest" time="0.0"/>
  <testcase name="testCityWithOneSeed[318]" classname="net.openhft.hashing.XxHashTest" time="0.0"/>
  <testcase name="testCityWithoutSeeds[319]" classname="net.openhft.hashing.XxHashTest" time="0.0"/>
  <testcase name="testCityWithOneSeed[319]" classname="net.openhft.hashing.XxHashTest" time="0.0"/>
  <testcase name="testCityWithoutSeeds[320]" classname="net.openhft.hashing.XxHashTest" time="0.0"/>
  <testcase name="testCityWithOneSeed[320]" classname="net.openhft.hashing.XxHashTest" time="0.0"/>
  <testcase name="testCityWithoutSeeds[321]" classname="net.openhft.hashing.XxHashTest" time="0.0"/>
  <testcase name="testCityWithOneSeed[321]" classname="net.openhft.hashing.XxHashTest" time="0.0"/>
  <testcase name="testCityWithoutSeeds[322]" classname="net.openhft.hashing.XxHashTest" time="0.0"/>
  <testcase name="testCityWithOneSeed[322]" classname="net.openhft.hashing.XxHashTest" time="0.0"/>
  <testcase name="testCityWithoutSeeds[323]" classname="net.openhft.hashing.XxHashTest" time="0.001"/>
  <testcase name="testCityWithOneSeed[323]" classname="net.openhft.hashing.XxHashTest" time="0.0"/>
  <testcase name="testCityWithoutSeeds[324]" classname="net.openhft.hashing.XxHashTest" time="0.0"/>
  <testcase name="testCityWithOneSeed[324]" classname="net.openhft.hashing.XxHashTest" time="0.0"/>
  <testcase name="testCityWithoutSeeds[325]" classname="net.openhft.hashing.XxHashTest" time="0.0"/>
  <testcase name="testCityWithOneSeed[325]" classname="net.openhft.hashing.XxHashTest" time="0.0"/>
  <testcase name="testCityWithoutSeeds[326]" classname="net.openhft.hashing.XxHashTest" time="0.0"/>
  <testcase name="testCityWithOneSeed[326]" classname="net.openhft.hashing.XxHashTest" time="0.0"/>
  <testcase name="testCityWithoutSeeds[327]" classname="net.openhft.hashing.XxHashTest" time="0.0"/>
  <testcase name="testCityWithOneSeed[327]" classname="net.openhft.hashing.XxHashTest" time="0.0"/>
  <testcase name="testCityWithoutSeeds[328]" classname="net.openhft.hashing.XxHashTest" time="0.0"/>
  <testcase name="testCityWithOneSeed[328]" classname="net.openhft.hashing.XxHashTest" time="0.0"/>
  <testcase name="testCityWithoutSeeds[329]" classname="net.openhft.hashing.XxHashTest" time="0.0"/>
  <testcase name="testCityWithOneSeed[329]" classname="net.openhft.hashing.XxHashTest" time="0.0"/>
  <testcase name="testCityWithoutSeeds[330]" classname="net.openhft.hashing.XxHashTest" time="0.0"/>
  <testcase name="testCityWithOneSeed[330]" classname="net.openhft.hashing.XxHashTest" time="0.0"/>
  <testcase name="testCityWithoutSeeds[331]" classname="net.openhft.hashing.XxHashTest" time="0.0"/>
  <testcase name="testCityWithOneSeed[331]" classname="net.openhft.hashing.XxHashTest" time="0.0"/>
  <testcase name="testCityWithoutSeeds[332]" classname="net.openhft.hashing.XxHashTest" time="0.0"/>
  <testcase name="testCityWithOneSeed[332]" classname="net.openhft.hashing.XxHashTest" time="0.0"/>
  <testcase name="testCityWithoutSeeds[333]" classname="net.openhft.hashing.XxHashTest" time="0.0"/>
  <testcase name="testCityWithOneSeed[333]" classname="net.openhft.hashing.XxHashTest" time="0.0"/>
  <testcase name="testCityWithoutSeeds[334]" classname="net.openhft.hashing.XxHashTest" time="0.0"/>
  <testcase name="testCityWithOneSeed[334]" classname="net.openhft.hashing.XxHashTest" time="0.0"/>
  <testcase name="testCityWithoutSeeds[335]" classname="net.openhft.hashing.XxHashTest" time="0.0"/>
  <testcase name="testCityWithOneSeed[335]" classname="net.openhft.hashing.XxHashTest" time="0.0"/>
  <testcase name="testCityWithoutSeeds[336]" classname="net.openhft.hashing.XxHashTest" time="0.0"/>
  <testcase name="testCityWithOneSeed[336]" classname="net.openhft.hashing.XxHashTest" time="0.0"/>
  <testcase name="testCityWithoutSeeds[337]" classname="net.openhft.hashing.XxHashTest" time="0.0"/>
  <testcase name="testCityWithOneSeed[337]" classname="net.openhft.hashing.XxHashTest" time="0.0"/>
  <testcase name="testCityWithoutSeeds[338]" classname="net.openhft.hashing.XxHashTest" time="0.0"/>
  <testcase name="testCityWithOneSeed[338]" classname="net.openhft.hashing.XxHashTest" time="0.0"/>
  <testcase name="testCityWithoutSeeds[339]" classname="net.openhft.hashing.XxHashTest" time="0.0"/>
  <testcase name="testCityWithOneSeed[339]" classname="net.openhft.hashing.XxHashTest" time="0.0"/>
  <testcase name="testCityWithoutSeeds[340]" classname="net.openhft.hashing.XxHashTest" time="0.0"/>
  <testcase name="testCityWithOneSeed[340]" classname="net.openhft.hashing.XxHashTest" time="0.001"/>
  <testcase name="testCityWithoutSeeds[341]" classname="net.openhft.hashing.XxHashTest" time="0.0"/>
  <testcase name="testCityWithOneSeed[341]" classname="net.openhft.hashing.XxHashTest" time="0.0"/>
  <testcase name="testCityWithoutSeeds[342]" classname="net.openhft.hashing.XxHashTest" time="0.0"/>
  <testcase name="testCityWithOneSeed[342]" classname="net.openhft.hashing.XxHashTest" time="0.0"/>
  <testcase name="testCityWithoutSeeds[343]" classname="net.openhft.hashing.XxHashTest" time="0.0"/>
  <testcase name="testCityWithOneSeed[343]" classname="net.openhft.hashing.XxHashTest" time="0.0"/>
  <testcase name="testCityWithoutSeeds[344]" classname="net.openhft.hashing.XxHashTest" time="0.0"/>
  <testcase name="testCityWithOneSeed[344]" classname="net.openhft.hashing.XxHashTest" time="0.0"/>
  <testcase name="testCityWithoutSeeds[345]" classname="net.openhft.hashing.XxHashTest" time="0.0"/>
  <testcase name="testCityWithOneSeed[345]" classname="net.openhft.hashing.XxHashTest" time="0.0"/>
  <testcase name="testCityWithoutSeeds[346]" classname="net.openhft.hashing.XxHashTest" time="0.0"/>
  <testcase name="testCityWithOneSeed[346]" classname="net.openhft.hashing.XxHashTest" time="0.0"/>
  <testcase name="testCityWithoutSeeds[347]" classname="net.openhft.hashing.XxHashTest" time="0.0"/>
  <testcase name="testCityWithOneSeed[347]" classname="net.openhft.hashing.XxHashTest" time="0.0"/>
  <testcase name="testCityWithoutSeeds[348]" classname="net.openhft.hashing.XxHashTest" time="0.0"/>
  <testcase name="testCityWithOneSeed[348]" classname="net.openhft.hashing.XxHashTest" time="0.0"/>
  <testcase name="testCityWithoutSeeds[349]" classname="net.openhft.hashing.XxHashTest" time="0.0"/>
  <testcase name="testCityWithOneSeed[349]" classname="net.openhft.hashing.XxHashTest" time="0.0"/>
  <testcase name="testCityWithoutSeeds[350]" classname="net.openhft.hashing.XxHashTest" time="0.0"/>
  <testcase name="testCityWithOneSeed[350]" classname="net.openhft.hashing.XxHashTest" time="0.0"/>
  <testcase name="testCityWithoutSeeds[351]" classname="net.openhft.hashing.XxHashTest" time="0.0"/>
  <testcase name="testCityWithOneSeed[351]" classname="net.openhft.hashing.XxHashTest" time="0.0"/>
  <testcase name="testCityWithoutSeeds[352]" classname="net.openhft.hashing.XxHashTest" time="0.0"/>
  <testcase name="testCityWithOneSeed[352]" classname="net.openhft.hashing.XxHashTest" time="0.0"/>
  <testcase name="testCityWithoutSeeds[353]" classname="net.openhft.hashing.XxHashTest" time="0.0"/>
  <testcase name="testCityWithOneSeed[353]" classname="net.openhft.hashing.XxHashTest" time="0.0"/>
  <testcase name="testCityWithoutSeeds[354]" classname="net.openhft.hashing.XxHashTest" time="0.0"/>
  <testcase name="testCityWithOneSeed[354]" classname="net.openhft.hashing.XxHashTest" time="0.0"/>
  <testcase name="testCityWithoutSeeds[355]" classname="net.openhft.hashing.XxHashTest" time="0.0"/>
  <testcase name="testCityWithOneSeed[355]" classname="net.openhft.hashing.XxHashTest" time="0.0"/>
  <testcase name="testCityWithoutSeeds[356]" classname="net.openhft.hashing.XxHashTest" time="0.0"/>
  <testcase name="testCityWithOneSeed[356]" classname="net.openhft.hashing.XxHashTest" time="0.0"/>
  <testcase name="testCityWithoutSeeds[357]" classname="net.openhft.hashing.XxHashTest" time="0.0"/>
  <testcase name="testCityWithOneSeed[357]" classname="net.openhft.hashing.XxHashTest" time="0.0"/>
  <testcase name="testCityWithoutSeeds[358]" classname="net.openhft.hashing.XxHashTest" time="0.0"/>
  <testcase name="testCityWithOneSeed[358]" classname="net.openhft.hashing.XxHashTest" time="0.0"/>
  <testcase name="testCityWithoutSeeds[359]" classname="net.openhft.hashing.XxHashTest" time="0.0"/>
  <testcase name="testCityWithOneSeed[359]" classname="net.openhft.hashing.XxHashTest" time="0.0"/>
  <testcase name="testCityWithoutSeeds[360]" classname="net.openhft.hashing.XxHashTest" time="0.0"/>
  <testcase name="testCityWithOneSeed[360]" classname="net.openhft.hashing.XxHashTest" time="0.0"/>
  <testcase name="testCityWithoutSeeds[361]" classname="net.openhft.hashing.XxHashTest" time="0.0"/>
  <testcase name="testCityWithOneSeed[361]" classname="net.openhft.hashing.XxHashTest" time="0.0"/>
  <testcase name="testCityWithoutSeeds[362]" classname="net.openhft.hashing.XxHashTest" time="0.0"/>
  <testcase name="testCityWithOneSeed[362]" classname="net.openhft.hashing.XxHashTest" time="0.0"/>
  <testcase name="testCityWithoutSeeds[363]" classname="net.openhft.hashing.XxHashTest" time="0.0"/>
  <testcase name="testCityWithOneSeed[363]" classname="net.openhft.hashing.XxHashTest" time="0.0"/>
  <testcase name="testCityWithoutSeeds[364]" classname="net.openhft.hashing.XxHashTest" time="0.0"/>
  <testcase name="testCityWithOneSeed[364]" classname="net.openhft.hashing.XxHashTest" time="0.0"/>
  <testcase name="testCityWithoutSeeds[365]" classname="net.openhft.hashing.XxHashTest" time="0.0"/>
  <testcase name="testCityWithOneSeed[365]" classname="net.openhft.hashing.XxHashTest" time="0.0"/>
  <testcase name="testCityWithoutSeeds[366]" classname="net.openhft.hashing.XxHashTest" time="0.0"/>
  <testcase name="testCityWithOneSeed[366]" classname="net.openhft.hashing.XxHashTest" time="0.0"/>
  <testcase name="testCityWithoutSeeds[367]" classname="net.openhft.hashing.XxHashTest" time="0.0"/>
  <testcase name="testCityWithOneSeed[367]" classname="net.openhft.hashing.XxHashTest" time="0.0"/>
  <testcase name="testCityWithoutSeeds[368]" classname="net.openhft.hashing.XxHashTest" time="0.0"/>
  <testcase name="testCityWithOneSeed[368]" classname="net.openhft.hashing.XxHashTest" time="0.0"/>
  <testcase name="testCityWithoutSeeds[369]" classname="net.openhft.hashing.XxHashTest" time="0.0"/>
  <testcase name="testCityWithOneSeed[369]" classname="net.openhft.hashing.XxHashTest" time="0.0"/>
  <testcase name="testCityWithoutSeeds[370]" classname="net.openhft.hashing.XxHashTest" time="0.0"/>
  <testcase name="testCityWithOneSeed[370]" classname="net.openhft.hashing.XxHashTest" time="0.0"/>
  <testcase name="testCityWithoutSeeds[371]" classname="net.openhft.hashing.XxHashTest" time="0.0"/>
  <testcase name="testCityWithOneSeed[371]" classname="net.openhft.hashing.XxHashTest" time="0.0"/>
  <testcase name="testCityWithoutSeeds[372]" classname="net.openhft.hashing.XxHashTest" time="0.0"/>
  <testcase name="testCityWithOneSeed[372]" classname="net.openhft.hashing.XxHashTest" time="0.0"/>
  <testcase name="testCityWithoutSeeds[373]" classname="net.openhft.hashing.XxHashTest" time="0.001"/>
  <testcase name="testCityWithOneSeed[373]" classname="net.openhft.hashing.XxHashTest" time="0.0"/>
  <testcase name="testCityWithoutSeeds[374]" classname="net.openhft.hashing.XxHashTest" time="0.0"/>
  <testcase name="testCityWithOneSeed[374]" classname="net.openhft.hashing.XxHashTest" time="0.0"/>
  <testcase name="testCityWithoutSeeds[375]" classname="net.openhft.hashing.XxHashTest" time="0.0"/>
  <testcase name="testCityWithOneSeed[375]" classname="net.openhft.hashing.XxHashTest" time="0.0"/>
  <testcase name="testCityWithoutSeeds[376]" classname="net.openhft.hashing.XxHashTest" time="0.0"/>
  <testcase name="testCityWithOneSeed[376]" classname="net.openhft.hashing.XxHashTest" time="0.0"/>
  <testcase name="testCityWithoutSeeds[377]" classname="net.openhft.hashing.XxHashTest" time="0.0"/>
  <testcase name="testCityWithOneSeed[377]" classname="net.openhft.hashing.XxHashTest" time="0.0"/>
  <testcase name="testCityWithoutSeeds[378]" classname="net.openhft.hashing.XxHashTest" time="0.0"/>
  <testcase name="testCityWithOneSeed[378]" classname="net.openhft.hashing.XxHashTest" time="0.0"/>
  <testcase name="testCityWithoutSeeds[379]" classname="net.openhft.hashing.XxHashTest" time="0.0"/>
  <testcase name="testCityWithOneSeed[379]" classname="net.openhft.hashing.XxHashTest" time="0.0"/>
  <testcase name="testCityWithoutSeeds[380]" classname="net.openhft.hashing.XxHashTest" time="0.0"/>
  <testcase name="testCityWithOneSeed[380]" classname="net.openhft.hashing.XxHashTest" time="0.0"/>
  <testcase name="testCityWithoutSeeds[381]" classname="net.openhft.hashing.XxHashTest" time="0.0"/>
  <testcase name="testCityWithOneSeed[381]" classname="net.openhft.hashing.XxHashTest" time="0.0"/>
  <testcase name="testCityWithoutSeeds[382]" classname="net.openhft.hashing.XxHashTest" time="0.0"/>
  <testcase name="testCityWithOneSeed[382]" classname="net.openhft.hashing.XxHashTest" time="0.0"/>
  <testcase name="testCityWithoutSeeds[383]" classname="net.openhft.hashing.XxHashTest" time="0.0"/>
  <testcase name="testCityWithOneSeed[383]" classname="net.openhft.hashing.XxHashTest" time="0.0"/>
  <testcase name="testCityWithoutSeeds[384]" classname="net.openhft.hashing.XxHashTest" time="0.0"/>
  <testcase name="testCityWithOneSeed[384]" classname="net.openhft.hashing.XxHashTest" time="0.0"/>
  <testcase name="testCityWithoutSeeds[385]" classname="net.openhft.hashing.XxHashTest" time="0.0"/>
  <testcase name="testCityWithOneSeed[385]" classname="net.openhft.hashing.XxHashTest" time="0.0"/>
  <testcase name="testCityWithoutSeeds[386]" classname="net.openhft.hashing.XxHashTest" time="0.0"/>
  <testcase name="testCityWithOneSeed[386]" classname="net.openhft.hashing.XxHashTest" time="0.0"/>
  <testcase name="testCityWithoutSeeds[387]" classname="net.openhft.hashing.XxHashTest" time="0.0"/>
  <testcase name="testCityWithOneSeed[387]" classname="net.openhft.hashing.XxHashTest" time="0.0"/>
  <testcase name="testCityWithoutSeeds[388]" classname="net.openhft.hashing.XxHashTest" time="0.0"/>
  <testcase name="testCityWithOneSeed[388]" classname="net.openhft.hashing.XxHashTest" time="0.0"/>
  <testcase name="testCityWithoutSeeds[389]" classname="net.openhft.hashing.XxHashTest" time="0.0"/>
  <testcase name="testCityWithOneSeed[389]" classname="net.openhft.hashing.XxHashTest" time="0.0"/>
  <testcase name="testCityWithoutSeeds[390]" classname="net.openhft.hashing.XxHashTest" time="0.0"/>
  <testcase name="testCityWithOneSeed[390]" classname="net.openhft.hashing.XxHashTest" time="0.0"/>
  <testcase name="testCityWithoutSeeds[391]" classname="net.openhft.hashing.XxHashTest" time="0.0"/>
  <testcase name="testCityWithOneSeed[391]" classname="net.openhft.hashing.XxHashTest" time="0.0"/>
  <testcase name="testCityWithoutSeeds[392]" classname="net.openhft.hashing.XxHashTest" time="0.0"/>
  <testcase name="testCityWithOneSeed[392]" classname="net.openhft.hashing.XxHashTest" time="0.0"/>
  <testcase name="testCityWithoutSeeds[393]" classname="net.openhft.hashing.XxHashTest" time="0.0"/>
  <testcase name="testCityWithOneSeed[393]" classname="net.openhft.hashing.XxHashTest" time="0.0"/>
  <testcase name="testCityWithoutSeeds[394]" classname="net.openhft.hashing.XxHashTest" time="0.0"/>
  <testcase name="testCityWithOneSeed[394]" classname="net.openhft.hashing.XxHashTest" time="0.0"/>
  <testcase name="testCityWithoutSeeds[395]" classname="net.openhft.hashing.XxHashTest" time="0.0"/>
  <testcase name="testCityWithOneSeed[395]" classname="net.openhft.hashing.XxHashTest" time="0.0"/>
  <testcase name="testCityWithoutSeeds[396]" classname="net.openhft.hashing.XxHashTest" time="0.0"/>
  <testcase name="testCityWithOneSeed[396]" classname="net.openhft.hashing.XxHashTest" time="0.0"/>
  <testcase name="testCityWithoutSeeds[397]" classname="net.openhft.hashing.XxHashTest" time="0.0"/>
  <testcase name="testCityWithOneSeed[397]" classname="net.openhft.hashing.XxHashTest" time="0.0"/>
  <testcase name="testCityWithoutSeeds[398]" classname="net.openhft.hashing.XxHashTest" time="0.0"/>
  <testcase name="testCityWithOneSeed[398]" classname="net.openhft.hashing.XxHashTest" time="0.0"/>
  <testcase name="testCityWithoutSeeds[399]" classname="net.openhft.hashing.XxHashTest" time="0.0"/>
  <testcase name="testCityWithOneSeed[399]" classname="net.openhft.hashing.XxHashTest" time="0.0"/>
  <testcase name="testCityWithoutSeeds[400]" classname="net.openhft.hashing.XxHashTest" time="0.0"/>
  <testcase name="testCityWithOneSeed[400]" classname="net.openhft.hashing.XxHashTest" time="0.001"/>
  <testcase name="testCityWithoutSeeds[401]" classname="net.openhft.hashing.XxHashTest" time="0.0"/>
  <testcase name="testCityWithOneSeed[401]" classname="net.openhft.hashing.XxHashTest" time="0.0"/>
  <testcase name="testCityWithoutSeeds[402]" classname="net.openhft.hashing.XxHashTest" time="0.0"/>
  <testcase name="testCityWithOneSeed[402]" classname="net.openhft.hashing.XxHashTest" time="0.0"/>
  <testcase name="testCityWithoutSeeds[403]" classname="net.openhft.hashing.XxHashTest" time="0.0"/>
  <testcase name="testCityWithOneSeed[403]" classname="net.openhft.hashing.XxHashTest" time="0.0"/>
  <testcase name="testCityWithoutSeeds[404]" classname="net.openhft.hashing.XxHashTest" time="0.0"/>
  <testcase name="testCityWithOneSeed[404]" classname="net.openhft.hashing.XxHashTest" time="0.0"/>
  <testcase name="testCityWithoutSeeds[405]" classname="net.openhft.hashing.XxHashTest" time="0.0"/>
  <testcase name="testCityWithOneSeed[405]" classname="net.openhft.hashing.XxHashTest" time="0.0"/>
  <testcase name="testCityWithoutSeeds[406]" classname="net.openhft.hashing.XxHashTest" time="0.0"/>
  <testcase name="testCityWithOneSeed[406]" classname="net.openhft.hashing.XxHashTest" time="0.0"/>
  <testcase name="testCityWithoutSeeds[407]" classname="net.openhft.hashing.XxHashTest" time="0.0"/>
  <testcase name="testCityWithOneSeed[407]" classname="net.openhft.hashing.XxHashTest" time="0.0"/>
  <testcase name="testCityWithoutSeeds[408]" classname="net.openhft.hashing.XxHashTest" time="0.0"/>
  <testcase name="testCityWithOneSeed[408]" classname="net.openhft.hashing.XxHashTest" time="0.0"/>
  <testcase name="testCityWithoutSeeds[409]" classname="net.openhft.hashing.XxHashTest" time="0.01"/>
  <testcase name="testCityWithOneSeed[409]" classname="net.openhft.hashing.XxHashTest" time="0.0"/>
  <testcase name="testCityWithoutSeeds[410]" classname="net.openhft.hashing.XxHashTest" time="0.001"/>
  <testcase name="testCityWithOneSeed[410]" classname="net.openhft.hashing.XxHashTest" time="0.0"/>
  <testcase name="testCityWithoutSeeds[411]" classname="net.openhft.hashing.XxHashTest" time="0.0"/>
  <testcase name="testCityWithOneSeed[411]" classname="net.openhft.hashing.XxHashTest" time="0.0"/>
  <testcase name="testCityWithoutSeeds[412]" classname="net.openhft.hashing.XxHashTest" time="0.0"/>
  <testcase name="testCityWithOneSeed[412]" classname="net.openhft.hashing.XxHashTest" time="0.0"/>
  <testcase name="testCityWithoutSeeds[413]" classname="net.openhft.hashing.XxHashTest" time="0.0"/>
  <testcase name="testCityWithOneSeed[413]" classname="net.openhft.hashing.XxHashTest" time="0.0"/>
  <testcase name="testCityWithoutSeeds[414]" classname="net.openhft.hashing.XxHashTest" time="0.0"/>
  <testcase name="testCityWithOneSeed[414]" classname="net.openhft.hashing.XxHashTest" time="0.0"/>
  <testcase name="testCityWithoutSeeds[415]" classname="net.openhft.hashing.XxHashTest" time="0.0"/>
  <testcase name="testCityWithOneSeed[415]" classname="net.openhft.hashing.XxHashTest" time="0.0"/>
  <testcase name="testCityWithoutSeeds[416]" classname="net.openhft.hashing.XxHashTest" time="0.001"/>
  <testcase name="testCityWithOneSeed[416]" classname="net.openhft.hashing.XxHashTest" time="0.0"/>
  <testcase name="testCityWithoutSeeds[417]" classname="net.openhft.hashing.XxHashTest" time="0.0"/>
  <testcase name="testCityWithOneSeed[417]" classname="net.openhft.hashing.XxHashTest" time="0.0"/>
  <testcase name="testCityWithoutSeeds[418]" classname="net.openhft.hashing.XxHashTest" time="0.0"/>
  <testcase name="testCityWithOneSeed[418]" classname="net.openhft.hashing.XxHashTest" time="0.0"/>
  <testcase name="testCityWithoutSeeds[419]" classname="net.openhft.hashing.XxHashTest" time="0.0"/>
  <testcase name="testCityWithOneSeed[419]" classname="net.openhft.hashing.XxHashTest" time="0.0"/>
  <testcase name="testCityWithoutSeeds[420]" classname="net.openhft.hashing.XxHashTest" time="0.0"/>
  <testcase name="testCityWithOneSeed[420]" classname="net.openhft.hashing.XxHashTest" time="0.0"/>
  <testcase name="testCityWithoutSeeds[421]" classname="net.openhft.hashing.XxHashTest" time="0.024"/>
  <testcase name="testCityWithOneSeed[421]" classname="net.openhft.hashing.XxHashTest" time="0.0"/>
  <testcase name="testCityWithoutSeeds[422]" classname="net.openhft.hashing.XxHashTest" time="0.001"/>
  <testcase name="testCityWithOneSeed[422]" classname="net.openhft.hashing.XxHashTest" time="0.0"/>
  <testcase name="testCityWithoutSeeds[423]" classname="net.openhft.hashing.XxHashTest" time="0.0"/>
  <testcase name="testCityWithOneSeed[423]" classname="net.openhft.hashing.XxHashTest" time="0.0"/>
  <testcase name="testCityWithoutSeeds[424]" classname="net.openhft.hashing.XxHashTest" time="0.0"/>
  <testcase name="testCityWithOneSeed[424]" classname="net.openhft.hashing.XxHashTest" time="0.0"/>
  <testcase name="testCityWithoutSeeds[425]" classname="net.openhft.hashing.XxHashTest" time="0.0"/>
  <testcase name="testCityWithOneSeed[425]" classname="net.openhft.hashing.XxHashTest" time="0.0"/>
  <testcase name="testCityWithoutSeeds[426]" classname="net.openhft.hashing.XxHashTest" time="0.0"/>
  <testcase name="testCityWithOneSeed[426]" classname="net.openhft.hashing.XxHashTest" time="0.001"/>
  <testcase name="testCityWithoutSeeds[427]" classname="net.openhft.hashing.XxHashTest" time="0.0"/>
  <testcase name="testCityWithOneSeed[427]" classname="net.openhft.hashing.XxHashTest" time="0.0"/>
  <testcase name="testCityWithoutSeeds[428]" classname="net.openhft.hashing.XxHashTest" time="0.0"/>
  <testcase name="testCityWithOneSeed[428]" classname="net.openhft.hashing.XxHashTest" time="0.001"/>
  <testcase name="testCityWithoutSeeds[429]" classname="net.openhft.hashing.XxHashTest" time="0.0"/>
  <testcase name="testCityWithOneSeed[429]" classname="net.openhft.hashing.XxHashTest" time="0.0"/>
  <testcase name="testCityWithoutSeeds[430]" classname="net.openhft.hashing.XxHashTest" time="0.0"/>
  <testcase name="testCityWithOneSeed[430]" classname="net.openhft.hashing.XxHashTest" time="0.001"/>
  <testcase name="testCityWithoutSeeds[431]" classname="net.openhft.hashing.XxHashTest" time="0.0"/>
  <testcase name="testCityWithOneSeed[431]" classname="net.openhft.hashing.XxHashTest" time="0.0"/>
  <testcase name="testCityWithoutSeeds[432]" classname="net.openhft.hashing.XxHashTest" time="0.0"/>
  <testcase name="testCityWithOneSeed[432]" classname="net.openhft.hashing.XxHashTest" time="0.001"/>
  <testcase name="testCityWithoutSeeds[433]" classname="net.openhft.hashing.XxHashTest" time="0.0"/>
  <testcase name="testCityWithOneSeed[433]" classname="net.openhft.hashing.XxHashTest" time="0.0"/>
  <testcase name="testCityWithoutSeeds[434]" classname="net.openhft.hashing.XxHashTest" time="0.0"/>
  <testcase name="testCityWithOneSeed[434]" classname="net.openhft.hashing.XxHashTest" time="0.0"/>
  <testcase name="testCityWithoutSeeds[435]" classname="net.openhft.hashing.XxHashTest" time="0.001"/>
  <testcase name="testCityWithOneSeed[435]" classname="net.openhft.hashing.XxHashTest" time="0.0"/>
  <testcase name="testCityWithoutSeeds[436]" classname="net.openhft.hashing.XxHashTest" time="0.001"/>
  <testcase name="testCityWithOneSeed[436]" classname="net.openhft.hashing.XxHashTest" time="0.0"/>
  <testcase name="testCityWithoutSeeds[437]" classname="net.openhft.hashing.XxHashTest" time="0.0"/>
  <testcase name="testCityWithOneSeed[437]" classname="net.openhft.hashing.XxHashTest" time="0.0"/>
  <testcase name="testCityWithoutSeeds[438]" classname="net.openhft.hashing.XxHashTest" time="0.001"/>
  <testcase name="testCityWithOneSeed[438]" classname="net.openhft.hashing.XxHashTest" time="0.001"/>
  <testcase name="testCityWithoutSeeds[439]" classname="net.openhft.hashing.XxHashTest" time="0.0"/>
  <testcase name="testCityWithOneSeed[439]" classname="net.openhft.hashing.XxHashTest" time="0.0"/>
  <testcase name="testCityWithoutSeeds[440]" classname="net.openhft.hashing.XxHashTest" time="0.0"/>
  <testcase name="testCityWithOneSeed[440]" classname="net.openhft.hashing.XxHashTest" time="0.0"/>
  <testcase name="testCityWithoutSeeds[441]" classname="net.openhft.hashing.XxHashTest" time="0.0"/>
  <testcase name="testCityWithOneSeed[441]" classname="net.openhft.hashing.XxHashTest" time="0.0"/>
  <testcase name="testCityWithoutSeeds[442]" classname="net.openhft.hashing.XxHashTest" time="0.0"/>
  <testcase name="testCityWithOneSeed[442]" classname="net.openhft.hashing.XxHashTest" time="0.0"/>
  <testcase name="testCityWithoutSeeds[443]" classname="net.openhft.hashing.XxHashTest" time="0.0"/>
  <testcase name="testCityWithOneSeed[443]" classname="net.openhft.hashing.XxHashTest" time="0.0"/>
  <testcase name="testCityWithoutSeeds[444]" classname="net.openhft.hashing.XxHashTest" time="0.0"/>
  <testcase name="testCityWithOneSeed[444]" classname="net.openhft.hashing.XxHashTest" time="0.0"/>
  <testcase name="testCityWithoutSeeds[445]" classname="net.openhft.hashing.XxHashTest" time="0.0"/>
  <testcase name="testCityWithOneSeed[445]" classname="net.openhft.hashing.XxHashTest" time="0.0"/>
  <testcase name="testCityWithoutSeeds[446]" classname="net.openhft.hashing.XxHashTest" time="0.0"/>
  <testcase name="testCityWithOneSeed[446]" classname="net.openhft.hashing.XxHashTest" time="0.0"/>
  <testcase name="testCityWithoutSeeds[447]" classname="net.openhft.hashing.XxHashTest" time="0.001"/>
  <testcase name="testCityWithOneSeed[447]" classname="net.openhft.hashing.XxHashTest" time="0.0"/>
  <testcase name="testCityWithoutSeeds[448]" classname="net.openhft.hashing.XxHashTest" time="0.0"/>
  <testcase name="testCityWithOneSeed[448]" classname="net.openhft.hashing.XxHashTest" time="0.0"/>
  <testcase name="testCityWithoutSeeds[449]" classname="net.openhft.hashing.XxHashTest" time="0.0"/>
  <testcase name="testCityWithOneSeed[449]" classname="net.openhft.hashing.XxHashTest" time="0.001"/>
  <testcase name="testCityWithoutSeeds[450]" classname="net.openhft.hashing.XxHashTest" time="0.0"/>
  <testcase name="testCityWithOneSeed[450]" classname="net.openhft.hashing.XxHashTest" time="0.0"/>
  <testcase name="testCityWithoutSeeds[451]" classname="net.openhft.hashing.XxHashTest" time="0.0"/>
  <testcase name="testCityWithOneSeed[451]" classname="net.openhft.hashing.XxHashTest" time="0.0"/>
  <testcase name="testCityWithoutSeeds[452]" classname="net.openhft.hashing.XxHashTest" time="0.0"/>
  <testcase name="testCityWithOneSeed[452]" classname="net.openhft.hashing.XxHashTest" time="0.0"/>
  <testcase name="testCityWithoutSeeds[453]" classname="net.openhft.hashing.XxHashTest" time="0.0"/>
  <testcase name="testCityWithOneSeed[453]" classname="net.openhft.hashing.XxHashTest" time="0.0"/>
  <testcase name="testCityWithoutSeeds[454]" classname="net.openhft.hashing.XxHashTest" time="0.001"/>
  <testcase name="testCityWithOneSeed[454]" classname="net.openhft.hashing.XxHashTest" time="0.0"/>
  <testcase name="testCityWithoutSeeds[455]" classname="net.openhft.hashing.XxHashTest" time="0.0"/>
  <testcase name="testCityWithOneSeed[455]" classname="net.openhft.hashing.XxHashTest" time="0.0"/>
  <testcase name="testCityWithoutSeeds[456]" classname="net.openhft.hashing.XxHashTest" time="0.0"/>
  <testcase name="testCityWithOneSeed[456]" classname="net.openhft.hashing.XxHashTest" time="0.0"/>
  <testcase name="testCityWithoutSeeds[457]" classname="net.openhft.hashing.XxHashTest" time="0.0"/>
  <testcase name="testCityWithOneSeed[457]" classname="net.openhft.hashing.XxHashTest" time="0.001"/>
  <testcase name="testCityWithoutSeeds[458]" classname="net.openhft.hashing.XxHashTest" time="0.0"/>
  <testcase name="testCityWithOneSeed[458]" classname="net.openhft.hashing.XxHashTest" time="0.0"/>
  <testcase name="testCityWithoutSeeds[459]" classname="net.openhft.hashing.XxHashTest" time="0.0"/>
  <testcase name="testCityWithOneSeed[459]" classname="net.openhft.hashing.XxHashTest" time="0.001"/>
  <testcase name="testCityWithoutSeeds[460]" classname="net.openhft.hashing.XxHashTest" time="0.0"/>
  <testcase name="testCityWithOneSeed[460]" classname="net.openhft.hashing.XxHashTest" time="0.0"/>
  <testcase name="testCityWithoutSeeds[461]" classname="net.openhft.hashing.XxHashTest" time="0.0"/>
  <testcase name="testCityWithOneSeed[461]" classname="net.openhft.hashing.XxHashTest" time="0.0"/>
  <testcase name="testCityWithoutSeeds[462]" classname="net.openhft.hashing.XxHashTest" time="0.0"/>
  <testcase name="testCityWithOneSeed[462]" classname="net.openhft.hashing.XxHashTest" time="0.0"/>
  <testcase name="testCityWithoutSeeds[463]" classname="net.openhft.hashing.XxHashTest" time="0.0"/>
  <testcase name="testCityWithOneSeed[463]" classname="net.openhft.hashing.XxHashTest" time="0.0"/>
  <testcase name="testCityWithoutSeeds[464]" classname="net.openhft.hashing.XxHashTest" time="0.001"/>
  <testcase name="testCityWithOneSeed[464]" classname="net.openhft.hashing.XxHashTest" time="0.0"/>
  <testcase name="testCityWithoutSeeds[465]" classname="net.openhft.hashing.XxHashTest" time="0.0"/>
  <testcase name="testCityWithOneSeed[465]" classname="net.openhft.hashing.XxHashTest" time="0.0"/>
  <testcase name="testCityWithoutSeeds[466]" classname="net.openhft.hashing.XxHashTest" time="0.001"/>
  <testcase name="testCityWithOneSeed[466]" classname="net.openhft.hashing.XxHashTest" time="0.0"/>
  <testcase name="testCityWithoutSeeds[467]" classname="net.openhft.hashing.XxHashTest" time="0.0"/>
  <testcase name="testCityWithOneSeed[467]" classname="net.openhft.hashing.XxHashTest" time="0.0"/>
  <testcase name="testCityWithoutSeeds[468]" classname="net.openhft.hashing.XxHashTest" time="0.001"/>
  <testcase name="testCityWithOneSeed[468]" classname="net.openhft.hashing.XxHashTest" time="0.0"/>
  <testcase name="testCityWithoutSeeds[469]" classname="net.openhft.hashing.XxHashTest" time="0.0"/>
  <testcase name="testCityWithOneSeed[469]" classname="net.openhft.hashing.XxHashTest" time="0.0"/>
  <testcase name="testCityWithoutSeeds[470]" classname="net.openhft.hashing.XxHashTest" time="0.0"/>
  <testcase name="testCityWithOneSeed[470]" classname="net.openhft.hashing.XxHashTest" time="0.0"/>
  <testcase name="testCityWithoutSeeds[471]" classname="net.openhft.hashing.XxHashTest" time="0.0"/>
  <testcase name="testCityWithOneSeed[471]" classname="net.openhft.hashing.XxHashTest" time="0.0"/>
  <testcase name="testCityWithoutSeeds[472]" classname="net.openhft.hashing.XxHashTest" time="0.0"/>
  <testcase name="testCityWithOneSeed[472]" classname="net.openhft.hashing.XxHashTest" time="0.0"/>
  <testcase name="testCityWithoutSeeds[473]" classname="net.openhft.hashing.XxHashTest" time="0.001"/>
  <testcase name="testCityWithOneSeed[473]" classname="net.openhft.hashing.XxHashTest" time="0.0"/>
  <testcase name="testCityWithoutSeeds[474]" classname="net.openhft.hashing.XxHashTest" time="0.0"/>
  <testcase name="testCityWithOneSeed[474]" classname="net.openhft.hashing.XxHashTest" time="0.0"/>
  <testcase name="testCityWithoutSeeds[475]" classname="net.openhft.hashing.XxHashTest" time="0.0"/>
  <testcase name="testCityWithOneSeed[475]" classname="net.openhft.hashing.XxHashTest" time="0.0"/>
  <testcase name="testCityWithoutSeeds[476]" classname="net.openhft.hashing.XxHashTest" time="0.0"/>
  <testcase name="testCityWithOneSeed[476]" classname="net.openhft.hashing.XxHashTest" time="0.0"/>
  <testcase name="testCityWithoutSeeds[477]" classname="net.openhft.hashing.XxHashTest" time="0.0"/>
  <testcase name="testCityWithOneSeed[477]" classname="net.openhft.hashing.XxHashTest" time="0.0"/>
  <testcase name="testCityWithoutSeeds[478]" classname="net.openhft.hashing.XxHashTest" time="0.0"/>
  <testcase name="testCityWithOneSeed[478]" classname="net.openhft.hashing.XxHashTest" time="0.0"/>
  <testcase name="testCityWithoutSeeds[479]" classname="net.openhft.hashing.XxHashTest" time="0.0"/>
  <testcase name="testCityWithOneSeed[479]" classname="net.openhft.hashing.XxHashTest" time="0.0"/>
  <testcase name="testCityWithoutSeeds[480]" classname="net.openhft.hashing.XxHashTest" time="0.0"/>
  <testcase name="testCityWithOneSeed[480]" classname="net.openhft.hashing.XxHashTest" time="0.0"/>
  <testcase name="testCityWithoutSeeds[481]" classname="net.openhft.hashing.XxHashTest" time="0.0"/>
  <testcase name="testCityWithOneSeed[481]" classname="net.openhft.hashing.XxHashTest" time="0.0"/>
  <testcase name="testCityWithoutSeeds[482]" classname="net.openhft.hashing.XxHashTest" time="0.001"/>
  <testcase name="testCityWithOneSeed[482]" classname="net.openhft.hashing.XxHashTest" time="0.0"/>
  <testcase name="testCityWithoutSeeds[483]" classname="net.openhft.hashing.XxHashTest" time="0.0"/>
  <testcase name="testCityWithOneSeed[483]" classname="net.openhft.hashing.XxHashTest" time="0.0"/>
  <testcase name="testCityWithoutSeeds[484]" classname="net.openhft.hashing.XxHashTest" time="0.0"/>
  <testcase name="testCityWithOneSeed[484]" classname="net.openhft.hashing.XxHashTest" time="0.0"/>
  <testcase name="testCityWithoutSeeds[485]" classname="net.openhft.hashing.XxHashTest" time="0.0"/>
  <testcase name="testCityWithOneSeed[485]" classname="net.openhft.hashing.XxHashTest" time="0.0"/>
  <testcase name="testCityWithoutSeeds[486]" classname="net.openhft.hashing.XxHashTest" time="0.0"/>
  <testcase name="testCityWithOneSeed[486]" classname="net.openhft.hashing.XxHashTest" time="0.001"/>
  <testcase name="testCityWithoutSeeds[487]" classname="net.openhft.hashing.XxHashTest" time="0.001"/>
  <testcase name="testCityWithOneSeed[487]" classname="net.openhft.hashing.XxHashTest" time="0.0"/>
  <testcase name="testCityWithoutSeeds[488]" classname="net.openhft.hashing.XxHashTest" time="0.0"/>
  <testcase name="testCityWithOneSeed[488]" classname="net.openhft.hashing.XxHashTest" time="0.0"/>
  <testcase name="testCityWithoutSeeds[489]" classname="net.openhft.hashing.XxHashTest" time="0.0"/>
  <testcase name="testCityWithOneSeed[489]" classname="net.openhft.hashing.XxHashTest" time="0.0"/>
  <testcase name="testCityWithoutSeeds[490]" classname="net.openhft.hashing.XxHashTest" time="0.0"/>
  <testcase name="testCityWithOneSeed[490]" classname="net.openhft.hashing.XxHashTest" time="0.001"/>
  <testcase name="testCityWithoutSeeds[491]" classname="net.openhft.hashing.XxHashTest" time="0.0"/>
  <testcase name="testCityWithOneSeed[491]" classname="net.openhft.hashing.XxHashTest" time="0.0"/>
  <testcase name="testCityWithoutSeeds[492]" classname="net.openhft.hashing.XxHashTest" time="0.0"/>
  <testcase name="testCityWithOneSeed[492]" classname="net.openhft.hashing.XxHashTest" time="0.001"/>
  <testcase name="testCityWithoutSeeds[493]" classname="net.openhft.hashing.XxHashTest" time="0.0"/>
  <testcase name="testCityWithOneSeed[493]" classname="net.openhft.hashing.XxHashTest" time="0.0"/>
  <testcase name="testCityWithoutSeeds[494]" classname="net.openhft.hashing.XxHashTest" time="0.0"/>
  <testcase name="testCityWithOneSeed[494]" classname="net.openhft.hashing.XxHashTest" time="0.0"/>
  <testcase name="testCityWithoutSeeds[495]" classname="net.openhft.hashing.XxHashTest" time="0.001"/>
  <testcase name="testCityWithOneSeed[495]" classname="net.openhft.hashing.XxHashTest" time="0.0"/>
  <testcase name="testCityWithoutSeeds[496]" classname="net.openhft.hashing.XxHashTest" time="0.0"/>
  <testcase name="testCityWithOneSeed[496]" classname="net.openhft.hashing.XxHashTest" time="0.0"/>
  <testcase name="testCityWithoutSeeds[497]" classname="net.openhft.hashing.XxHashTest" time="0.0"/>
  <testcase name="testCityWithOneSeed[497]" classname="net.openhft.hashing.XxHashTest" time="0.0"/>
  <testcase name="testCityWithoutSeeds[498]" classname="net.openhft.hashing.XxHashTest" time="0.0"/>
  <testcase name="testCityWithOneSeed[498]" classname="net.openhft.hashing.XxHashTest" time="0.0"/>
  <testcase name="testCityWithoutSeeds[499]" classname="net.openhft.hashing.XxHashTest" time="0.0"/>
  <testcase name="testCityWithOneSeed[499]" classname="net.openhft.hashing.XxHashTest" time="0.001"/>
  <testcase name="testCityWithoutSeeds[500]" classname="net.openhft.hashing.XxHashTest" time="0.0"/>
  <testcase name="testCityWithOneSeed[500]" classname="net.openhft.hashing.XxHashTest" time="0.0"/>
  <testcase name="testCityWithoutSeeds[501]" classname="net.openhft.hashing.XxHashTest" time="0.0"/>
  <testcase name="testCityWithOneSeed[501]" classname="net.openhft.hashing.XxHashTest" time="0.0"/>
  <testcase name="testCityWithoutSeeds[502]" classname="net.openhft.hashing.XxHashTest" time="0.0"/>
  <testcase name="testCityWithOneSeed[502]" classname="net.openhft.hashing.XxHashTest" time="0.0"/>
  <testcase name="testCityWithoutSeeds[503]" classname="net.openhft.hashing.XxHashTest" time="0.0"/>
  <testcase name="testCityWithOneSeed[503]" classname="net.openhft.hashing.XxHashTest" time="0.0"/>
  <testcase name="testCityWithoutSeeds[504]" classname="net.openhft.hashing.XxHashTest" time="0.0"/>
  <testcase name="testCityWithOneSeed[504]" classname="net.openhft.hashing.XxHashTest" time="0.0"/>
  <testcase name="testCityWithoutSeeds[505]" classname="net.openhft.hashing.XxHashTest" time="0.0"/>
  <testcase name="testCityWithOneSeed[505]" classname="net.openhft.hashing.XxHashTest" time="0.0"/>
  <testcase name="testCityWithoutSeeds[506]" classname="net.openhft.hashing.XxHashTest" time="0.001"/>
  <testcase name="testCityWithOneSeed[506]" classname="net.openhft.hashing.XxHashTest" time="0.0"/>
  <testcase name="testCityWithoutSeeds[507]" classname="net.openhft.hashing.XxHashTest" time="0.0"/>
  <testcase name="testCityWithOneSeed[507]" classname="net.openhft.hashing.XxHashTest" time="0.0"/>
  <testcase name="testCityWithoutSeeds[508]" classname="net.openhft.hashing.XxHashTest" time="0.001"/>
  <testcase name="testCityWithOneSeed[508]" classname="net.openhft.hashing.XxHashTest" time="0.0"/>
  <testcase name="testCityWithoutSeeds[509]" classname="net.openhft.hashing.XxHashTest" time="0.0"/>
  <testcase name="testCityWithOneSeed[509]" classname="net.openhft.hashing.XxHashTest" time="0.0"/>
  <testcase name="testCityWithoutSeeds[510]" classname="net.openhft.hashing.XxHashTest" time="0.0"/>
  <testcase name="testCityWithOneSeed[510]" classname="net.openhft.hashing.XxHashTest" time="0.0"/>
  <testcase name="testCityWithoutSeeds[511]" classname="net.openhft.hashing.XxHashTest" time="0.001"/>
  <testcase name="testCityWithOneSeed[511]" classname="net.openhft.hashing.XxHashTest" time="0.0"/>
  <testcase name="testCityWithoutSeeds[512]" classname="net.openhft.hashing.XxHashTest" time="0.0"/>
  <testcase name="testCityWithOneSeed[512]" classname="net.openhft.hashing.XxHashTest" time="0.0"/>
  <testcase name="testCityWithoutSeeds[513]" classname="net.openhft.hashing.XxHashTest" time="0.0"/>
  <testcase name="testCityWithOneSeed[513]" classname="net.openhft.hashing.XxHashTest" time="0.0"/>
  <testcase name="testCityWithoutSeeds[514]" classname="net.openhft.hashing.XxHashTest" time="0.0"/>
  <testcase name="testCityWithOneSeed[514]" classname="net.openhft.hashing.XxHashTest" time="0.0"/>
  <testcase name="testCityWithoutSeeds[515]" classname="net.openhft.hashing.XxHashTest" time="0.0"/>
  <testcase name="testCityWithOneSeed[515]" classname="net.openhft.hashing.XxHashTest" time="0.0"/>
  <testcase name="testCityWithoutSeeds[516]" classname="net.openhft.hashing.XxHashTest" time="0.0"/>
  <testcase name="testCityWithOneSeed[516]" classname="net.openhft.hashing.XxHashTest" time="0.0"/>
  <testcase name="testCityWithoutSeeds[517]" classname="net.openhft.hashing.XxHashTest" time="0.0"/>
  <testcase name="testCityWithOneSeed[517]" classname="net.openhft.hashing.XxHashTest" time="0.0"/>
  <testcase name="testCityWithoutSeeds[518]" classname="net.openhft.hashing.XxHashTest" time="0.0"/>
  <testcase name="testCityWithOneSeed[518]" classname="net.openhft.hashing.XxHashTest" time="0.001"/>
  <testcase name="testCityWithoutSeeds[519]" classname="net.openhft.hashing.XxHashTest" time="0.0"/>
  <testcase name="testCityWithOneSeed[519]" classname="net.openhft.hashing.XxHashTest" time="0.0"/>
  <testcase name="testCityWithoutSeeds[520]" classname="net.openhft.hashing.XxHashTest" time="0.0"/>
  <testcase name="testCityWithOneSeed[520]" classname="net.openhft.hashing.XxHashTest" time="0.0"/>
  <testcase name="testCityWithoutSeeds[521]" classname="net.openhft.hashing.XxHashTest" time="0.0"/>
  <testcase name="testCityWithOneSeed[521]" classname="net.openhft.hashing.XxHashTest" time="0.001"/>
  <testcase name="testCityWithoutSeeds[522]" classname="net.openhft.hashing.XxHashTest" time="0.0"/>
  <testcase name="testCityWithOneSeed[522]" classname="net.openhft.hashing.XxHashTest" time="0.0"/>
  <testcase name="testCityWithoutSeeds[523]" classname="net.openhft.hashing.XxHashTest" time="0.0"/>
  <testcase name="testCityWithOneSeed[523]" classname="net.openhft.hashing.XxHashTest" time="0.0"/>
  <testcase name="testCityWithoutSeeds[524]" classname="net.openhft.hashing.XxHashTest" time="0.001"/>
  <testcase name="testCityWithOneSeed[524]" classname="net.openhft.hashing.XxHashTest" time="0.0"/>
  <testcase name="testCityWithoutSeeds[525]" classname="net.openhft.hashing.XxHashTest" time="0.0"/>
  <testcase name="testCityWithOneSeed[525]" classname="net.openhft.hashing.XxHashTest" time="0.0"/>
  <testcase name="testCityWithoutSeeds[526]" classname="net.openhft.hashing.XxHashTest" time="0.0"/>
  <testcase name="testCityWithOneSeed[526]" classname="net.openhft.hashing.XxHashTest" time="0.0"/>
  <testcase name="testCityWithoutSeeds[527]" classname="net.openhft.hashing.XxHashTest" time="0.0"/>
  <testcase name="testCityWithOneSeed[527]" classname="net.openhft.hashing.XxHashTest" time="0.0"/>
  <testcase name="testCityWithoutSeeds[528]" classname="net.openhft.hashing.XxHashTest" time="0.001"/>
  <testcase name="testCityWithOneSeed[528]" classname="net.openhft.hashing.XxHashTest" time="0.0"/>
  <testcase name="testCityWithoutSeeds[529]" classname="net.openhft.hashing.XxHashTest" time="0.0"/>
  <testcase name="testCityWithOneSeed[529]" classname="net.openhft.hashing.XxHashTest" time="0.0"/>
  <testcase name="testCityWithoutSeeds[530]" classname="net.openhft.hashing.XxHashTest" time="0.0"/>
  <testcase name="testCityWithOneSeed[530]" classname="net.openhft.hashing.XxHashTest" time="0.0"/>
  <testcase name="testCityWithoutSeeds[531]" classname="net.openhft.hashing.XxHashTest" time="0.0"/>
  <testcase name="testCityWithOneSeed[531]" classname="net.openhft.hashing.XxHashTest" time="0.0"/>
  <testcase name="testCityWithoutSeeds[532]" classname="net.openhft.hashing.XxHashTest" time="0.0"/>
  <testcase name="testCityWithOneSeed[532]" classname="net.openhft.hashing.XxHashTest" time="0.001"/>
  <testcase name="testCityWithoutSeeds[533]" classname="net.openhft.hashing.XxHashTest" time="0.0"/>
  <testcase name="testCityWithOneSeed[533]" classname="net.openhft.hashing.XxHashTest" time="0.0"/>
  <testcase name="testCityWithoutSeeds[534]" classname="net.openhft.hashing.XxHashTest" time="0.0"/>
  <testcase name="testCityWithOneSeed[534]" classname="net.openhft.hashing.XxHashTest" time="0.0"/>
  <testcase name="testCityWithoutSeeds[535]" classname="net.openhft.hashing.XxHashTest" time="0.0"/>
  <testcase name="testCityWithOneSeed[535]" classname="net.openhft.hashing.XxHashTest" time="0.0"/>
  <testcase name="testCityWithoutSeeds[536]" classname="net.openhft.hashing.XxHashTest" time="0.0"/>
  <testcase name="testCityWithOneSeed[536]" classname="net.openhft.hashing.XxHashTest" time="0.0"/>
  <testcase name="testCityWithoutSeeds[537]" classname="net.openhft.hashing.XxHashTest" time="0.0"/>
  <testcase name="testCityWithOneSeed[537]" classname="net.openhft.hashing.XxHashTest" time="0.0"/>
  <testcase name="testCityWithoutSeeds[538]" classname="net.openhft.hashing.XxHashTest" time="0.0"/>
  <testcase name="testCityWithOneSeed[538]" classname="net.openhft.hashing.XxHashTest" time="0.0"/>
  <testcase name="testCityWithoutSeeds[539]" classname="net.openhft.hashing.XxHashTest" time="0.0"/>
  <testcase name="testCityWithOneSeed[539]" classname="net.openhft.hashing.XxHashTest" time="0.0"/>
  <testcase name="testCityWithoutSeeds[540]" classname="net.openhft.hashing.XxHashTest" time="0.0"/>
  <testcase name="testCityWithOneSeed[540]" classname="net.openhft.hashing.XxHashTest" time="0.0"/>
  <testcase name="testCityWithoutSeeds[541]" classname="net.openhft.hashing.XxHashTest" time="0.0"/>
  <testcase name="testCityWithOneSeed[541]" classname="net.openhft.hashing.XxHashTest" time="0.0"/>
  <testcase name="testCityWithoutSeeds[542]" classname="net.openhft.hashing.XxHashTest" time="0.0"/>
  <testcase name="testCityWithOneSeed[542]" classname="net.openhft.hashing.XxHashTest" time="0.001"/>
  <testcase name="testCityWithoutSeeds[543]" classname="net.openhft.hashing.XxHashTest" time="0.0"/>
  <testcase name="testCityWithOneSeed[543]" classname="net.openhft.hashing.XxHashTest" time="0.0"/>
  <testcase name="testCityWithoutSeeds[544]" classname="net.openhft.hashing.XxHashTest" time="0.0"/>
  <testcase name="testCityWithOneSeed[544]" classname="net.openhft.hashing.XxHashTest" time="0.0"/>
  <testcase name="testCityWithoutSeeds[545]" classname="net.openhft.hashing.XxHashTest" time="0.001"/>
  <testcase name="testCityWithOneSeed[545]" classname="net.openhft.hashing.XxHashTest" time="0.0"/>
  <testcase name="testCityWithoutSeeds[546]" classname="net.openhft.hashing.XxHashTest" time="0.001"/>
  <testcase name="testCityWithOneSeed[546]" classname="net.openhft.hashing.XxHashTest" time="0.0"/>
  <testcase name="testCityWithoutSeeds[547]" classname="net.openhft.hashing.XxHashTest" time="0.0"/>
  <testcase name="testCityWithOneSeed[547]" classname="net.openhft.hashing.XxHashTest" time="0.0"/>
  <testcase name="testCityWithoutSeeds[548]" classname="net.openhft.hashing.XxHashTest" time="0.0"/>
  <testcase name="testCityWithOneSeed[548]" classname="net.openhft.hashing.XxHashTest" time="0.0"/>
  <testcase name="testCityWithoutSeeds[549]" classname="net.openhft.hashing.XxHashTest" time="0.0"/>
  <testcase name="testCityWithOneSeed[549]" classname="net.openhft.hashing.XxHashTest" time="0.0"/>
  <testcase name="testCityWithoutSeeds[550]" classname="net.openhft.hashing.XxHashTest" time="0.0"/>
  <testcase name="testCityWithOneSeed[550]" classname="net.openhft.hashing.XxHashTest" time="0.0"/>
  <testcase name="testCityWithoutSeeds[551]" classname="net.openhft.hashing.XxHashTest" time="0.0"/>
  <testcase name="testCityWithOneSeed[551]" classname="net.openhft.hashing.XxHashTest" time="0.001"/>
  <testcase name="testCityWithoutSeeds[552]" classname="net.openhft.hashing.XxHashTest" time="0.0"/>
  <testcase name="testCityWithOneSeed[552]" classname="net.openhft.hashing.XxHashTest" time="0.0"/>
  <testcase name="testCityWithoutSeeds[553]" classname="net.openhft.hashing.XxHashTest" time="0.0"/>
  <testcase name="testCityWithOneSeed[553]" classname="net.openhft.hashing.XxHashTest" time="0.0"/>
  <testcase name="testCityWithoutSeeds[554]" classname="net.openhft.hashing.XxHashTest" time="0.0"/>
  <testcase name="testCityWithOneSeed[554]" classname="net.openhft.hashing.XxHashTest" time="0.0"/>
  <testcase name="testCityWithoutSeeds[555]" classname="net.openhft.hashing.XxHashTest" time="0.001"/>
  <testcase name="testCityWithOneSeed[555]" classname="net.openhft.hashing.XxHashTest" time="0.0"/>
  <testcase name="testCityWithoutSeeds[556]" classname="net.openhft.hashing.XxHashTest" time="0.0"/>
  <testcase name="testCityWithOneSeed[556]" classname="net.openhft.hashing.XxHashTest" time="0.0"/>
  <testcase name="testCityWithoutSeeds[557]" classname="net.openhft.hashing.XxHashTest" time="0.0"/>
  <testcase name="testCityWithOneSeed[557]" classname="net.openhft.hashing.XxHashTest" time="0.0"/>
  <testcase name="testCityWithoutSeeds[558]" classname="net.openhft.hashing.XxHashTest" time="0.0"/>
  <testcase name="testCityWithOneSeed[558]" classname="net.openhft.hashing.XxHashTest" time="0.0"/>
  <testcase name="testCityWithoutSeeds[559]" classname="net.openhft.hashing.XxHashTest" time="0.0"/>
  <testcase name="testCityWithOneSeed[559]" classname="net.openhft.hashing.XxHashTest" time="0.0"/>
  <testcase name="testCityWithoutSeeds[560]" classname="net.openhft.hashing.XxHashTest" time="0.0"/>
  <testcase name="testCityWithOneSeed[560]" classname="net.openhft.hashing.XxHashTest" time="0.0"/>
  <testcase name="testCityWithoutSeeds[561]" classname="net.openhft.hashing.XxHashTest" time="0.0"/>
  <testcase name="testCityWithOneSeed[561]" classname="net.openhft.hashing.XxHashTest" time="0.0"/>
  <testcase name="testCityWithoutSeeds[562]" classname="net.openhft.hashing.XxHashTest" time="0.0"/>
  <testcase name="testCityWithOneSeed[562]" classname="net.openhft.hashing.XxHashTest" time="0.0"/>
  <testcase name="testCityWithoutSeeds[563]" classname="net.openhft.hashing.XxHashTest" time="0.0"/>
  <testcase name="testCityWithOneSeed[563]" classname="net.openhft.hashing.XxHashTest" time="0.0"/>
  <testcase name="testCityWithoutSeeds[564]" classname="net.openhft.hashing.XxHashTest" time="0.0"/>
  <testcase name="testCityWithOneSeed[564]" classname="net.openhft.hashing.XxHashTest" time="0.0"/>
  <testcase name="testCityWithoutSeeds[565]" classname="net.openhft.hashing.XxHashTest" time="0.0"/>
  <testcase name="testCityWithOneSeed[565]" classname="net.openhft.hashing.XxHashTest" time="0.0"/>
  <testcase name="testCityWithoutSeeds[566]" classname="net.openhft.hashing.XxHashTest" time="0.0"/>
  <testcase name="testCityWithOneSeed[566]" classname="net.openhft.hashing.XxHashTest" time="0.0"/>
  <testcase name="testCityWithoutSeeds[567]" classname="net.openhft.hashing.XxHashTest" time="0.0"/>
  <testcase name="testCityWithOneSeed[567]" classname="net.openhft.hashing.XxHashTest" time="0.0"/>
  <testcase name="testCityWithoutSeeds[568]" classname="net.openhft.hashing.XxHashTest" time="0.0"/>
  <testcase name="testCityWithOneSeed[568]" classname="net.openhft.hashing.XxHashTest" time="0.0"/>
  <testcase name="testCityWithoutSeeds[569]" classname="net.openhft.hashing.XxHashTest" time="0.0"/>
  <testcase name="testCityWithOneSeed[569]" classname="net.openhft.hashing.XxHashTest" time="0.0"/>
  <testcase name="testCityWithoutSeeds[570]" classname="net.openhft.hashing.XxHashTest" time="0.0"/>
  <testcase name="testCityWithOneSeed[570]" classname="net.openhft.hashing.XxHashTest" time="0.0"/>
  <testcase name="testCityWithoutSeeds[571]" classname="net.openhft.hashing.XxHashTest" time="0.0"/>
  <testcase name="testCityWithOneSeed[571]" classname="net.openhft.hashing.XxHashTest" time="0.0"/>
  <testcase name="testCityWithoutSeeds[572]" classname="net.openhft.hashing.XxHashTest" time="0.0"/>
  <testcase name="testCityWithOneSeed[572]" classname="net.openhft.hashing.XxHashTest" time="0.0"/>
  <testcase name="testCityWithoutSeeds[573]" classname="net.openhft.hashing.XxHashTest" time="0.0"/>
  <testcase name="testCityWithOneSeed[573]" classname="net.openhft.hashing.XxHashTest" time="0.0"/>
  <testcase name="testCityWithoutSeeds[574]" classname="net.openhft.hashing.XxHashTest" time="0.0"/>
  <testcase name="testCityWithOneSeed[574]" classname="net.openhft.hashing.XxHashTest" time="0.0"/>
  <testcase name="testCityWithoutSeeds[575]" classname="net.openhft.hashing.XxHashTest" time="0.0"/>
  <testcase name="testCityWithOneSeed[575]" classname="net.openhft.hashing.XxHashTest" time="0.0"/>
  <testcase name="testCityWithoutSeeds[576]" classname="net.openhft.hashing.XxHashTest" time="0.0"/>
  <testcase name="testCityWithOneSeed[576]" classname="net.openhft.hashing.XxHashTest" time="0.0"/>
  <testcase name="testCityWithoutSeeds[577]" classname="net.openhft.hashing.XxHashTest" time="0.0"/>
  <testcase name="testCityWithOneSeed[577]" classname="net.openhft.hashing.XxHashTest" time="0.0"/>
  <testcase name="testCityWithoutSeeds[578]" classname="net.openhft.hashing.XxHashTest" time="0.0"/>
  <testcase name="testCityWithOneSeed[578]" classname="net.openhft.hashing.XxHashTest" time="0.0"/>
  <testcase name="testCityWithoutSeeds[579]" classname="net.openhft.hashing.XxHashTest" time="0.0"/>
  <testcase name="testCityWithOneSeed[579]" classname="net.openhft.hashing.XxHashTest" time="0.0"/>
  <testcase name="testCityWithoutSeeds[580]" classname="net.openhft.hashing.XxHashTest" time="0.0"/>
  <testcase name="testCityWithOneSeed[580]" classname="net.openhft.hashing.XxHashTest" time="0.0"/>
  <testcase name="testCityWithoutSeeds[581]" classname="net.openhft.hashing.XxHashTest" time="0.0"/>
  <testcase name="testCityWithOneSeed[581]" classname="net.openhft.hashing.XxHashTest" time="0.0"/>
  <testcase name="testCityWithoutSeeds[582]" classname="net.openhft.hashing.XxHashTest" time="0.001"/>
  <testcase name="testCityWithOneSeed[582]" classname="net.openhft.hashing.XxHashTest" time="0.0"/>
  <testcase name="testCityWithoutSeeds[583]" classname="net.openhft.hashing.XxHashTest" time="0.0"/>
  <testcase name="testCityWithOneSeed[583]" classname="net.openhft.hashing.XxHashTest" time="0.0"/>
  <testcase name="testCityWithoutSeeds[584]" classname="net.openhft.hashing.XxHashTest" time="0.0"/>
  <testcase name="testCityWithOneSeed[584]" classname="net.openhft.hashing.XxHashTest" time="0.0"/>
  <testcase name="testCityWithoutSeeds[585]" classname="net.openhft.hashing.XxHashTest" time="0.0"/>
  <testcase name="testCityWithOneSeed[585]" classname="net.openhft.hashing.XxHashTest" time="0.0"/>
  <testcase name="testCityWithoutSeeds[586]" classname="net.openhft.hashing.XxHashTest" time="0.0"/>
  <testcase name="testCityWithOneSeed[586]" classname="net.openhft.hashing.XxHashTest" time="0.0"/>
  <testcase name="testCityWithoutSeeds[587]" classname="net.openhft.hashing.XxHashTest" time="0.0"/>
  <testcase name="testCityWithOneSeed[587]" classname="net.openhft.hashing.XxHashTest" time="0.0"/>
  <testcase name="testCityWithoutSeeds[588]" classname="net.openhft.hashing.XxHashTest" time="0.0"/>
  <testcase name="testCityWithOneSeed[588]" classname="net.openhft.hashing.XxHashTest" time="0.0"/>
  <testcase name="testCityWithoutSeeds[589]" classname="net.openhft.hashing.XxHashTest" time="0.0"/>
  <testcase name="testCityWithOneSeed[589]" classname="net.openhft.hashing.XxHashTest" time="0.0"/>
  <testcase name="testCityWithoutSeeds[590]" classname="net.openhft.hashing.XxHashTest" time="0.0"/>
  <testcase name="testCityWithOneSeed[590]" classname="net.openhft.hashing.XxHashTest" time="0.001"/>
  <testcase name="testCityWithoutSeeds[591]" classname="net.openhft.hashing.XxHashTest" time="0.0"/>
  <testcase name="testCityWithOneSeed[591]" classname="net.openhft.hashing.XxHashTest" time="0.0"/>
  <testcase name="testCityWithoutSeeds[592]" classname="net.openhft.hashing.XxHashTest" time="0.0"/>
  <testcase name="testCityWithOneSeed[592]" classname="net.openhft.hashing.XxHashTest" time="0.0"/>
  <testcase name="testCityWithoutSeeds[593]" classname="net.openhft.hashing.XxHashTest" time="0.0"/>
  <testcase name="testCityWithOneSeed[593]" classname="net.openhft.hashing.XxHashTest" time="0.0"/>
  <testcase name="testCityWithoutSeeds[594]" classname="net.openhft.hashing.XxHashTest" time="0.0"/>
  <testcase name="testCityWithOneSeed[594]" classname="net.openhft.hashing.XxHashTest" time="0.0"/>
  <testcase name="testCityWithoutSeeds[595]" classname="net.openhft.hashing.XxHashTest" time="0.0"/>
  <testcase name="testCityWithOneSeed[595]" classname="net.openhft.hashing.XxHashTest" time="0.0"/>
  <testcase name="testCityWithoutSeeds[596]" classname="net.openhft.hashing.XxHashTest" time="0.0"/>
  <testcase name="testCityWithOneSeed[596]" classname="net.openhft.hashing.XxHashTest" time="0.0"/>
  <testcase name="testCityWithoutSeeds[597]" classname="net.openhft.hashing.XxHashTest" time="0.0"/>
  <testcase name="testCityWithOneSeed[597]" classname="net.openhft.hashing.XxHashTest" time="0.0"/>
  <testcase name="testCityWithoutSeeds[598]" classname="net.openhft.hashing.XxHashTest" time="0.0"/>
  <testcase name="testCityWithOneSeed[598]" classname="net.openhft.hashing.XxHashTest" time="0.001"/>
  <testcase name="testCityWithoutSeeds[599]" classname="net.openhft.hashing.XxHashTest" time="0.0"/>
  <testcase name="testCityWithOneSeed[599]" classname="net.openhft.hashing.XxHashTest" time="0.0"/>
  <testcase name="testCityWithoutSeeds[600]" classname="net.openhft.hashing.XxHashTest" time="0.0"/>
  <testcase name="testCityWithOneSeed[600]" classname="net.openhft.hashing.XxHashTest" time="0.0"/>
  <testcase name="testCityWithoutSeeds[601]" classname="net.openhft.hashing.XxHashTest" time="0.0"/>
  <testcase name="testCityWithOneSeed[601]" classname="net.openhft.hashing.XxHashTest" time="0.0"/>
  <testcase name="testCityWithoutSeeds[602]" classname="net.openhft.hashing.XxHashTest" time="0.0"/>
  <testcase name="testCityWithOneSeed[602]" classname="net.openhft.hashing.XxHashTest" time="0.0"/>
  <testcase name="testCityWithoutSeeds[603]" classname="net.openhft.hashing.XxHashTest" time="0.0"/>
  <testcase name="testCityWithOneSeed[603]" classname="net.openhft.hashing.XxHashTest" time="0.0"/>
  <testcase name="testCityWithoutSeeds[604]" classname="net.openhft.hashing.XxHashTest" time="0.0"/>
  <testcase name="testCityWithOneSeed[604]" classname="net.openhft.hashing.XxHashTest" time="0.0"/>
  <testcase name="testCityWithoutSeeds[605]" classname="net.openhft.hashing.XxHashTest" time="0.0"/>
  <testcase name="testCityWithOneSeed[605]" classname="net.openhft.hashing.XxHashTest" time="0.0"/>
  <testcase name="testCityWithoutSeeds[606]" classname="net.openhft.hashing.XxHashTest" time="0.0"/>
  <testcase name="testCityWithOneSeed[606]" classname="net.openhft.hashing.XxHashTest" time="0.0"/>
  <testcase name="testCityWithoutSeeds[607]" classname="net.openhft.hashing.XxHashTest" time="0.0"/>
  <testcase name="testCityWithOneSeed[607]" classname="net.openhft.hashing.XxHashTest" time="0.0"/>
  <testcase name="testCityWithoutSeeds[608]" classname="net.openhft.hashing.XxHashTest" time="0.0"/>
  <testcase name="testCityWithOneSeed[608]" classname="net.openhft.hashing.XxHashTest" time="0.0"/>
  <testcase name="testCityWithoutSeeds[609]" classname="net.openhft.hashing.XxHashTest" time="0.0"/>
  <testcase name="testCityWithOneSeed[609]" classname="net.openhft.hashing.XxHashTest" time="0.0"/>
  <testcase name="testCityWithoutSeeds[610]" classname="net.openhft.hashing.XxHashTest" time="0.0"/>
  <testcase name="testCityWithOneSeed[610]" classname="net.openhft.hashing.XxHashTest" time="0.001"/>
  <testcase name="testCityWithoutSeeds[611]" classname="net.openhft.hashing.XxHashTest" time="0.0"/>
  <testcase name="testCityWithOneSeed[611]" classname="net.openhft.hashing.XxHashTest" time="0.0"/>
  <testcase name="testCityWithoutSeeds[612]" classname="net.openhft.hashing.XxHashTest" time="0.0"/>
  <testcase name="testCityWithOneSeed[612]" classname="net.openhft.hashing.XxHashTest" time="0.0"/>
  <testcase name="testCityWithoutSeeds[613]" classname="net.openhft.hashing.XxHashTest" time="0.0"/>
  <testcase name="testCityWithOneSeed[613]" classname="net.openhft.hashing.XxHashTest" time="0.0"/>
  <testcase name="testCityWithoutSeeds[614]" classname="net.openhft.hashing.XxHashTest" time="0.0"/>
  <testcase name="testCityWithOneSeed[614]" classname="net.openhft.hashing.XxHashTest" time="0.0"/>
  <testcase name="testCityWithoutSeeds[615]" classname="net.openhft.hashing.XxHashTest" time="0.0"/>
  <testcase name="testCityWithOneSeed[615]" classname="net.openhft.hashing.XxHashTest" time="0.0"/>
  <testcase name="testCityWithoutSeeds[616]" classname="net.openhft.hashing.XxHashTest" time="0.0"/>
  <testcase name="testCityWithOneSeed[616]" classname="net.openhft.hashing.XxHashTest" time="0.0"/>
  <testcase name="testCityWithoutSeeds[617]" classname="net.openhft.hashing.XxHashTest" time="0.0"/>
  <testcase name="testCityWithOneSeed[617]" classname="net.openhft.hashing.XxHashTest" time="0.0"/>
  <testcase name="testCityWithoutSeeds[618]" classname="net.openhft.hashing.XxHashTest" time="0.0"/>
  <testcase name="testCityWithOneSeed[618]" classname="net.openhft.hashing.XxHashTest" time="0.0"/>
  <testcase name="testCityWithoutSeeds[619]" classname="net.openhft.hashing.XxHashTest" time="0.0"/>
  <testcase name="testCityWithOneSeed[619]" classname="net.openhft.hashing.XxHashTest" time="0.0"/>
  <testcase name="testCityWithoutSeeds[620]" classname="net.openhft.hashing.XxHashTest" time="0.001"/>
  <testcase name="testCityWithOneSeed[620]" classname="net.openhft.hashing.XxHashTest" time="0.0"/>
  <testcase name="testCityWithoutSeeds[621]" classname="net.openhft.hashing.XxHashTest" time="0.0"/>
  <testcase name="testCityWithOneSeed[621]" classname="net.openhft.hashing.XxHashTest" time="0.0"/>
  <testcase name="testCityWithoutSeeds[622]" classname="net.openhft.hashing.XxHashTest" time="0.0"/>
  <testcase name="testCityWithOneSeed[622]" classname="net.openhft.hashing.XxHashTest" time="0.0"/>
  <testcase name="testCityWithoutSeeds[623]" classname="net.openhft.hashing.XxHashTest" time="0.0"/>
  <testcase name="testCityWithOneSeed[623]" classname="net.openhft.hashing.XxHashTest" time="0.0"/>
  <testcase name="testCityWithoutSeeds[624]" classname="net.openhft.hashing.XxHashTest" time="0.0"/>
  <testcase name="testCityWithOneSeed[624]" classname="net.openhft.hashing.XxHashTest" time="0.061"/>
  <testcase name="testCityWithoutSeeds[625]" classname="net.openhft.hashing.XxHashTest" time="0.0"/>
  <testcase name="testCityWithOneSeed[625]" classname="net.openhft.hashing.XxHashTest" time="0.0"/>
  <testcase name="testCityWithoutSeeds[626]" classname="net.openhft.hashing.XxHashTest" time="0.0"/>
  <testcase name="testCityWithOneSeed[626]" classname="net.openhft.hashing.XxHashTest" time="0.0"/>
  <testcase name="testCityWithoutSeeds[627]" classname="net.openhft.hashing.XxHashTest" time="0.0"/>
  <testcase name="testCityWithOneSeed[627]" classname="net.openhft.hashing.XxHashTest" time="0.0"/>
  <testcase name="testCityWithoutSeeds[628]" classname="net.openhft.hashing.XxHashTest" time="0.0"/>
  <testcase name="testCityWithOneSeed[628]" classname="net.openhft.hashing.XxHashTest" time="0.0"/>
  <testcase name="testCityWithoutSeeds[629]" classname="net.openhft.hashing.XxHashTest" time="0.0"/>
  <testcase name="testCityWithOneSeed[629]" classname="net.openhft.hashing.XxHashTest" time="0.0"/>
  <testcase name="testCityWithoutSeeds[630]" classname="net.openhft.hashing.XxHashTest" time="0.0"/>
  <testcase name="testCityWithOneSeed[630]" classname="net.openhft.hashing.XxHashTest" time="0.0"/>
  <testcase name="testCityWithoutSeeds[631]" classname="net.openhft.hashing.XxHashTest" time="0.0"/>
  <testcase name="testCityWithOneSeed[631]" classname="net.openhft.hashing.XxHashTest" time="0.0"/>
  <testcase name="testCityWithoutSeeds[632]" classname="net.openhft.hashing.XxHashTest" time="0.0"/>
  <testcase name="testCityWithOneSeed[632]" classname="net.openhft.hashing.XxHashTest" time="0.0"/>
  <testcase name="testCityWithoutSeeds[633]" classname="net.openhft.hashing.XxHashTest" time="0.0"/>
  <testcase name="testCityWithOneSeed[633]" classname="net.openhft.hashing.XxHashTest" time="0.001"/>
  <testcase name="testCityWithoutSeeds[634]" classname="net.openhft.hashing.XxHashTest" time="0.0"/>
  <testcase name="testCityWithOneSeed[634]" classname="net.openhft.hashing.XxHashTest" time="0.0"/>
  <testcase name="testCityWithoutSeeds[635]" classname="net.openhft.hashing.XxHashTest" time="0.0"/>
  <testcase name="testCityWithOneSeed[635]" classname="net.openhft.hashing.XxHashTest" time="0.0"/>
  <testcase name="testCityWithoutSeeds[636]" classname="net.openhft.hashing.XxHashTest" time="0.001"/>
  <testcase name="testCityWithOneSeed[636]" classname="net.openhft.hashing.XxHashTest" time="0.0"/>
  <testcase name="testCityWithoutSeeds[637]" classname="net.openhft.hashing.XxHashTest" time="0.0"/>
  <testcase name="testCityWithOneSeed[637]" classname="net.openhft.hashing.XxHashTest" time="0.0"/>
  <testcase name="testCityWithoutSeeds[638]" classname="net.openhft.hashing.XxHashTest" time="0.0"/>
  <testcase name="testCityWithOneSeed[638]" classname="net.openhft.hashing.XxHashTest" time="0.0"/>
  <testcase name="testCityWithoutSeeds[639]" classname="net.openhft.hashing.XxHashTest" time="0.0"/>
  <testcase name="testCityWithOneSeed[639]" classname="net.openhft.hashing.XxHashTest" time="0.001"/>
  <testcase name="testCityWithoutSeeds[640]" classname="net.openhft.hashing.XxHashTest" time="0.0"/>
  <testcase name="testCityWithOneSeed[640]" classname="net.openhft.hashing.XxHashTest" time="0.0"/>
  <testcase name="testCityWithoutSeeds[641]" classname="net.openhft.hashing.XxHashTest" time="0.0"/>
  <testcase name="testCityWithOneSeed[641]" classname="net.openhft.hashing.XxHashTest" time="0.0"/>
  <testcase name="testCityWithoutSeeds[642]" classname="net.openhft.hashing.XxHashTest" time="0.0"/>
  <testcase name="testCityWithOneSeed[642]" classname="net.openhft.hashing.XxHashTest" time="0.0"/>
  <testcase name="testCityWithoutSeeds[643]" classname="net.openhft.hashing.XxHashTest" time="0.0"/>
  <testcase name="testCityWithOneSeed[643]" classname="net.openhft.hashing.XxHashTest" time="0.0"/>
  <testcase name="testCityWithoutSeeds[644]" classname="net.openhft.hashing.XxHashTest" time="0.0"/>
  <testcase name="testCityWithOneSeed[644]" classname="net.openhft.hashing.XxHashTest" time="0.0"/>
  <testcase name="testCityWithoutSeeds[645]" classname="net.openhft.hashing.XxHashTest" time="0.0"/>
  <testcase name="testCityWithOneSeed[645]" classname="net.openhft.hashing.XxHashTest" time="0.0"/>
  <testcase name="testCityWithoutSeeds[646]" classname="net.openhft.hashing.XxHashTest" time="0.0"/>
  <testcase name="testCityWithOneSeed[646]" classname="net.openhft.hashing.XxHashTest" time="0.0"/>
  <testcase name="testCityWithoutSeeds[647]" classname="net.openhft.hashing.XxHashTest" time="0.0"/>
  <testcase name="testCityWithOneSeed[647]" classname="net.openhft.hashing.XxHashTest" time="0.0"/>
  <testcase name="testCityWithoutSeeds[648]" classname="net.openhft.hashing.XxHashTest" time="0.0"/>
  <testcase name="testCityWithOneSeed[648]" classname="net.openhft.hashing.XxHashTest" time="0.0"/>
  <testcase name="testCityWithoutSeeds[649]" classname="net.openhft.hashing.XxHashTest" time="0.0"/>
  <testcase name="testCityWithOneSeed[649]" classname="net.openhft.hashing.XxHashTest" time="0.0"/>
  <testcase name="testCityWithoutSeeds[650]" classname="net.openhft.hashing.XxHashTest" time="0.0"/>
  <testcase name="testCityWithOneSeed[650]" classname="net.openhft.hashing.XxHashTest" time="0.0"/>
  <testcase name="testCityWithoutSeeds[651]" classname="net.openhft.hashing.XxHashTest" time="0.0"/>
  <testcase name="testCityWithOneSeed[651]" classname="net.openhft.hashing.XxHashTest" time="0.0"/>
  <testcase name="testCityWithoutSeeds[652]" classname="net.openhft.hashing.XxHashTest" time="0.0"/>
  <testcase name="testCityWithOneSeed[652]" classname="net.openhft.hashing.XxHashTest" time="0.0"/>
  <testcase name="testCityWithoutSeeds[653]" classname="net.openhft.hashing.XxHashTest" time="0.0"/>
  <testcase name="testCityWithOneSeed[653]" classname="net.openhft.hashing.XxHashTest" time="0.0"/>
  <testcase name="testCityWithoutSeeds[654]" classname="net.openhft.hashing.XxHashTest" time="0.001"/>
  <testcase name="testCityWithOneSeed[654]" classname="net.openhft.hashing.XxHashTest" time="0.0"/>
  <testcase name="testCityWithoutSeeds[655]" classname="net.openhft.hashing.XxHashTest" time="0.0"/>
  <testcase name="testCityWithOneSeed[655]" classname="net.openhft.hashing.XxHashTest" time="0.0"/>
  <testcase name="testCityWithoutSeeds[656]" classname="net.openhft.hashing.XxHashTest" time="0.011"/>
  <testcase name="testCityWithOneSeed[656]" classname="net.openhft.hashing.XxHashTest" time="0.001"/>
  <testcase name="testCityWithoutSeeds[657]" classname="net.openhft.hashing.XxHashTest" time="0.0"/>
  <testcase name="testCityWithOneSeed[657]" classname="net.openhft.hashing.XxHashTest" time="0.0"/>
  <testcase name="testCityWithoutSeeds[658]" classname="net.openhft.hashing.XxHashTest" time="0.0"/>
  <testcase name="testCityWithOneSeed[658]" classname="net.openhft.hashing.XxHashTest" time="0.0"/>
  <testcase name="testCityWithoutSeeds[659]" classname="net.openhft.hashing.XxHashTest" time="0.0"/>
  <testcase name="testCityWithOneSeed[659]" classname="net.openhft.hashing.XxHashTest" time="0.001"/>
  <testcase name="testCityWithoutSeeds[660]" classname="net.openhft.hashing.XxHashTest" time="0.0"/>
  <testcase name="testCityWithOneSeed[660]" classname="net.openhft.hashing.XxHashTest" time="0.0"/>
  <testcase name="testCityWithoutSeeds[661]" classname="net.openhft.hashing.XxHashTest" time="0.0"/>
  <testcase name="testCityWithOneSeed[661]" classname="net.openhft.hashing.XxHashTest" time="0.0"/>
  <testcase name="testCityWithoutSeeds[662]" classname="net.openhft.hashing.XxHashTest" time="0.0"/>
  <testcase name="testCityWithOneSeed[662]" classname="net.openhft.hashing.XxHashTest" time="0.0"/>
  <testcase name="testCityWithoutSeeds[663]" classname="net.openhft.hashing.XxHashTest" time="0.0"/>
  <testcase name="testCityWithOneSeed[663]" classname="net.openhft.hashing.XxHashTest" time="0.0"/>
  <testcase name="testCityWithoutSeeds[664]" classname="net.openhft.hashing.XxHashTest" time="0.0"/>
  <testcase name="testCityWithOneSeed[664]" classname="net.openhft.hashing.XxHashTest" time="0.0"/>
  <testcase name="testCityWithoutSeeds[665]" classname="net.openhft.hashing.XxHashTest" time="0.0"/>
  <testcase name="testCityWithOneSeed[665]" classname="net.openhft.hashing.XxHashTest" time="0.0"/>
  <testcase name="testCityWithoutSeeds[666]" classname="net.openhft.hashing.XxHashTest" time="0.001"/>
  <testcase name="testCityWithOneSeed[666]" classname="net.openhft.hashing.XxHashTest" time="0.0"/>
  <testcase name="testCityWithoutSeeds[667]" classname="net.openhft.hashing.XxHashTest" time="0.0"/>
  <testcase name="testCityWithOneSeed[667]" classname="net.openhft.hashing.XxHashTest" time="0.0"/>
  <testcase name="testCityWithoutSeeds[668]" classname="net.openhft.hashing.XxHashTest" time="0.005"/>
  <testcase name="testCityWithOneSeed[668]" classname="net.openhft.hashing.XxHashTest" time="0.001"/>
  <testcase name="testCityWithoutSeeds[669]" classname="net.openhft.hashing.XxHashTest" time="0.0"/>
  <testcase name="testCityWithOneSeed[669]" classname="net.openhft.hashing.XxHashTest" time="0.0"/>
  <testcase name="testCityWithoutSeeds[670]" classname="net.openhft.hashing.XxHashTest" time="0.0"/>
  <testcase name="testCityWithOneSeed[670]" classname="net.openhft.hashing.XxHashTest" time="0.0"/>
  <testcase name="testCityWithoutSeeds[671]" classname="net.openhft.hashing.XxHashTest" time="0.0"/>
  <testcase name="testCityWithOneSeed[671]" classname="net.openhft.hashing.XxHashTest" time="0.001"/>
  <testcase name="testCityWithoutSeeds[672]" classname="net.openhft.hashing.XxHashTest" time="0.0"/>
  <testcase name="testCityWithOneSeed[672]" classname="net.openhft.hashing.XxHashTest" time="0.001"/>
  <testcase name="testCityWithoutSeeds[673]" classname="net.openhft.hashing.XxHashTest" time="0.0"/>
  <testcase name="testCityWithOneSeed[673]" classname="net.openhft.hashing.XxHashTest" time="0.0"/>
  <testcase name="testCityWithoutSeeds[674]" classname="net.openhft.hashing.XxHashTest" time="0.0"/>
  <testcase name="testCityWithOneSeed[674]" classname="net.openhft.hashing.XxHashTest" time="0.0"/>
  <testcase name="testCityWithoutSeeds[675]" classname="net.openhft.hashing.XxHashTest" time="0.0"/>
  <testcase name="testCityWithOneSeed[675]" classname="net.openhft.hashing.XxHashTest" time="0.0"/>
  <testcase name="testCityWithoutSeeds[676]" classname="net.openhft.hashing.XxHashTest" time="0.001"/>
  <testcase name="testCityWithOneSeed[676]" classname="net.openhft.hashing.XxHashTest" time="0.0"/>
  <testcase name="testCityWithoutSeeds[677]" classname="net.openhft.hashing.XxHashTest" time="0.0"/>
  <testcase name="testCityWithOneSeed[677]" classname="net.openhft.hashing.XxHashTest" time="0.0"/>
  <testcase name="testCityWithoutSeeds[678]" classname="net.openhft.hashing.XxHashTest" time="0.0"/>
  <testcase name="testCityWithOneSeed[678]" classname="net.openhft.hashing.XxHashTest" time="0.0"/>
  <testcase name="testCityWithoutSeeds[679]" classname="net.openhft.hashing.XxHashTest" time="0.001"/>
  <testcase name="testCityWithOneSeed[679]" classname="net.openhft.hashing.XxHashTest" time="0.0"/>
  <testcase name="testCityWithoutSeeds[680]" classname="net.openhft.hashing.XxHashTest" time="0.0"/>
  <testcase name="testCityWithOneSeed[680]" classname="net.openhft.hashing.XxHashTest" time="0.0"/>
  <testcase name="testCityWithoutSeeds[681]" classname="net.openhft.hashing.XxHashTest" time="0.0"/>
  <testcase name="testCityWithOneSeed[681]" classname="net.openhft.hashing.XxHashTest" time="0.0"/>
  <testcase name="testCityWithoutSeeds[682]" classname="net.openhft.hashing.XxHashTest" time="0.0"/>
  <testcase name="testCityWithOneSeed[682]" classname="net.openhft.hashing.XxHashTest" time="0.001"/>
  <testcase name="testCityWithoutSeeds[683]" classname="net.openhft.hashing.XxHashTest" time="0.0"/>
  <testcase name="testCityWithOneSeed[683]" classname="net.openhft.hashing.XxHashTest" time="0.0"/>
  <testcase name="testCityWithoutSeeds[684]" classname="net.openhft.hashing.XxHashTest" time="0.0"/>
  <testcase name="testCityWithOneSeed[684]" classname="net.openhft.hashing.XxHashTest" time="0.0"/>
  <testcase name="testCityWithoutSeeds[685]" classname="net.openhft.hashing.XxHashTest" time="0.0"/>
  <testcase name="testCityWithOneSeed[685]" classname="net.openhft.hashing.XxHashTest" time="0.0"/>
  <testcase name="testCityWithoutSeeds[686]" classname="net.openhft.hashing.XxHashTest" time="0.0"/>
  <testcase name="testCityWithOneSeed[686]" classname="net.openhft.hashing.XxHashTest" time="0.0"/>
  <testcase name="testCityWithoutSeeds[687]" classname="net.openhft.hashing.XxHashTest" time="0.0"/>
  <testcase name="testCityWithOneSeed[687]" classname="net.openhft.hashing.XxHashTest" time="0.0"/>
  <testcase name="testCityWithoutSeeds[688]" classname="net.openhft.hashing.XxHashTest" time="0.0"/>
  <testcase name="testCityWithOneSeed[688]" classname="net.openhft.hashing.XxHashTest" time="0.0"/>
  <testcase name="testCityWithoutSeeds[689]" classname="net.openhft.hashing.XxHashTest" time="0.0"/>
  <testcase name="testCityWithOneSeed[689]" classname="net.openhft.hashing.XxHashTest" time="0.0"/>
  <testcase name="testCityWithoutSeeds[690]" classname="net.openhft.hashing.XxHashTest" time="0.0"/>
  <testcase name="testCityWithOneSeed[690]" classname="net.openhft.hashing.XxHashTest" time="0.0"/>
  <testcase name="testCityWithoutSeeds[691]" classname="net.openhft.hashing.XxHashTest" time="0.0"/>
  <testcase name="testCityWithOneSeed[691]" classname="net.openhft.hashing.XxHashTest" time="0.0"/>
  <testcase name="testCityWithoutSeeds[692]" classname="net.openhft.hashing.XxHashTest" time="0.0"/>
  <testcase name="testCityWithOneSeed[692]" classname="net.openhft.hashing.XxHashTest" time="0.001"/>
  <testcase name="testCityWithoutSeeds[693]" classname="net.openhft.hashing.XxHashTest" time="0.0"/>
  <testcase name="testCityWithOneSeed[693]" classname="net.openhft.hashing.XxHashTest" time="0.0"/>
  <testcase name="testCityWithoutSeeds[694]" classname="net.openhft.hashing.XxHashTest" time="0.0"/>
  <testcase name="testCityWithOneSeed[694]" classname="net.openhft.hashing.XxHashTest" time="0.0"/>
  <testcase name="testCityWithoutSeeds[695]" classname="net.openhft.hashing.XxHashTest" time="0.0"/>
  <testcase name="testCityWithOneSeed[695]" classname="net.openhft.hashing.XxHashTest" time="0.0"/>
  <testcase name="testCityWithoutSeeds[696]" classname="net.openhft.hashing.XxHashTest" time="0.001"/>
  <testcase name="testCityWithOneSeed[696]" classname="net.openhft.hashing.XxHashTest" time="0.0"/>
  <testcase name="testCityWithoutSeeds[697]" classname="net.openhft.hashing.XxHashTest" time="0.0"/>
  <testcase name="testCityWithOneSeed[697]" classname="net.openhft.hashing.XxHashTest" time="0.0"/>
  <testcase name="testCityWithoutSeeds[698]" classname="net.openhft.hashing.XxHashTest" time="0.0"/>
  <testcase name="testCityWithOneSeed[698]" classname="net.openhft.hashing.XxHashTest" time="0.0"/>
  <testcase name="testCityWithoutSeeds[699]" classname="net.openhft.hashing.XxHashTest" time="0.0"/>
  <testcase name="testCityWithOneSeed[699]" classname="net.openhft.hashing.XxHashTest" time="0.001"/>
  <testcase name="testCityWithoutSeeds[700]" classname="net.openhft.hashing.XxHashTest" time="0.0"/>
  <testcase name="testCityWithOneSeed[700]" classname="net.openhft.hashing.XxHashTest" time="0.0"/>
  <testcase name="testCityWithoutSeeds[701]" classname="net.openhft.hashing.XxHashTest" time="0.0"/>
  <testcase name="testCityWithOneSeed[701]" classname="net.openhft.hashing.XxHashTest" time="0.0"/>
  <testcase name="testCityWithoutSeeds[702]" classname="net.openhft.hashing.XxHashTest" time="0.0"/>
  <testcase name="testCityWithOneSeed[702]" classname="net.openhft.hashing.XxHashTest" time="0.0"/>
  <testcase name="testCityWithoutSeeds[703]" classname="net.openhft.hashing.XxHashTest" time="0.0"/>
  <testcase name="testCityWithOneSeed[703]" classname="net.openhft.hashing.XxHashTest" time="0.0"/>
  <testcase name="testCityWithoutSeeds[704]" classname="net.openhft.hashing.XxHashTest" time="0.0"/>
  <testcase name="testCityWithOneSeed[704]" classname="net.openhft.hashing.XxHashTest" time="0.0"/>
  <testcase name="testCityWithoutSeeds[705]" classname="net.openhft.hashing.XxHashTest" time="0.0"/>
  <testcase name="testCityWithOneSeed[705]" classname="net.openhft.hashing.XxHashTest" time="0.0"/>
  <testcase name="testCityWithoutSeeds[706]" classname="net.openhft.hashing.XxHashTest" time="0.0"/>
  <testcase name="testCityWithOneSeed[706]" classname="net.openhft.hashing.XxHashTest" time="0.0"/>
  <testcase name="testCityWithoutSeeds[707]" classname="net.openhft.hashing.XxHashTest" time="0.0"/>
  <testcase name="testCityWithOneSeed[707]" classname="net.openhft.hashing.XxHashTest" time="0.0"/>
  <testcase name="testCityWithoutSeeds[708]" classname="net.openhft.hashing.XxHashTest" time="0.0"/>
  <testcase name="testCityWithOneSeed[708]" classname="net.openhft.hashing.XxHashTest" time="0.0"/>
  <testcase name="testCityWithoutSeeds[709]" classname="net.openhft.hashing.XxHashTest" time="0.0"/>
  <testcase name="testCityWithOneSeed[709]" classname="net.openhft.hashing.XxHashTest" time="0.0"/>
  <testcase name="testCityWithoutSeeds[710]" classname="net.openhft.hashing.XxHashTest" time="0.0"/>
  <testcase name="testCityWithOneSeed[710]" classname="net.openhft.hashing.XxHashTest" time="0.0"/>
  <testcase name="testCityWithoutSeeds[711]" classname="net.openhft.hashing.XxHashTest" time="0.0"/>
  <testcase name="testCityWithOneSeed[711]" classname="net.openhft.hashing.XxHashTest" time="0.0"/>
  <testcase name="testCityWithoutSeeds[712]" classname="net.openhft.hashing.XxHashTest" time="0.0"/>
  <testcase name="testCityWithOneSeed[712]" classname="net.openhft.hashing.XxHashTest" time="0.0"/>
  <testcase name="testCityWithoutSeeds[713]" classname="net.openhft.hashing.XxHashTest" time="0.0"/>
  <testcase name="testCityWithOneSeed[713]" classname="net.openhft.hashing.XxHashTest" time="0.0"/>
  <testcase name="testCityWithoutSeeds[714]" classname="net.openhft.hashing.XxHashTest" time="0.0"/>
  <testcase name="testCityWithOneSeed[714]" classname="net.openhft.hashing.XxHashTest" time="0.0"/>
  <testcase name="testCityWithoutSeeds[715]" classname="net.openhft.hashing.XxHashTest" time="0.0"/>
  <testcase name="testCityWithOneSeed[715]" classname="net.openhft.hashing.XxHashTest" time="0.0"/>
  <testcase name="testCityWithoutSeeds[716]" classname="net.openhft.hashing.XxHashTest" time="0.0"/>
  <testcase name="testCityWithOneSeed[716]" classname="net.openhft.hashing.XxHashTest" time="0.0"/>
  <testcase name="testCityWithoutSeeds[717]" classname="net.openhft.hashing.XxHashTest" time="0.0"/>
  <testcase name="testCityWithOneSeed[717]" classname="net.openhft.hashing.XxHashTest" time="0.0"/>
  <testcase name="testCityWithoutSeeds[718]" classname="net.openhft.hashing.XxHashTest" time="0.0"/>
  <testcase name="testCityWithOneSeed[718]" classname="net.openhft.hashing.XxHashTest" time="0.0"/>
  <testcase name="testCityWithoutSeeds[719]" classname="net.openhft.hashing.XxHashTest" time="0.0"/>
  <testcase name="testCityWithOneSeed[719]" classname="net.openhft.hashing.XxHashTest" time="0.0"/>
  <testcase name="testCityWithoutSeeds[720]" classname="net.openhft.hashing.XxHashTest" time="0.0"/>
  <testcase name="testCityWithOneSeed[720]" classname="net.openhft.hashing.XxHashTest" time="0.0"/>
  <testcase name="testCityWithoutSeeds[721]" classname="net.openhft.hashing.XxHashTest" time="0.0"/>
  <testcase name="testCityWithOneSeed[721]" classname="net.openhft.hashing.XxHashTest" time="0.0"/>
  <testcase name="testCityWithoutSeeds[722]" classname="net.openhft.hashing.XxHashTest" time="0.0"/>
  <testcase name="testCityWithOneSeed[722]" classname="net.openhft.hashing.XxHashTest" time="0.0"/>
  <testcase name="testCityWithoutSeeds[723]" classname="net.openhft.hashing.XxHashTest" time="0.0"/>
  <testcase name="testCityWithOneSeed[723]" classname="net.openhft.hashing.XxHashTest" time="0.0"/>
  <testcase name="testCityWithoutSeeds[724]" classname="net.openhft.hashing.XxHashTest" time="0.001"/>
  <testcase name="testCityWithOneSeed[724]" classname="net.openhft.hashing.XxHashTest" time="0.0"/>
  <testcase name="testCityWithoutSeeds[725]" classname="net.openhft.hashing.XxHashTest" time="0.0"/>
  <testcase name="testCityWithOneSeed[725]" classname="net.openhft.hashing.XxHashTest" time="0.0"/>
  <testcase name="testCityWithoutSeeds[726]" classname="net.openhft.hashing.XxHashTest" time="0.001"/>
  <testcase name="testCityWithOneSeed[726]" classname="net.openhft.hashing.XxHashTest" time="0.0"/>
  <testcase name="testCityWithoutSeeds[727]" classname="net.openhft.hashing.XxHashTest" time="0.0"/>
  <testcase name="testCityWithOneSeed[727]" classname="net.openhft.hashing.XxHashTest" time="0.0"/>
  <testcase name="testCityWithoutSeeds[728]" classname="net.openhft.hashing.XxHashTest" time="0.0"/>
  <testcase name="testCityWithOneSeed[728]" classname="net.openhft.hashing.XxHashTest" time="0.0"/>
  <testcase name="testCityWithoutSeeds[729]" classname="net.openhft.hashing.XxHashTest" time="0.0"/>
  <testcase name="testCityWithOneSeed[729]" classname="net.openhft.hashing.XxHashTest" time="0.0"/>
  <testcase name="testCityWithoutSeeds[730]" classname="net.openhft.hashing.XxHashTest" time="0.0"/>
  <testcase name="testCityWithOneSeed[730]" classname="net.openhft.hashing.XxHashTest" time="0.0"/>
  <testcase name="testCityWithoutSeeds[731]" classname="net.openhft.hashing.XxHashTest" time="0.0"/>
  <testcase name="testCityWithOneSeed[731]" classname="net.openhft.hashing.XxHashTest" time="0.0"/>
  <testcase name="testCityWithoutSeeds[732]" classname="net.openhft.hashing.XxHashTest" time="0.001"/>
  <testcase name="testCityWithOneSeed[732]" classname="net.openhft.hashing.XxHashTest" time="0.0"/>
  <testcase name="testCityWithoutSeeds[733]" classname="net.openhft.hashing.XxHashTest" time="0.0"/>
  <testcase name="testCityWithOneSeed[733]" classname="net.openhft.hashing.XxHashTest" time="0.0"/>
  <testcase name="testCityWithoutSeeds[734]" classname="net.openhft.hashing.XxHashTest" time="0.001"/>
  <testcase name="testCityWithOneSeed[734]" classname="net.openhft.hashing.XxHashTest" time="0.0"/>
  <testcase name="testCityWithoutSeeds[735]" classname="net.openhft.hashing.XxHashTest" time="0.0"/>
  <testcase name="testCityWithOneSeed[735]" classname="net.openhft.hashing.XxHashTest" time="0.0"/>
  <testcase name="testCityWithoutSeeds[736]" classname="net.openhft.hashing.XxHashTest" time="0.0"/>
  <testcase name="testCityWithOneSeed[736]" classname="net.openhft.hashing.XxHashTest" time="0.0"/>
  <testcase name="testCityWithoutSeeds[737]" classname="net.openhft.hashing.XxHashTest" time="0.0"/>
  <testcase name="testCityWithOneSeed[737]" classname="net.openhft.hashing.XxHashTest" time="0.0"/>
  <testcase name="testCityWithoutSeeds[738]" classname="net.openhft.hashing.XxHashTest" time="0.0"/>
  <testcase name="testCityWithOneSeed[738]" classname="net.openhft.hashing.XxHashTest" time="0.0"/>
  <testcase name="testCityWithoutSeeds[739]" classname="net.openhft.hashing.XxHashTest" time="0.0"/>
  <testcase name="testCityWithOneSeed[739]" classname="net.openhft.hashing.XxHashTest" time="0.0"/>
  <testcase name="testCityWithoutSeeds[740]" classname="net.openhft.hashing.XxHashTest" time="0.0"/>
  <testcase name="testCityWithOneSeed[740]" classname="net.openhft.hashing.XxHashTest" time="0.0"/>
  <testcase name="testCityWithoutSeeds[741]" classname="net.openhft.hashing.XxHashTest" time="0.002"/>
  <testcase name="testCityWithOneSeed[741]" classname="net.openhft.hashing.XxHashTest" time="0.0"/>
  <testcase name="testCityWithoutSeeds[742]" classname="net.openhft.hashing.XxHashTest" time="0.0"/>
  <testcase name="testCityWithOneSeed[742]" classname="net.openhft.hashing.XxHashTest" time="0.0"/>
  <testcase name="testCityWithoutSeeds[743]" classname="net.openhft.hashing.XxHashTest" time="0.0"/>
  <testcase name="testCityWithOneSeed[743]" classname="net.openhft.hashing.XxHashTest" time="0.0"/>
  <testcase name="testCityWithoutSeeds[744]" classname="net.openhft.hashing.XxHashTest" time="0.0"/>
  <testcase name="testCityWithOneSeed[744]" classname="net.openhft.hashing.XxHashTest" time="0.0"/>
  <testcase name="testCityWithoutSeeds[745]" classname="net.openhft.hashing.XxHashTest" time="0.0"/>
  <testcase name="testCityWithOneSeed[745]" classname="net.openhft.hashing.XxHashTest" time="0.0"/>
  <testcase name="testCityWithoutSeeds[746]" classname="net.openhft.hashing.XxHashTest" time="0.0"/>
  <testcase name="testCityWithOneSeed[746]" classname="net.openhft.hashing.XxHashTest" time="0.0"/>
  <testcase name="testCityWithoutSeeds[747]" classname="net.openhft.hashing.XxHashTest" time="0.0"/>
  <testcase name="testCityWithOneSeed[747]" classname="net.openhft.hashing.XxHashTest" time="0.001"/>
  <testcase name="testCityWithoutSeeds[748]" classname="net.openhft.hashing.XxHashTest" time="0.001"/>
  <testcase name="testCityWithOneSeed[748]" classname="net.openhft.hashing.XxHashTest" time="0.0"/>
  <testcase name="testCityWithoutSeeds[749]" classname="net.openhft.hashing.XxHashTest" time="0.0"/>
  <testcase name="testCityWithOneSeed[749]" classname="net.openhft.hashing.XxHashTest" time="0.0"/>
  <testcase name="testCityWithoutSeeds[750]" classname="net.openhft.hashing.XxHashTest" time="0.0"/>
  <testcase name="testCityWithOneSeed[750]" classname="net.openhft.hashing.XxHashTest" time="0.0"/>
  <testcase name="testCityWithoutSeeds[751]" classname="net.openhft.hashing.XxHashTest" time="0.0"/>
  <testcase name="testCityWithOneSeed[751]" classname="net.openhft.hashing.XxHashTest" time="0.0"/>
  <testcase name="testCityWithoutSeeds[752]" classname="net.openhft.hashing.XxHashTest" time="0.0"/>
  <testcase name="testCityWithOneSeed[752]" classname="net.openhft.hashing.XxHashTest" time="0.0"/>
  <testcase name="testCityWithoutSeeds[753]" classname="net.openhft.hashing.XxHashTest" time="0.0"/>
  <testcase name="testCityWithOneSeed[753]" classname="net.openhft.hashing.XxHashTest" time="0.001"/>
  <testcase name="testCityWithoutSeeds[754]" classname="net.openhft.hashing.XxHashTest" time="0.0"/>
  <testcase name="testCityWithOneSeed[754]" classname="net.openhft.hashing.XxHashTest" time="0.0"/>
  <testcase name="testCityWithoutSeeds[755]" classname="net.openhft.hashing.XxHashTest" time="0.0"/>
  <testcase name="testCityWithOneSeed[755]" classname="net.openhft.hashing.XxHashTest" time="0.0"/>
  <testcase name="testCityWithoutSeeds[756]" classname="net.openhft.hashing.XxHashTest" time="0.0"/>
  <testcase name="testCityWithOneSeed[756]" classname="net.openhft.hashing.XxHashTest" time="0.0"/>
  <testcase name="testCityWithoutSeeds[757]" classname="net.openhft.hashing.XxHashTest" time="0.0"/>
  <testcase name="testCityWithOneSeed[757]" classname="net.openhft.hashing.XxHashTest" time="0.0"/>
  <testcase name="testCityWithoutSeeds[758]" classname="net.openhft.hashing.XxHashTest" time="0.0"/>
  <testcase name="testCityWithOneSeed[758]" classname="net.openhft.hashing.XxHashTest" time="0.0"/>
  <testcase name="testCityWithoutSeeds[759]" classname="net.openhft.hashing.XxHashTest" time="0.001"/>
  <testcase name="testCityWithOneSeed[759]" classname="net.openhft.hashing.XxHashTest" time="0.0"/>
  <testcase name="testCityWithoutSeeds[760]" classname="net.openhft.hashing.XxHashTest" time="0.0"/>
  <testcase name="testCityWithOneSeed[760]" classname="net.openhft.hashing.XxHashTest" time="0.0"/>
  <testcase name="testCityWithoutSeeds[761]" classname="net.openhft.hashing.XxHashTest" time="0.001"/>
  <testcase name="testCityWithOneSeed[761]" classname="net.openhft.hashing.XxHashTest" time="0.0"/>
  <testcase name="testCityWithoutSeeds[762]" classname="net.openhft.hashing.XxHashTest" time="0.0"/>
  <testcase name="testCityWithOneSeed[762]" classname="net.openhft.hashing.XxHashTest" time="0.0"/>
  <testcase name="testCityWithoutSeeds[763]" classname="net.openhft.hashing.XxHashTest" time="0.001"/>
  <testcase name="testCityWithOneSeed[763]" classname="net.openhft.hashing.XxHashTest" time="0.0"/>
  <testcase name="testCityWithoutSeeds[764]" classname="net.openhft.hashing.XxHashTest" time="0.0"/>
  <testcase name="testCityWithOneSeed[764]" classname="net.openhft.hashing.XxHashTest" time="0.0"/>
  <testcase name="testCityWithoutSeeds[765]" classname="net.openhft.hashing.XxHashTest" time="0.0"/>
  <testcase name="testCityWithOneSeed[765]" classname="net.openhft.hashing.XxHashTest" time="0.0"/>
  <testcase name="testCityWithoutSeeds[766]" classname="net.openhft.hashing.XxHashTest" time="0.0"/>
  <testcase name="testCityWithOneSeed[766]" classname="net.openhft.hashing.XxHashTest" time="0.0"/>
  <testcase name="testCityWithoutSeeds[767]" classname="net.openhft.hashing.XxHashTest" time="0.0"/>
  <testcase name="testCityWithOneSeed[767]" classname="net.openhft.hashing.XxHashTest" time="0.0"/>
  <testcase name="testCityWithoutSeeds[768]" classname="net.openhft.hashing.XxHashTest" time="0.0"/>
  <testcase name="testCityWithOneSeed[768]" classname="net.openhft.hashing.XxHashTest" time="0.001"/>
  <testcase name="testCityWithoutSeeds[769]" classname="net.openhft.hashing.XxHashTest" time="0.0"/>
  <testcase name="testCityWithOneSeed[769]" classname="net.openhft.hashing.XxHashTest" time="0.0"/>
  <testcase name="testCityWithoutSeeds[770]" classname="net.openhft.hashing.XxHashTest" time="0.0"/>
  <testcase name="testCityWithOneSeed[770]" classname="net.openhft.hashing.XxHashTest" time="0.0"/>
  <testcase name="testCityWithoutSeeds[771]" classname="net.openhft.hashing.XxHashTest" time="0.001"/>
  <testcase name="testCityWithOneSeed[771]" classname="net.openhft.hashing.XxHashTest" time="0.0"/>
  <testcase name="testCityWithoutSeeds[772]" classname="net.openhft.hashing.XxHashTest" time="0.0"/>
  <testcase name="testCityWithOneSeed[772]" classname="net.openhft.hashing.XxHashTest" time="0.0"/>
  <testcase name="testCityWithoutSeeds[773]" classname="net.openhft.hashing.XxHashTest" time="0.0"/>
  <testcase name="testCityWithOneSeed[773]" classname="net.openhft.hashing.XxHashTest" time="0.001"/>
  <testcase name="testCityWithoutSeeds[774]" classname="net.openhft.hashing.XxHashTest" time="0.0"/>
  <testcase name="testCityWithOneSeed[774]" classname="net.openhft.hashing.XxHashTest" time="0.0"/>
  <testcase name="testCityWithoutSeeds[775]" classname="net.openhft.hashing.XxHashTest" time="0.0"/>
  <testcase name="testCityWithOneSeed[775]" classname="net.openhft.hashing.XxHashTest" time="0.0"/>
  <testcase name="testCityWithoutSeeds[776]" classname="net.openhft.hashing.XxHashTest" time="0.0"/>
  <testcase name="testCityWithOneSeed[776]" classname="net.openhft.hashing.XxHashTest" time="0.0"/>
  <testcase name="testCityWithoutSeeds[777]" classname="net.openhft.hashing.XxHashTest" time="0.0"/>
  <testcase name="testCityWithOneSeed[777]" classname="net.openhft.hashing.XxHashTest" time="0.0"/>
  <testcase name="testCityWithoutSeeds[778]" classname="net.openhft.hashing.XxHashTest" time="0.0"/>
  <testcase name="testCityWithOneSeed[778]" classname="net.openhft.hashing.XxHashTest" time="0.0"/>
  <testcase name="testCityWithoutSeeds[779]" classname="net.openhft.hashing.XxHashTest" time="0.0"/>
  <testcase name="testCityWithOneSeed[779]" classname="net.openhft.hashing.XxHashTest" time="0.0"/>
  <testcase name="testCityWithoutSeeds[780]" classname="net.openhft.hashing.XxHashTest" time="0.0"/>
  <testcase name="testCityWithOneSeed[780]" classname="net.openhft.hashing.XxHashTest" time="0.0"/>
  <testcase name="testCityWithoutSeeds[781]" classname="net.openhft.hashing.XxHashTest" time="0.0"/>
  <testcase name="testCityWithOneSeed[781]" classname="net.openhft.hashing.XxHashTest" time="0.0"/>
  <testcase name="testCityWithoutSeeds[782]" classname="net.openhft.hashing.XxHashTest" time="0.005"/>
  <testcase name="testCityWithOneSeed[782]" classname="net.openhft.hashing.XxHashTest" time="0.0"/>
  <testcase name="testCityWithoutSeeds[783]" classname="net.openhft.hashing.XxHashTest" time="0.0"/>
  <testcase name="testCityWithOneSeed[783]" classname="net.openhft.hashing.XxHashTest" time="0.0"/>
  <testcase name="testCityWithoutSeeds[784]" classname="net.openhft.hashing.XxHashTest" time="0.001"/>
  <testcase name="testCityWithOneSeed[784]" classname="net.openhft.hashing.XxHashTest" time="0.0"/>
  <testcase name="testCityWithoutSeeds[785]" classname="net.openhft.hashing.XxHashTest" time="0.0"/>
  <testcase name="testCityWithOneSeed[785]" classname="net.openhft.hashing.XxHashTest" time="0.0"/>
  <testcase name="testCityWithoutSeeds[786]" classname="net.openhft.hashing.XxHashTest" time="0.0"/>
  <testcase name="testCityWithOneSeed[786]" classname="net.openhft.hashing.XxHashTest" time="0.022"/>
  <testcase name="testCityWithoutSeeds[787]" classname="net.openhft.hashing.XxHashTest" time="0.0"/>
  <testcase name="testCityWithOneSeed[787]" classname="net.openhft.hashing.XxHashTest" time="0.0"/>
  <testcase name="testCityWithoutSeeds[788]" classname="net.openhft.hashing.XxHashTest" time="0.0"/>
  <testcase name="testCityWithOneSeed[788]" classname="net.openhft.hashing.XxHashTest" time="0.0"/>
  <testcase name="testCityWithoutSeeds[789]" classname="net.openhft.hashing.XxHashTest" time="0.0"/>
  <testcase name="testCityWithOneSeed[789]" classname="net.openhft.hashing.XxHashTest" time="0.001"/>
  <testcase name="testCityWithoutSeeds[790]" classname="net.openhft.hashing.XxHashTest" time="0.0"/>
  <testcase name="testCityWithOneSeed[790]" classname="net.openhft.hashing.XxHashTest" time="0.0"/>
  <testcase name="testCityWithoutSeeds[791]" classname="net.openhft.hashing.XxHashTest" time="0.0"/>
  <testcase name="testCityWithOneSeed[791]" classname="net.openhft.hashing.XxHashTest" time="0.0"/>
  <testcase name="testCityWithoutSeeds[792]" classname="net.openhft.hashing.XxHashTest" time="0.001"/>
  <testcase name="testCityWithOneSeed[792]" classname="net.openhft.hashing.XxHashTest" time="0.0"/>
  <testcase name="testCityWithoutSeeds[793]" classname="net.openhft.hashing.XxHashTest" time="0.0"/>
  <testcase name="testCityWithOneSeed[793]" classname="net.openhft.hashing.XxHashTest" time="0.0"/>
  <testcase name="testCityWithoutSeeds[794]" classname="net.openhft.hashing.XxHashTest" time="0.0"/>
  <testcase name="testCityWithOneSeed[794]" classname="net.openhft.hashing.XxHashTest" time="0.0"/>
  <testcase name="testCityWithoutSeeds[795]" classname="net.openhft.hashing.XxHashTest" time="0.001"/>
  <testcase name="testCityWithOneSeed[795]" classname="net.openhft.hashing.XxHashTest" time="0.0"/>
  <testcase name="testCityWithoutSeeds[796]" classname="net.openhft.hashing.XxHashTest" time="0.0"/>
  <testcase name="testCityWithOneSeed[796]" classname="net.openhft.hashing.XxHashTest" time="0.0"/>
  <testcase name="testCityWithoutSeeds[797]" classname="net.openhft.hashing.XxHashTest" time="0.001"/>
  <testcase name="testCityWithOneSeed[797]" classname="net.openhft.hashing.XxHashTest" time="0.0"/>
  <testcase name="testCityWithoutSeeds[798]" classname="net.openhft.hashing.XxHashTest" time="0.001"/>
  <testcase name="testCityWithOneSeed[798]" classname="net.openhft.hashing.XxHashTest" time="0.0"/>
  <testcase name="testCityWithoutSeeds[799]" classname="net.openhft.hashing.XxHashTest" time="0.0"/>
  <testcase name="testCityWithOneSeed[799]" classname="net.openhft.hashing.XxHashTest" time="0.0"/>
  <testcase name="testCityWithoutSeeds[800]" classname="net.openhft.hashing.XxHashTest" time="0.0"/>
  <testcase name="testCityWithOneSeed[800]" classname="net.openhft.hashing.XxHashTest" time="0.0"/>
  <testcase name="testCityWithoutSeeds[801]" classname="net.openhft.hashing.XxHashTest" time="0.0"/>
  <testcase name="testCityWithOneSeed[801]" classname="net.openhft.hashing.XxHashTest" time="0.0"/>
  <testcase name="testCityWithoutSeeds[802]" classname="net.openhft.hashing.XxHashTest" time="0.0"/>
  <testcase name="testCityWithOneSeed[802]" classname="net.openhft.hashing.XxHashTest" time="0.0"/>
  <testcase name="testCityWithoutSeeds[803]" classname="net.openhft.hashing.XxHashTest" time="0.0"/>
  <testcase name="testCityWithOneSeed[803]" classname="net.openhft.hashing.XxHashTest" time="0.0"/>
  <testcase name="testCityWithoutSeeds[804]" classname="net.openhft.hashing.XxHashTest" time="0.0"/>
  <testcase name="testCityWithOneSeed[804]" classname="net.openhft.hashing.XxHashTest" time="0.0"/>
  <testcase name="testCityWithoutSeeds[805]" classname="net.openhft.hashing.XxHashTest" time="0.0"/>
  <testcase name="testCityWithOneSeed[805]" classname="net.openhft.hashing.XxHashTest" time="0.0"/>
  <testcase name="testCityWithoutSeeds[806]" classname="net.openhft.hashing.XxHashTest" time="0.0"/>
  <testcase name="testCityWithOneSeed[806]" classname="net.openhft.hashing.XxHashTest" time="0.0"/>
  <testcase name="testCityWithoutSeeds[807]" classname="net.openhft.hashing.XxHashTest" time="0.0"/>
  <testcase name="testCityWithOneSeed[807]" classname="net.openhft.hashing.XxHashTest" time="0.0"/>
  <testcase name="testCityWithoutSeeds[808]" classname="net.openhft.hashing.XxHashTest" time="0.0"/>
  <testcase name="testCityWithOneSeed[808]" classname="net.openhft.hashing.XxHashTest" time="0.0"/>
  <testcase name="testCityWithoutSeeds[809]" classname="net.openhft.hashing.XxHashTest" time="0.0"/>
  <testcase name="testCityWithOneSeed[809]" classname="net.openhft.hashing.XxHashTest" time="0.0"/>
  <testcase name="testCityWithoutSeeds[810]" classname="net.openhft.hashing.XxHashTest" time="0.0"/>
  <testcase name="testCityWithOneSeed[810]" classname="net.openhft.hashing.XxHashTest" time="0.0"/>
  <testcase name="testCityWithoutSeeds[811]" classname="net.openhft.hashing.XxHashTest" time="0.001"/>
  <testcase name="testCityWithOneSeed[811]" classname="net.openhft.hashing.XxHashTest" time="0.0"/>
  <testcase name="testCityWithoutSeeds[812]" classname="net.openhft.hashing.XxHashTest" time="0.0"/>
  <testcase name="testCityWithOneSeed[812]" classname="net.openhft.hashing.XxHashTest" time="0.0"/>
  <testcase name="testCityWithoutSeeds[813]" classname="net.openhft.hashing.XxHashTest" time="0.0"/>
  <testcase name="testCityWithOneSeed[813]" classname="net.openhft.hashing.XxHashTest" time="0.0"/>
  <testcase name="testCityWithoutSeeds[814]" classname="net.openhft.hashing.XxHashTest" time="0.0"/>
  <testcase name="testCityWithOneSeed[814]" classname="net.openhft.hashing.XxHashTest" time="0.0"/>
  <testcase name="testCityWithoutSeeds[815]" classname="net.openhft.hashing.XxHashTest" time="0.0"/>
  <testcase name="testCityWithOneSeed[815]" classname="net.openhft.hashing.XxHashTest" time="0.0"/>
  <testcase name="testCityWithoutSeeds[816]" classname="net.openhft.hashing.XxHashTest" time="0.0"/>
  <testcase name="testCityWithOneSeed[816]" classname="net.openhft.hashing.XxHashTest" time="0.0"/>
  <testcase name="testCityWithoutSeeds[817]" classname="net.openhft.hashing.XxHashTest" time="0.0"/>
  <testcase name="testCityWithOneSeed[817]" classname="net.openhft.hashing.XxHashTest" time="0.0"/>
  <testcase name="testCityWithoutSeeds[818]" classname="net.openhft.hashing.XxHashTest" time="0.0"/>
  <testcase name="testCityWithOneSeed[818]" classname="net.openhft.hashing.XxHashTest" time="0.001"/>
  <testcase name="testCityWithoutSeeds[819]" classname="net.openhft.hashing.XxHashTest" time="0.0"/>
  <testcase name="testCityWithOneSeed[819]" classname="net.openhft.hashing.XxHashTest" time="0.0"/>
  <testcase name="testCityWithoutSeeds[820]" classname="net.openhft.hashing.XxHashTest" time="0.0"/>
  <testcase name="testCityWithOneSeed[820]" classname="net.openhft.hashing.XxHashTest" time="0.0"/>
  <testcase name="testCityWithoutSeeds[821]" classname="net.openhft.hashing.XxHashTest" time="0.0"/>
  <testcase name="testCityWithOneSeed[821]" classname="net.openhft.hashing.XxHashTest" time="0.0"/>
  <testcase name="testCityWithoutSeeds[822]" classname="net.openhft.hashing.XxHashTest" time="0.001"/>
  <testcase name="testCityWithOneSeed[822]" classname="net.openhft.hashing.XxHashTest" time="0.0"/>
  <testcase name="testCityWithoutSeeds[823]" classname="net.openhft.hashing.XxHashTest" time="0.0"/>
  <testcase name="testCityWithOneSeed[823]" classname="net.openhft.hashing.XxHashTest" time="0.0"/>
  <testcase name="testCityWithoutSeeds[824]" classname="net.openhft.hashing.XxHashTest" time="0.0"/>
  <testcase name="testCityWithOneSeed[824]" classname="net.openhft.hashing.XxHashTest" time="0.0"/>
  <testcase name="testCityWithoutSeeds[825]" classname="net.openhft.hashing.XxHashTest" time="0.0"/>
  <testcase name="testCityWithOneSeed[825]" classname="net.openhft.hashing.XxHashTest" time="0.0"/>
  <testcase name="testCityWithoutSeeds[826]" classname="net.openhft.hashing.XxHashTest" time="0.0"/>
  <testcase name="testCityWithOneSeed[826]" classname="net.openhft.hashing.XxHashTest" time="0.0"/>
  <testcase name="testCityWithoutSeeds[827]" classname="net.openhft.hashing.XxHashTest" time="0.0"/>
  <testcase name="testCityWithOneSeed[827]" classname="net.openhft.hashing.XxHashTest" time="0.0"/>
  <testcase name="testCityWithoutSeeds[828]" classname="net.openhft.hashing.XxHashTest" time="0.0"/>
  <testcase name="testCityWithOneSeed[828]" classname="net.openhft.hashing.XxHashTest" time="0.0"/>
  <testcase name="testCityWithoutSeeds[829]" classname="net.openhft.hashing.XxHashTest" time="0.0"/>
  <testcase name="testCityWithOneSeed[829]" classname="net.openhft.hashing.XxHashTest" time="0.0"/>
  <testcase name="testCityWithoutSeeds[830]" classname="net.openhft.hashing.XxHashTest" time="0.0"/>
  <testcase name="testCityWithOneSeed[830]" classname="net.openhft.hashing.XxHashTest" time="0.0"/>
  <testcase name="testCityWithoutSeeds[831]" classname="net.openhft.hashing.XxHashTest" time="0.0"/>
  <testcase name="testCityWithOneSeed[831]" classname="net.openhft.hashing.XxHashTest" time="0.0"/>
  <testcase name="testCityWithoutSeeds[832]" classname="net.openhft.hashing.XxHashTest" time="0.0"/>
  <testcase name="testCityWithOneSeed[832]" classname="net.openhft.hashing.XxHashTest" time="0.0"/>
  <testcase name="testCityWithoutSeeds[833]" classname="net.openhft.hashing.XxHashTest" time="0.001"/>
  <testcase name="testCityWithOneSeed[833]" classname="net.openhft.hashing.XxHashTest" time="0.0"/>
  <testcase name="testCityWithoutSeeds[834]" classname="net.openhft.hashing.XxHashTest" time="0.0"/>
  <testcase name="testCityWithOneSeed[834]" classname="net.openhft.hashing.XxHashTest" time="0.0"/>
  <testcase name="testCityWithoutSeeds[835]" classname="net.openhft.hashing.XxHashTest" time="0.0"/>
  <testcase name="testCityWithOneSeed[835]" classname="net.openhft.hashing.XxHashTest" time="0.0"/>
  <testcase name="testCityWithoutSeeds[836]" classname="net.openhft.hashing.XxHashTest" time="0.0"/>
  <testcase name="testCityWithOneSeed[836]" classname="net.openhft.hashing.XxHashTest" time="0.001"/>
  <testcase name="testCityWithoutSeeds[837]" classname="net.openhft.hashing.XxHashTest" time="0.0"/>
  <testcase name="testCityWithOneSeed[837]" classname="net.openhft.hashing.XxHashTest" time="0.0"/>
  <testcase name="testCityWithoutSeeds[838]" classname="net.openhft.hashing.XxHashTest" time="0.0"/>
  <testcase name="testCityWithOneSeed[838]" classname="net.openhft.hashing.XxHashTest" time="0.0"/>
  <testcase name="testCityWithoutSeeds[839]" classname="net.openhft.hashing.XxHashTest" time="0.0"/>
  <testcase name="testCityWithOneSeed[839]" classname="net.openhft.hashing.XxHashTest" time="0.0"/>
  <testcase name="testCityWithoutSeeds[840]" classname="net.openhft.hashing.XxHashTest" time="0.0"/>
  <testcase name="testCityWithOneSeed[840]" classname="net.openhft.hashing.XxHashTest" time="0.001"/>
  <testcase name="testCityWithoutSeeds[841]" classname="net.openhft.hashing.XxHashTest" time="0.0"/>
  <testcase name="testCityWithOneSeed[841]" classname="net.openhft.hashing.XxHashTest" time="0.0"/>
  <testcase name="testCityWithoutSeeds[842]" classname="net.openhft.hashing.XxHashTest" time="0.0"/>
  <testcase name="testCityWithOneSeed[842]" classname="net.openhft.hashing.XxHashTest" time="0.0"/>
  <testcase name="testCityWithoutSeeds[843]" classname="net.openhft.hashing.XxHashTest" time="0.0"/>
  <testcase name="testCityWithOneSeed[843]" classname="net.openhft.hashing.XxHashTest" time="0.0"/>
  <testcase name="testCityWithoutSeeds[844]" classname="net.openhft.hashing.XxHashTest" time="0.0"/>
  <testcase name="testCityWithOneSeed[844]" classname="net.openhft.hashing.XxHashTest" time="0.001"/>
  <testcase name="testCityWithoutSeeds[845]" classname="net.openhft.hashing.XxHashTest" time="0.0"/>
  <testcase name="testCityWithOneSeed[845]" classname="net.openhft.hashing.XxHashTest" time="0.0"/>
  <testcase name="testCityWithoutSeeds[846]" classname="net.openhft.hashing.XxHashTest" time="0.0"/>
  <testcase name="testCityWithOneSeed[846]" classname="net.openhft.hashing.XxHashTest" time="0.0"/>
  <testcase name="testCityWithoutSeeds[847]" classname="net.openhft.hashing.XxHashTest" time="0.0"/>
  <testcase name="testCityWithOneSeed[847]" classname="net.openhft.hashing.XxHashTest" time="0.0"/>
  <testcase name="testCityWithoutSeeds[848]" classname="net.openhft.hashing.XxHashTest" time="0.0"/>
  <testcase name="testCityWithOneSeed[848]" classname="net.openhft.hashing.XxHashTest" time="0.0"/>
  <testcase name="testCityWithoutSeeds[849]" classname="net.openhft.hashing.XxHashTest" time="0.0"/>
  <testcase name="testCityWithOneSeed[849]" classname="net.openhft.hashing.XxHashTest" time="0.0"/>
  <testcase name="testCityWithoutSeeds[850]" classname="net.openhft.hashing.XxHashTest" time="0.0"/>
  <testcase name="testCityWithOneSeed[850]" classname="net.openhft.hashing.XxHashTest" time="0.001"/>
  <testcase name="testCityWithoutSeeds[851]" classname="net.openhft.hashing.XxHashTest" time="0.0"/>
  <testcase name="testCityWithOneSeed[851]" classname="net.openhft.hashing.XxHashTest" time="0.0"/>
  <testcase name="testCityWithoutSeeds[852]" classname="net.openhft.hashing.XxHashTest" time="0.0"/>
  <testcase name="testCityWithOneSeed[852]" classname="net.openhft.hashing.XxHashTest" time="0.0"/>
  <testcase name="testCityWithoutSeeds[853]" classname="net.openhft.hashing.XxHashTest" time="0.0"/>
  <testcase name="testCityWithOneSeed[853]" classname="net.openhft.hashing.XxHashTest" time="0.001"/>
  <testcase name="testCityWithoutSeeds[854]" classname="net.openhft.hashing.XxHashTest" time="0.006"/>
  <testcase name="testCityWithOneSeed[854]" classname="net.openhft.hashing.XxHashTest" time="0.001"/>
  <testcase name="testCityWithoutSeeds[855]" classname="net.openhft.hashing.XxHashTest" time="0.0"/>
  <testcase name="testCityWithOneSeed[855]" classname="net.openhft.hashing.XxHashTest" time="0.0"/>
  <testcase name="testCityWithoutSeeds[856]" classname="net.openhft.hashing.XxHashTest" time="0.0"/>
  <testcase name="testCityWithOneSeed[856]" classname="net.openhft.hashing.XxHashTest" time="0.0"/>
  <testcase name="testCityWithoutSeeds[857]" classname="net.openhft.hashing.XxHashTest" time="0.0"/>
  <testcase name="testCityWithOneSeed[857]" classname="net.openhft.hashing.XxHashTest" time="0.0"/>
  <testcase name="testCityWithoutSeeds[858]" classname="net.openhft.hashing.XxHashTest" time="0.0"/>
  <testcase name="testCityWithOneSeed[858]" classname="net.openhft.hashing.XxHashTest" time="0.0"/>
  <testcase name="testCityWithoutSeeds[859]" classname="net.openhft.hashing.XxHashTest" time="0.0"/>
  <testcase name="testCityWithOneSeed[859]" classname="net.openhft.hashing.XxHashTest" time="0.0"/>
  <testcase name="testCityWithoutSeeds[860]" classname="net.openhft.hashing.XxHashTest" time="0.001"/>
  <testcase name="testCityWithOneSeed[860]" classname="net.openhft.hashing.XxHashTest" time="0.0"/>
  <testcase name="testCityWithoutSeeds[861]" classname="net.openhft.hashing.XxHashTest" time="0.0"/>
  <testcase name="testCityWithOneSeed[861]" classname="net.openhft.hashing.XxHashTest" time="0.0"/>
  <testcase name="testCityWithoutSeeds[862]" classname="net.openhft.hashing.XxHashTest" time="0.001"/>
  <testcase name="testCityWithOneSeed[862]" classname="net.openhft.hashing.XxHashTest" time="0.0"/>
  <testcase name="testCityWithoutSeeds[863]" classname="net.openhft.hashing.XxHashTest" time="0.0"/>
  <testcase name="testCityWithOneSeed[863]" classname="net.openhft.hashing.XxHashTest" time="0.0"/>
  <testcase name="testCityWithoutSeeds[864]" classname="net.openhft.hashing.XxHashTest" time="0.001"/>
  <testcase name="testCityWithOneSeed[864]" classname="net.openhft.hashing.XxHashTest" time="0.0"/>
  <testcase name="testCityWithoutSeeds[865]" classname="net.openhft.hashing.XxHashTest" time="0.001"/>
  <testcase name="testCityWithOneSeed[865]" classname="net.openhft.hashing.XxHashTest" time="0.0"/>
  <testcase name="testCityWithoutSeeds[866]" classname="net.openhft.hashing.XxHashTest" time="0.0"/>
  <testcase name="testCityWithOneSeed[866]" classname="net.openhft.hashing.XxHashTest" time="0.0"/>
  <testcase name="testCityWithoutSeeds[867]" classname="net.openhft.hashing.XxHashTest" time="0.001"/>
  <testcase name="testCityWithOneSeed[867]" classname="net.openhft.hashing.XxHashTest" time="0.0"/>
  <testcase name="testCityWithoutSeeds[868]" classname="net.openhft.hashing.XxHashTest" time="0.0"/>
  <testcase name="testCityWithOneSeed[868]" classname="net.openhft.hashing.XxHashTest" time="0.0"/>
  <testcase name="testCityWithoutSeeds[869]" classname="net.openhft.hashing.XxHashTest" time="0.0"/>
  <testcase name="testCityWithOneSeed[869]" classname="net.openhft.hashing.XxHashTest" time="0.0"/>
  <testcase name="testCityWithoutSeeds[870]" classname="net.openhft.hashing.XxHashTest" time="0.001"/>
  <testcase name="testCityWithOneSeed[870]" classname="net.openhft.hashing.XxHashTest" time="0.0"/>
  <testcase name="testCityWithoutSeeds[871]" classname="net.openhft.hashing.XxHashTest" time="0.0"/>
  <testcase name="testCityWithOneSeed[871]" classname="net.openhft.hashing.XxHashTest" time="0.0"/>
  <testcase name="testCityWithoutSeeds[872]" classname="net.openhft.hashing.XxHashTest" time="0.001"/>
  <testcase name="testCityWithOneSeed[872]" classname="net.openhft.hashing.XxHashTest" time="0.0"/>
  <testcase name="testCityWithoutSeeds[873]" classname="net.openhft.hashing.XxHashTest" time="0.0"/>
  <testcase name="testCityWithOneSeed[873]" classname="net.openhft.hashing.XxHashTest" time="0.0"/>
  <testcase name="testCityWithoutSeeds[874]" classname="net.openhft.hashing.XxHashTest" time="0.0"/>
  <testcase name="testCityWithOneSeed[874]" classname="net.openhft.hashing.XxHashTest" time="0.0"/>
  <testcase name="testCityWithoutSeeds[875]" classname="net.openhft.hashing.XxHashTest" time="0.0"/>
  <testcase name="testCityWithOneSeed[875]" classname="net.openhft.hashing.XxHashTest" time="0.0"/>
  <testcase name="testCityWithoutSeeds[876]" classname="net.openhft.hashing.XxHashTest" time="0.0"/>
  <testcase name="testCityWithOneSeed[876]" classname="net.openhft.hashing.XxHashTest" time="0.001"/>
  <testcase name="testCityWithoutSeeds[877]" classname="net.openhft.hashing.XxHashTest" time="0.0"/>
  <testcase name="testCityWithOneSeed[877]" classname="net.openhft.hashing.XxHashTest" time="0.0"/>
  <testcase name="testCityWithoutSeeds[878]" classname="net.openhft.hashing.XxHashTest" time="0.001"/>
  <testcase name="testCityWithOneSeed[878]" classname="net.openhft.hashing.XxHashTest" time="0.0"/>
  <testcase name="testCityWithoutSeeds[879]" classname="net.openhft.hashing.XxHashTest" time="0.0"/>
  <testcase name="testCityWithOneSeed[879]" classname="net.openhft.hashing.XxHashTest" time="0.0"/>
  <testcase name="testCityWithoutSeeds[880]" classname="net.openhft.hashing.XxHashTest" time="0.001"/>
  <testcase name="testCityWithOneSeed[880]" classname="net.openhft.hashing.XxHashTest" time="0.0"/>
  <testcase name="testCityWithoutSeeds[881]" classname="net.openhft.hashing.XxHashTest" time="0.0"/>
  <testcase name="testCityWithOneSeed[881]" classname="net.openhft.hashing.XxHashTest" time="0.001"/>
  <testcase name="testCityWithoutSeeds[882]" classname="net.openhft.hashing.XxHashTest" time="0.0"/>
  <testcase name="testCityWithOneSeed[882]" classname="net.openhft.hashing.XxHashTest" time="0.0"/>
  <testcase name="testCityWithoutSeeds[883]" classname="net.openhft.hashing.XxHashTest" time="0.0"/>
  <testcase name="testCityWithOneSeed[883]" classname="net.openhft.hashing.XxHashTest" time="0.0"/>
  <testcase name="testCityWithoutSeeds[884]" classname="net.openhft.hashing.XxHashTest" time="0.0"/>
  <testcase name="testCityWithOneSeed[884]" classname="net.openhft.hashing.XxHashTest" time="0.0"/>
  <testcase name="testCityWithoutSeeds[885]" classname="net.openhft.hashing.XxHashTest" time="0.0"/>
  <testcase name="testCityWithOneSeed[885]" classname="net.openhft.hashing.XxHashTest" time="0.0"/>
  <testcase name="testCityWithoutSeeds[886]" classname="net.openhft.hashing.XxHashTest" time="0.0"/>
  <testcase name="testCityWithOneSeed[886]" classname="net.openhft.hashing.XxHashTest" time="0.002"/>
  <testcase name="testCityWithoutSeeds[887]" classname="net.openhft.hashing.XxHashTest" time="0.0"/>
  <testcase name="testCityWithOneSeed[887]" classname="net.openhft.hashing.XxHashTest" time="0.0"/>
  <testcase name="testCityWithoutSeeds[888]" classname="net.openhft.hashing.XxHashTest" time="0.001"/>
  <testcase name="testCityWithOneSeed[888]" classname="net.openhft.hashing.XxHashTest" time="0.0"/>
  <testcase name="testCityWithoutSeeds[889]" classname="net.openhft.hashing.XxHashTest" time="0.0"/>
  <testcase name="testCityWithOneSeed[889]" classname="net.openhft.hashing.XxHashTest" time="0.0"/>
  <testcase name="testCityWithoutSeeds[890]" classname="net.openhft.hashing.XxHashTest" time="0.0"/>
  <testcase name="testCityWithOneSeed[890]" classname="net.openhft.hashing.XxHashTest" time="0.0"/>
  <testcase name="testCityWithoutSeeds[891]" classname="net.openhft.hashing.XxHashTest" time="0.0"/>
  <testcase name="testCityWithOneSeed[891]" classname="net.openhft.hashing.XxHashTest" time="0.0"/>
  <testcase name="testCityWithoutSeeds[892]" classname="net.openhft.hashing.XxHashTest" time="0.0"/>
  <testcase name="testCityWithOneSeed[892]" classname="net.openhft.hashing.XxHashTest" time="0.0"/>
  <testcase name="testCityWithoutSeeds[893]" classname="net.openhft.hashing.XxHashTest" time="0.0"/>
  <testcase name="testCityWithOneSeed[893]" classname="net.openhft.hashing.XxHashTest" time="0.0"/>
  <testcase name="testCityWithoutSeeds[894]" classname="net.openhft.hashing.XxHashTest" time="0.001"/>
  <testcase name="testCityWithOneSeed[894]" classname="net.openhft.hashing.XxHashTest" time="0.0"/>
  <testcase name="testCityWithoutSeeds[895]" classname="net.openhft.hashing.XxHashTest" time="0.0"/>
  <testcase name="testCityWithOneSeed[895]" classname="net.openhft.hashing.XxHashTest" time="0.0"/>
  <testcase name="testCityWithoutSeeds[896]" classname="net.openhft.hashing.XxHashTest" time="0.001"/>
  <testcase name="testCityWithOneSeed[896]" classname="net.openhft.hashing.XxHashTest" time="0.0"/>
  <testcase name="testCityWithoutSeeds[897]" classname="net.openhft.hashing.XxHashTest" time="0.0"/>
  <testcase name="testCityWithOneSeed[897]" classname="net.openhft.hashing.XxHashTest" time="0.0"/>
  <testcase name="testCityWithoutSeeds[898]" classname="net.openhft.hashing.XxHashTest" time="0.0"/>
  <testcase name="testCityWithOneSeed[898]" classname="net.openhft.hashing.XxHashTest" time="0.0"/>
  <testcase name="testCityWithoutSeeds[899]" classname="net.openhft.hashing.XxHashTest" time="0.0"/>
  <testcase name="testCityWithOneSeed[899]" classname="net.openhft.hashing.XxHashTest" time="0.0"/>
  <testcase name="testCityWithoutSeeds[900]" classname="net.openhft.hashing.XxHashTest" time="0.0"/>
  <testcase name="testCityWithOneSeed[900]" classname="net.openhft.hashing.XxHashTest" time="0.0"/>
  <testcase name="testCityWithoutSeeds[901]" classname="net.openhft.hashing.XxHashTest" time="0.0"/>
  <testcase name="testCityWithOneSeed[901]" classname="net.openhft.hashing.XxHashTest" time="0.0"/>
  <testcase name="testCityWithoutSeeds[902]" classname="net.openhft.hashing.XxHashTest" time="0.0"/>
  <testcase name="testCityWithOneSeed[902]" classname="net.openhft.hashing.XxHashTest" time="0.0"/>
  <testcase name="testCityWithoutSeeds[903]" classname="net.openhft.hashing.XxHashTest" time="0.0"/>
  <testcase name="testCityWithOneSeed[903]" classname="net.openhft.hashing.XxHashTest" time="0.001"/>
  <testcase name="testCityWithoutSeeds[904]" classname="net.openhft.hashing.XxHashTest" time="0.0"/>
  <testcase name="testCityWithOneSeed[904]" classname="net.openhft.hashing.XxHashTest" time="0.0"/>
  <testcase name="testCityWithoutSeeds[905]" classname="net.openhft.hashing.XxHashTest" time="0.0"/>
  <testcase name="testCityWithOneSeed[905]" classname="net.openhft.hashing.XxHashTest" time="0.0"/>
  <testcase name="testCityWithoutSeeds[906]" classname="net.openhft.hashing.XxHashTest" time="0.0"/>
  <testcase name="testCityWithOneSeed[906]" classname="net.openhft.hashing.XxHashTest" time="0.0"/>
  <testcase name="testCityWithoutSeeds[907]" classname="net.openhft.hashing.XxHashTest" time="0.001"/>
  <testcase name="testCityWithOneSeed[907]" classname="net.openhft.hashing.XxHashTest" time="0.0"/>
  <testcase name="testCityWithoutSeeds[908]" classname="net.openhft.hashing.XxHashTest" time="0.0"/>
  <testcase name="testCityWithOneSeed[908]" classname="net.openhft.hashing.XxHashTest" time="0.0"/>
  <testcase name="testCityWithoutSeeds[909]" classname="net.openhft.hashing.XxHashTest" time="0.0"/>
  <testcase name="testCityWithOneSeed[909]" classname="net.openhft.hashing.XxHashTest" time="0.0"/>
  <testcase name="testCityWithoutSeeds[910]" classname="net.openhft.hashing.XxHashTest" time="0.0"/>
  <testcase name="testCityWithOneSeed[910]" classname="net.openhft.hashing.XxHashTest" time="0.0"/>
  <testcase name="testCityWithoutSeeds[911]" classname="net.openhft.hashing.XxHashTest" time="0.0"/>
  <testcase name="testCityWithOneSeed[911]" classname="net.openhft.hashing.XxHashTest" time="0.001"/>
  <testcase name="testCityWithoutSeeds[912]" classname="net.openhft.hashing.XxHashTest" time="0.0"/>
  <testcase name="testCityWithOneSeed[912]" classname="net.openhft.hashing.XxHashTest" time="0.0"/>
  <testcase name="testCityWithoutSeeds[913]" classname="net.openhft.hashing.XxHashTest" time="0.001"/>
  <testcase name="testCityWithOneSeed[913]" classname="net.openhft.hashing.XxHashTest" time="0.0"/>
  <testcase name="testCityWithoutSeeds[914]" classname="net.openhft.hashing.XxHashTest" time="0.0"/>
  <testcase name="testCityWithOneSeed[914]" classname="net.openhft.hashing.XxHashTest" time="0.0"/>
  <testcase name="testCityWithoutSeeds[915]" classname="net.openhft.hashing.XxHashTest" time="0.019"/>
  <testcase name="testCityWithOneSeed[915]" classname="net.openhft.hashing.XxHashTest" time="0.0"/>
  <testcase name="testCityWithoutSeeds[916]" classname="net.openhft.hashing.XxHashTest" time="0.001"/>
  <testcase name="testCityWithOneSeed[916]" classname="net.openhft.hashing.XxHashTest" time="0.013"/>
  <testcase name="testCityWithoutSeeds[917]" classname="net.openhft.hashing.XxHashTest" time="0.0"/>
  <testcase name="testCityWithOneSeed[917]" classname="net.openhft.hashing.XxHashTest" time="0.001"/>
  <testcase name="testCityWithoutSeeds[918]" classname="net.openhft.hashing.XxHashTest" time="0.0"/>
  <testcase name="testCityWithOneSeed[918]" classname="net.openhft.hashing.XxHashTest" time="0.001"/>
  <testcase name="testCityWithoutSeeds[919]" classname="net.openhft.hashing.XxHashTest" time="0.0"/>
  <testcase name="testCityWithOneSeed[919]" classname="net.openhft.hashing.XxHashTest" time="0.0"/>
  <testcase name="testCityWithoutSeeds[920]" classname="net.openhft.hashing.XxHashTest" time="0.0"/>
  <testcase name="testCityWithOneSeed[920]" classname="net.openhft.hashing.XxHashTest" time="0.001"/>
  <testcase name="testCityWithoutSeeds[921]" classname="net.openhft.hashing.XxHashTest" time="0.0"/>
  <testcase name="testCityWithOneSeed[921]" classname="net.openhft.hashing.XxHashTest" time="0.0"/>
  <testcase name="testCityWithoutSeeds[922]" classname="net.openhft.hashing.XxHashTest" time="0.0"/>
  <testcase name="testCityWithOneSeed[922]" classname="net.openhft.hashing.XxHashTest" time="0.0"/>
  <testcase name="testCityWithoutSeeds[923]" classname="net.openhft.hashing.XxHashTest" time="0.001"/>
  <testcase name="testCityWithOneSeed[923]" classname="net.openhft.hashing.XxHashTest" time="0.0"/>
  <testcase name="testCityWithoutSeeds[924]" classname="net.openhft.hashing.XxHashTest" time="0.0"/>
  <testcase name="testCityWithOneSeed[924]" classname="net.openhft.hashing.XxHashTest" time="0.001"/>
  <testcase name="testCityWithoutSeeds[925]" classname="net.openhft.hashing.XxHashTest" time="0.0"/>
  <testcase name="testCityWithOneSeed[925]" classname="net.openhft.hashing.XxHashTest" time="0.0"/>
  <testcase name="testCityWithoutSeeds[926]" classname="net.openhft.hashing.XxHashTest" time="0.001"/>
  <testcase name="testCityWithOneSeed[926]" classname="net.openhft.hashing.XxHashTest" time="0.0"/>
  <testcase name="testCityWithoutSeeds[927]" classname="net.openhft.hashing.XxHashTest" time="0.0"/>
  <testcase name="testCityWithOneSeed[927]" classname="net.openhft.hashing.XxHashTest" time="0.0"/>
  <testcase name="testCityWithoutSeeds[928]" classname="net.openhft.hashing.XxHashTest" time="0.0"/>
  <testcase name="testCityWithOneSeed[928]" classname="net.openhft.hashing.XxHashTest" time="0.0"/>
  <testcase name="testCityWithoutSeeds[929]" classname="net.openhft.hashing.XxHashTest" time="0.001"/>
  <testcase name="testCityWithOneSeed[929]" classname="net.openhft.hashing.XxHashTest" time="0.0"/>
  <testcase name="testCityWithoutSeeds[930]" classname="net.openhft.hashing.XxHashTest" time="0.0"/>
  <testcase name="testCityWithOneSeed[930]" classname="net.openhft.hashing.XxHashTest" time="0.0"/>
  <testcase name="testCityWithoutSeeds[931]" classname="net.openhft.hashing.XxHashTest" time="0.0"/>
  <testcase name="testCityWithOneSeed[931]" classname="net.openhft.hashing.XxHashTest" time="0.0"/>
  <testcase name="testCityWithoutSeeds[932]" classname="net.openhft.hashing.XxHashTest" time="0.0"/>
  <testcase name="testCityWithOneSeed[932]" classname="net.openhft.hashing.XxHashTest" time="0.0"/>
  <testcase name="testCityWithoutSeeds[933]" classname="net.openhft.hashing.XxHashTest" time="0.0"/>
  <testcase name="testCityWithOneSeed[933]" classname="net.openhft.hashing.XxHashTest" time="0.0"/>
  <testcase name="testCityWithoutSeeds[934]" classname="net.openhft.hashing.XxHashTest" time="0.0"/>
  <testcase name="testCityWithOneSeed[934]" classname="net.openhft.hashing.XxHashTest" time="0.0"/>
  <testcase name="testCityWithoutSeeds[935]" classname="net.openhft.hashing.XxHashTest" time="0.0"/>
  <testcase name="testCityWithOneSeed[935]" classname="net.openhft.hashing.XxHashTest" time="0.0"/>
  <testcase name="testCityWithoutSeeds[936]" classname="net.openhft.hashing.XxHashTest" time="0.0"/>
  <testcase name="testCityWithOneSeed[936]" classname="net.openhft.hashing.XxHashTest" time="0.001"/>
  <testcase name="testCityWithoutSeeds[937]" classname="net.openhft.hashing.XxHashTest" time="0.0"/>
  <testcase name="testCityWithOneSeed[937]" classname="net.openhft.hashing.XxHashTest" time="0.0"/>
  <testcase name="testCityWithoutSeeds[938]" classname="net.openhft.hashing.XxHashTest" time="0.0"/>
  <testcase name="testCityWithOneSeed[938]" classname="net.openhft.hashing.XxHashTest" time="0.0"/>
  <testcase name="testCityWithoutSeeds[939]" classname="net.openhft.hashing.XxHashTest" time="0.0"/>
  <testcase name="testCityWithOneSeed[939]" classname="net.openhft.hashing.XxHashTest" time="0.0"/>
  <testcase name="testCityWithoutSeeds[940]" classname="net.openhft.hashing.XxHashTest" time="0.0"/>
  <testcase name="testCityWithOneSeed[940]" classname="net.openhft.hashing.XxHashTest" time="0.001"/>
  <testcase name="testCityWithoutSeeds[941]" classname="net.openhft.hashing.XxHashTest" time="0.006"/>
  <testcase name="testCityWithOneSeed[941]" classname="net.openhft.hashing.XxHashTest" time="0.001"/>
  <testcase name="testCityWithoutSeeds[942]" classname="net.openhft.hashing.XxHashTest" time="0.0"/>
  <testcase name="testCityWithOneSeed[942]" classname="net.openhft.hashing.XxHashTest" time="0.0"/>
  <testcase name="testCityWithoutSeeds[943]" classname="net.openhft.hashing.XxHashTest" time="0.0"/>
  <testcase name="testCityWithOneSeed[943]" classname="net.openhft.hashing.XxHashTest" time="0.0"/>
  <testcase name="testCityWithoutSeeds[944]" classname="net.openhft.hashing.XxHashTest" time="0.0"/>
  <testcase name="testCityWithOneSeed[944]" classname="net.openhft.hashing.XxHashTest" time="0.001"/>
  <testcase name="testCityWithoutSeeds[945]" classname="net.openhft.hashing.XxHashTest" time="0.0"/>
  <testcase name="testCityWithOneSeed[945]" classname="net.openhft.hashing.XxHashTest" time="0.0"/>
  <testcase name="testCityWithoutSeeds[946]" classname="net.openhft.hashing.XxHashTest" time="0.0"/>
  <testcase name="testCityWithOneSeed[946]" classname="net.openhft.hashing.XxHashTest" time="0.001"/>
  <testcase name="testCityWithoutSeeds[947]" classname="net.openhft.hashing.XxHashTest" time="0.0"/>
  <testcase name="testCityWithOneSeed[947]" classname="net.openhft.hashing.XxHashTest" time="0.0"/>
  <testcase name="testCityWithoutSeeds[948]" classname="net.openhft.hashing.XxHashTest" time="0.0"/>
  <testcase name="testCityWithOneSeed[948]" classname="net.openhft.hashing.XxHashTest" time="0.0"/>
  <testcase name="testCityWithoutSeeds[949]" classname="net.openhft.hashing.XxHashTest" time="0.0"/>
  <testcase name="testCityWithOneSeed[949]" classname="net.openhft.hashing.XxHashTest" time="0.0"/>
  <testcase name="testCityWithoutSeeds[950]" classname="net.openhft.hashing.XxHashTest" time="0.0"/>
  <testcase name="testCityWithOneSeed[950]" classname="net.openhft.hashing.XxHashTest" time="0.0"/>
  <testcase name="testCityWithoutSeeds[951]" classname="net.openhft.hashing.XxHashTest" time="0.0"/>
  <testcase name="testCityWithOneSeed[951]" classname="net.openhft.hashing.XxHashTest" time="0.052"/>
  <testcase name="testCityWithoutSeeds[952]" classname="net.openhft.hashing.XxHashTest" time="0.0"/>
  <testcase name="testCityWithOneSeed[952]" classname="net.openhft.hashing.XxHashTest" time="0.0"/>
  <testcase name="testCityWithoutSeeds[953]" classname="net.openhft.hashing.XxHashTest" time="0.0"/>
  <testcase name="testCityWithOneSeed[953]" classname="net.openhft.hashing.XxHashTest" time="0.0"/>
  <testcase name="testCityWithoutSeeds[954]" classname="net.openhft.hashing.XxHashTest" time="0.0"/>
  <testcase name="testCityWithOneSeed[954]" classname="net.openhft.hashing.XxHashTest" time="0.0"/>
  <testcase name="testCityWithoutSeeds[955]" classname="net.openhft.hashing.XxHashTest" time="0.0"/>
  <testcase name="testCityWithOneSeed[955]" classname="net.openhft.hashing.XxHashTest" time="0.0"/>
  <testcase name="testCityWithoutSeeds[956]" classname="net.openhft.hashing.XxHashTest" time="0.0"/>
  <testcase name="testCityWithOneSeed[956]" classname="net.openhft.hashing.XxHashTest" time="0.0"/>
  <testcase name="testCityWithoutSeeds[957]" classname="net.openhft.hashing.XxHashTest" time="0.0"/>
  <testcase name="testCityWithOneSeed[957]" classname="net.openhft.hashing.XxHashTest" time="0.0"/>
  <testcase name="testCityWithoutSeeds[958]" classname="net.openhft.hashing.XxHashTest" time="0.0"/>
  <testcase name="testCityWithOneSeed[958]" classname="net.openhft.hashing.XxHashTest" time="0.0"/>
  <testcase name="testCityWithoutSeeds[959]" classname="net.openhft.hashing.XxHashTest" time="0.0"/>
  <testcase name="testCityWithOneSeed[959]" classname="net.openhft.hashing.XxHashTest" time="0.0"/>
  <testcase name="testCityWithoutSeeds[960]" classname="net.openhft.hashing.XxHashTest" time="0.0"/>
  <testcase name="testCityWithOneSeed[960]" classname="net.openhft.hashing.XxHashTest" time="0.0"/>
  <testcase name="testCityWithoutSeeds[961]" classname="net.openhft.hashing.XxHashTest" time="0.0"/>
  <testcase name="testCityWithOneSeed[961]" classname="net.openhft.hashing.XxHashTest" time="0.0"/>
  <testcase name="testCityWithoutSeeds[962]" classname="net.openhft.hashing.XxHashTest" time="0.0"/>
  <testcase name="testCityWithOneSeed[962]" classname="net.openhft.hashing.XxHashTest" time="0.0"/>
  <testcase name="testCityWithoutSeeds[963]" classname="net.openhft.hashing.XxHashTest" time="0.0"/>
  <testcase name="testCityWithOneSeed[963]" classname="net.openhft.hashing.XxHashTest" time="0.0"/>
  <testcase name="testCityWithoutSeeds[964]" classname="net.openhft.hashing.XxHashTest" time="0.0"/>
  <testcase name="testCityWithOneSeed[964]" classname="net.openhft.hashing.XxHashTest" time="0.0"/>
  <testcase name="testCityWithoutSeeds[965]" classname="net.openhft.hashing.XxHashTest" time="0.0"/>
  <testcase name="testCityWithOneSeed[965]" classname="net.openhft.hashing.XxHashTest" time="0.0"/>
  <testcase name="testCityWithoutSeeds[966]" classname="net.openhft.hashing.XxHashTest" time="0.0"/>
  <testcase name="testCityWithOneSeed[966]" classname="net.openhft.hashing.XxHashTest" time="0.0"/>
  <testcase name="testCityWithoutSeeds[967]" classname="net.openhft.hashing.XxHashTest" time="0.0"/>
  <testcase name="testCityWithOneSeed[967]" classname="net.openhft.hashing.XxHashTest" time="0.0"/>
  <testcase name="testCityWithoutSeeds[968]" classname="net.openhft.hashing.XxHashTest" time="0.0"/>
  <testcase name="testCityWithOneSeed[968]" classname="net.openhft.hashing.XxHashTest" time="0.0"/>
  <testcase name="testCityWithoutSeeds[969]" classname="net.openhft.hashing.XxHashTest" time="0.0"/>
  <testcase name="testCityWithOneSeed[969]" classname="net.openhft.hashing.XxHashTest" time="0.0"/>
  <testcase name="testCityWithoutSeeds[970]" classname="net.openhft.hashing.XxHashTest" time="0.0"/>
  <testcase name="testCityWithOneSeed[970]" classname="net.openhft.hashing.XxHashTest" time="0.0"/>
  <testcase name="testCityWithoutSeeds[971]" classname="net.openhft.hashing.XxHashTest" time="0.0"/>
  <testcase name="testCityWithOneSeed[971]" classname="net.openhft.hashing.XxHashTest" time="0.0"/>
  <testcase name="testCityWithoutSeeds[972]" classname="net.openhft.hashing.XxHashTest" time="0.0"/>
  <testcase name="testCityWithOneSeed[972]" classname="net.openhft.hashing.XxHashTest" time="0.0"/>
  <testcase name="testCityWithoutSeeds[973]" classname="net.openhft.hashing.XxHashTest" time="0.0"/>
  <testcase name="testCityWithOneSeed[973]" classname="net.openhft.hashing.XxHashTest" time="0.0"/>
  <testcase name="testCityWithoutSeeds[974]" classname="net.openhft.hashing.XxHashTest" time="0.0"/>
  <testcase name="testCityWithOneSeed[974]" classname="net.openhft.hashing.XxHashTest" time="0.0"/>
  <testcase name="testCityWithoutSeeds[975]" classname="net.openhft.hashing.XxHashTest" time="0.0"/>
  <testcase name="testCityWithOneSeed[975]" classname="net.openhft.hashing.XxHashTest" time="0.0"/>
  <testcase name="testCityWithoutSeeds[976]" classname="net.openhft.hashing.XxHashTest" time="0.0"/>
  <testcase name="testCityWithOneSeed[976]" classname="net.openhft.hashing.XxHashTest" time="0.0"/>
  <testcase name="testCityWithoutSeeds[977]" classname="net.openhft.hashing.XxHashTest" time="0.0"/>
  <testcase name="testCityWithOneSeed[977]" classname="net.openhft.hashing.XxHashTest" time="0.0"/>
  <testcase name="testCityWithoutSeeds[978]" classname="net.openhft.hashing.XxHashTest" time="0.0"/>
  <testcase name="testCityWithOneSeed[978]" classname="net.openhft.hashing.XxHashTest" time="0.0"/>
  <testcase name="testCityWithoutSeeds[979]" classname="net.openhft.hashing.XxHashTest" time="0.0"/>
  <testcase name="testCityWithOneSeed[979]" classname="net.openhft.hashing.XxHashTest" time="0.0"/>
  <testcase name="testCityWithoutSeeds[980]" classname="net.openhft.hashing.XxHashTest" time="0.001"/>
  <testcase name="testCityWithOneSeed[980]" classname="net.openhft.hashing.XxHashTest" time="0.0"/>
  <testcase name="testCityWithoutSeeds[981]" classname="net.openhft.hashing.XxHashTest" time="0.0"/>
  <testcase name="testCityWithOneSeed[981]" classname="net.openhft.hashing.XxHashTest" time="0.0"/>
  <testcase name="testCityWithoutSeeds[982]" classname="net.openhft.hashing.XxHashTest" time="0.0"/>
  <testcase name="testCityWithOneSeed[982]" classname="net.openhft.hashing.XxHashTest" time="0.0"/>
  <testcase name="testCityWithoutSeeds[983]" classname="net.openhft.hashing.XxHashTest" time="0.0"/>
  <testcase name="testCityWithOneSeed[983]" classname="net.openhft.hashing.XxHashTest" time="0.0"/>
  <testcase name="testCityWithoutSeeds[984]" classname="net.openhft.hashing.XxHashTest" time="0.0"/>
  <testcase name="testCityWithOneSeed[984]" classname="net.openhft.hashing.XxHashTest" time="0.0"/>
  <testcase name="testCityWithoutSeeds[985]" classname="net.openhft.hashing.XxHashTest" time="0.0"/>
  <testcase name="testCityWithOneSeed[985]" classname="net.openhft.hashing.XxHashTest" time="0.0"/>
  <testcase name="testCityWithoutSeeds[986]" classname="net.openhft.hashing.XxHashTest" time="0.0"/>
  <testcase name="testCityWithOneSeed[986]" classname="net.openhft.hashing.XxHashTest" time="0.0"/>
  <testcase name="testCityWithoutSeeds[987]" classname="net.openhft.hashing.XxHashTest" time="0.0"/>
  <testcase name="testCityWithOneSeed[987]" classname="net.openhft.hashing.XxHashTest" time="0.0"/>
  <testcase name="testCityWithoutSeeds[988]" classname="net.openhft.hashing.XxHashTest" time="0.0"/>
  <testcase name="testCityWithOneSeed[988]" classname="net.openhft.hashing.XxHashTest" time="0.0"/>
  <testcase name="testCityWithoutSeeds[989]" classname="net.openhft.hashing.XxHashTest" time="0.0"/>
  <testcase name="testCityWithOneSeed[989]" classname="net.openhft.hashing.XxHashTest" time="0.0"/>
  <testcase name="testCityWithoutSeeds[990]" classname="net.openhft.hashing.XxHashTest" time="0.0"/>
  <testcase name="testCityWithOneSeed[990]" classname="net.openhft.hashing.XxHashTest" time="0.0"/>
  <testcase name="testCityWithoutSeeds[991]" classname="net.openhft.hashing.XxHashTest" time="0.0"/>
  <testcase name="testCityWithOneSeed[991]" classname="net.openhft.hashing.XxHashTest" time="0.0"/>
  <testcase name="testCityWithoutSeeds[992]" classname="net.openhft.hashing.XxHashTest" time="0.0"/>
  <testcase name="testCityWithOneSeed[992]" classname="net.openhft.hashing.XxHashTest" time="0.0"/>
  <testcase name="testCityWithoutSeeds[993]" classname="net.openhft.hashing.XxHashTest" time="0.0"/>
  <testcase name="testCityWithOneSeed[993]" classname="net.openhft.hashing.XxHashTest" time="0.0"/>
  <testcase name="testCityWithoutSeeds[994]" classname="net.openhft.hashing.XxHashTest" time="0.0"/>
  <testcase name="testCityWithOneSeed[994]" classname="net.openhft.hashing.XxHashTest" time="0.0"/>
  <testcase name="testCityWithoutSeeds[995]" classname="net.openhft.hashing.XxHashTest" time="0.0"/>
  <testcase name="testCityWithOneSeed[995]" classname="net.openhft.hashing.XxHashTest" time="0.0"/>
  <testcase name="testCityWithoutSeeds[996]" classname="net.openhft.hashing.XxHashTest" time="0.0"/>
  <testcase name="testCityWithOneSeed[996]" classname="net.openhft.hashing.XxHashTest" time="0.0"/>
  <testcase name="testCityWithoutSeeds[997]" classname="net.openhft.hashing.XxHashTest" time="0.0"/>
  <testcase name="testCityWithOneSeed[997]" classname="net.openhft.hashing.XxHashTest" time="0.0"/>
  <testcase name="testCityWithoutSeeds[998]" classname="net.openhft.hashing.XxHashTest" time="0.0"/>
  <testcase name="testCityWithOneSeed[998]" classname="net.openhft.hashing.XxHashTest" time="0.001"/>
  <testcase name="testCityWithoutSeeds[999]" classname="net.openhft.hashing.XxHashTest" time="0.0"/>
  <testcase name="testCityWithOneSeed[999]" classname="net.openhft.hashing.XxHashTest" time="0.0"/>
  <testcase name="testCityWithoutSeeds[1000]" classname="net.openhft.hashing.XxHashTest" time="0.0"/>
  <testcase name="testCityWithOneSeed[1000]" classname="net.openhft.hashing.XxHashTest" time="0.0"/>
  <testcase name="testCityWithoutSeeds[1001]" classname="net.openhft.hashing.XxHashTest" time="0.0"/>
  <testcase name="testCityWithOneSeed[1001]" classname="net.openhft.hashing.XxHashTest" time="0.0"/>
  <testcase name="testCityWithoutSeeds[1002]" classname="net.openhft.hashing.XxHashTest" time="0.0"/>
  <testcase name="testCityWithOneSeed[1002]" classname="net.openhft.hashing.XxHashTest" time="0.0"/>
  <testcase name="testCityWithoutSeeds[1003]" classname="net.openhft.hashing.XxHashTest" time="0.0"/>
  <testcase name="testCityWithOneSeed[1003]" classname="net.openhft.hashing.XxHashTest" time="0.0"/>
  <testcase name="testCityWithoutSeeds[1004]" classname="net.openhft.hashing.XxHashTest" time="0.001"/>
  <testcase name="testCityWithOneSeed[1004]" classname="net.openhft.hashing.XxHashTest" time="0.0"/>
  <testcase name="testCityWithoutSeeds[1005]" classname="net.openhft.hashing.XxHashTest" time="0.0"/>
  <testcase name="testCityWithOneSeed[1005]" classname="net.openhft.hashing.XxHashTest" time="0.0"/>
  <testcase name="testCityWithoutSeeds[1006]" classname="net.openhft.hashing.XxHashTest" time="0.0"/>
  <testcase name="testCityWithOneSeed[1006]" classname="net.openhft.hashing.XxHashTest" time="0.0"/>
  <testcase name="testCityWithoutSeeds[1007]" classname="net.openhft.hashing.XxHashTest" time="0.0"/>
  <testcase name="testCityWithOneSeed[1007]" classname="net.openhft.hashing.XxHashTest" time="0.0"/>
  <testcase name="testCityWithoutSeeds[1008]" classname="net.openhft.hashing.XxHashTest" time="0.0"/>
  <testcase name="testCityWithOneSeed[1008]" classname="net.openhft.hashing.XxHashTest" time="0.0"/>
  <testcase name="testCityWithoutSeeds[1009]" classname="net.openhft.hashing.XxHashTest" time="0.0"/>
  <testcase name="testCityWithOneSeed[1009]" classname="net.openhft.hashing.XxHashTest" time="0.0"/>
  <testcase name="testCityWithoutSeeds[1010]" classname="net.openhft.hashing.XxHashTest" time="0.0"/>
  <testcase name="testCityWithOneSeed[1010]" classname="net.openhft.hashing.XxHashTest" time="0.001"/>
  <testcase name="testCityWithoutSeeds[1011]" classname="net.openhft.hashing.XxHashTest" time="0.0"/>
  <testcase name="testCityWithOneSeed[1011]" classname="net.openhft.hashing.XxHashTest" time="0.0"/>
  <testcase name="testCityWithoutSeeds[1012]" classname="net.openhft.hashing.XxHashTest" time="0.0"/>
  <testcase name="testCityWithOneSeed[1012]" classname="net.openhft.hashing.XxHashTest" time="0.0"/>
  <testcase name="testCityWithoutSeeds[1013]" classname="net.openhft.hashing.XxHashTest" time="0.0"/>
  <testcase name="testCityWithOneSeed[1013]" classname="net.openhft.hashing.XxHashTest" time="0.0"/>
  <testcase name="testCityWithoutSeeds[1014]" classname="net.openhft.hashing.XxHashTest" time="0.0"/>
  <testcase name="testCityWithOneSeed[1014]" classname="net.openhft.hashing.XxHashTest" time="0.0"/>
  <testcase name="testCityWithoutSeeds[1015]" classname="net.openhft.hashing.XxHashTest" time="0.0"/>
  <testcase name="testCityWithOneSeed[1015]" classname="net.openhft.hashing.XxHashTest" time="0.0"/>
  <testcase name="testCityWithoutSeeds[1016]" classname="net.openhft.hashing.XxHashTest" time="0.0"/>
  <testcase name="testCityWithOneSeed[1016]" classname="net.openhft.hashing.XxHashTest" time="0.0"/>
  <testcase name="testCityWithoutSeeds[1017]" classname="net.openhft.hashing.XxHashTest" time="0.0"/>
  <testcase name="testCityWithOneSeed[1017]" classname="net.openhft.hashing.XxHashTest" time="0.0"/>
  <testcase name="testCityWithoutSeeds[1018]" classname="net.openhft.hashing.XxHashTest" time="0.0"/>
  <testcase name="testCityWithOneSeed[1018]" classname="net.openhft.hashing.XxHashTest" time="0.0"/>
  <testcase name="testCityWithoutSeeds[1019]" classname="net.openhft.hashing.XxHashTest" time="0.0"/>
  <testcase name="testCityWithOneSeed[1019]" classname="net.openhft.hashing.XxHashTest" time="0.0"/>
  <testcase name="testCityWithoutSeeds[1020]" classname="net.openhft.hashing.XxHashTest" time="0.0"/>
  <testcase name="testCityWithOneSeed[1020]" classname="net.openhft.hashing.XxHashTest" time="0.0"/>
  <testcase name="testCityWithoutSeeds[1021]" classname="net.openhft.hashing.XxHashTest" time="0.0"/>
  <testcase name="testCityWithOneSeed[1021]" classname="net.openhft.hashing.XxHashTest" time="0.0"/>
  <testcase name="testCityWithoutSeeds[1022]" classname="net.openhft.hashing.XxHashTest" time="0.0"/>
  <testcase name="testCityWithOneSeed[1022]" classname="net.openhft.hashing.XxHashTest" time="0.0"/>
  <testcase name="testCityWithoutSeeds[1023]" classname="net.openhft.hashing.XxHashTest" time="0.001"/>
  <testcase name="testCityWithOneSeed[1023]" classname="net.openhft.hashing.XxHashTest" time="0.0"/>
  <testcase name="testCityWithoutSeeds[1024]" classname="net.openhft.hashing.XxHashTest" time="0.001"/>
  <testcase name="testCityWithOneSeed[1024]" classname="net.openhft.hashing.XxHashTest" time="0.0"/>
  <system-out><![CDATA[]]></system-out>
  <system-err><![CDATA[]]></system-err>
</testsuite>
