<?xml version="1.0" encoding="UTF-8"?>
<testsuite name="net.openhft.hashing.MurmurHash3Test" tests="2" skipped="0" failures="0" errors="0" timestamp="2017-09-12T05:30:43" hostname="PEPPER" time="1.267">
  <properties/>
  <testcase name="testMurmurWithSeed" classname="net.openhft.hashing.MurmurHash3Test" time="1.152"/>
  <testcase name="testMurmurWithoutSeed" classname="net.openhft.hashing.MurmurHash3Test" time="0.114"/>
  <system-out><![CDATA[]]></system-out>
  <system-err><![CDATA[]]></system-err>
</testsuite>
