<?xml version="1.0" encoding="UTF-8"?>
<testsuite name="net.openhft.hashing.XxHashCollisionTest" tests="1" skipped="0" failures="0" errors="0" timestamp="2017-09-12T05:30:46" hostname="PEPPER" time="0.0">
  <properties/>
  <testcase name="xxHashCollisionTest" classname="net.openhft.hashing.XxHashCollisionTest" time="0.0"/>
  <system-out><![CDATA[]]></system-out>
  <system-err><![CDATA[]]></system-err>
</testsuite>
